#
# A fatal error has been detected by the Java Runtime Environment:
#
#  EXCEPTION_ACCESS_VIOLATION (0xc0000005) at pc=0x00007ffd52b1409c, pid=17268, tid=4792
#
# JRE version: OpenJDK Runtime Environment Temurin-17.0.14+7 (17.0.14+7) (build 17.0.14+7)
# Java VM: OpenJDK 64-Bit Server VM Temurin-17.0.14+7 (17.0.14+7, mixed mode, sharing, tiered, compressed oops, compressed class ptrs, g1 gc, windows-amd64)
# Problematic frame:
# C  [igxelpicd64.dll+0xd409c]
#
# No core dump will be written. Minidumps are not enabled by default on client versions of Windows
#
# If you would like to submit a bug report, please visit:
#   https://github.com/adoptium/adoptium-support/issues
#

---------------  S U M M A R Y ------------

Command Line: -agentlib:jdwp=transport=dt_socket,address=8525,server=y,suspend=y,quiet=y -Djna.nosys=true -Djava.library.path=;C:\Program Files\Processing\app\resources\core\library;C:\Users\joseb\Documents\Processing\libraries\oscP5\library;C:\Program Files\Processing;C:\Windows\system32;C:\Windows;C:\Program Files\Oculus\Support\oculus-runtime;C:\Program Files\Common Files\Oracle\Java\javapath;C:\Windows\system32;C:\Windows;C:\Windows\System32\Wbem;C:\Windows\System32\WindowsPowerShell\v1.0;C:\Windows\System32\OpenSSH;C:\Program Files (x86)\NVIDIA Corporation\PhysX\Common;C:\Program Files\dotnet;C:\ProgramData\chocolatey\bin;C:\Program Files\NVIDIA Corporation\NVIDIA app\NvDLISR;C:\Program Files\Faust\bin;C:\Program Files (x86)\Heavyocity\Heavyocity Portal;C:\Program Files\Microsoft SQL Server\150\Tools\Binn;C:\Program Files\Microsoft SQL Server\Client SDK\ODBC\170\Tools\Binn;C:\Program Files (x86)\Windows Kits\10\Windows Performance Toolkit;C:\Program Files\Git\cmd;C:\Users\joseb\AppData\Local\Programs\Python\Python312\Scripts;C:\Users\joseb\AppData\Local\Programs\Python\Python312;C:\Users\joseb\AppData\Local\Programs\Python\Launcher;C:\Users\joseb\AppData\Local\Microsoft\WindowsApps;C:\Users\joseb\AppData\Local\Programs\Microsoft VS Code\bin;C:\Users\joseb\AppData\Local\GitHubDesktop\bin;C:\msys64\ucrt64\bin;C:\Program Files\Processing\app;. -ea processing.core.PApplet --editor-location=503,180 --external --display=1 --sketch-path=C:\Users\joseb\Documents\Musica & Sound\Stage\Apo33\concertInteractif concertInteractif

Host: 12th Gen Intel(R) Core(TM) i7-12700H, 20 cores, 31G,  Windows 11 , 64 bit Build 22000 (10.0.22000.2538)
Time: Thu May  8 15:19:01 2025 Paris, Madrid (heure duild 22000 (10.0.22000.2538) elapsed time: 4.755369 seconds (0d 0h 0m 4s)

---------------  T H R E A D  ---------------

Current thread (0x000002e87031eab0):  VMThread "VM Thread" [stack: 0x000000fe8a700000,0x000000fe8a800000] [id=4792]

Stack: [0x000000fe8a700000,0x000000fe8a800000],  sp=0x000000fe8a7fe8f0,  free space=1018k
Native frames: (J=compiled Java code, j=interpreted, Vv=VM code, C=native code)
C  [igxelpicd64.dll+0xd409c]


siginfo: EXCEPTION_ACCESS_VIOLATION (0xc0000005), reading address 0x00000000000356f8


Registers:
RAX=0x000002e88a9b2268, RBX=0x000002e88a9b2040, RCX=0x0000000000000000, RDX=0x0000000000000004
RSP=0x000000fe8a7fe8f0, RBP=0x0000000000000000, RSI=0x000002e88a9b2610, RDI=0x000002e8781c7590
R8 =0x0000000000000014, R9 =0x0000000000000000, R10=0x0000000000000000, R11=0x0000000000000000
R12=0x0000000000000000, R13=0x000002e88a9b8940, R14=0x000000000001af00, R15=0x0000000000000016
RIP=0x00007ffd52b1409c, EFLAGS=0x0000000000010202


Register to memory mapping:

RIP=0x00007ffd52b1409c igxelpicd64.dll
RAX=0x000002e88a9b2268 points into unknown readable memory: 0x000000000001ab20 | 20 ab 01 00 00 00 00 00
RBX=0x000002e88a9b2040 points into unknown readable memory: 0x000002e8767a80e0 | e0 80 7a 76 e8 02 00 00
RCX=0x0 is NULL
RDX=0x0000000000000004 is an unknown value
RSP=0x000000fe8a7fe8f0 points into unknown readable memory: 0x000002e876794c90 | 90 4c 79 76 e8 02 00 00
RBP=0x0 is NULL
RSI=0x000002e88a9b2610 points into unknown readable memory: 0x000002e88a9b8940 | 40 89 9b 8a e8 02 00 00
RDI=0x000002e8781c7590 points into unknown readable memory: 0x0000000000000000 | 00 00 00 00 00 00 00 00
R8 =0x0000000000000014 is an unknown value
R9 =0x0 is NULL
R10=0x0 is NULL
R11=0x0 is NULL
R12=0x0 is NULL
R13=0x000002e88a9b8940 points into unknown readable memory: 0x000002e8767a80e0 | e0 80 7a 76 e8 02 00 00
R14=0x000000000001af00 is an unknown value
R15=0x0000000000000016 is an unknown value


Top of Stack: (sp=0x000000fe8a7fe8f0)
0x000000fe8a7fe8f0:   000002e876794c90 0000000000000000
0x000000fe8a7fe900:   0000000000000000 00007ffe23167c74
0x000000fe8a7fe910:   000002e8785dfe40 00007ffd52a93995
0x000000fe8a7fe920:   00005efcd0c03209 000002e8785dfe40
0x000000fe8a7fe930:   000002e878614cb8 000000000001af22
0x000000fe8a7fe940:   0000000000000000 0000000000000018
0x000000fe8a7fe950:   0000000000000000 0000000000000000
0x000000fe8a7fe960:   000000fe8a7fea70 00007ffd52ae1c8c
0x000000fe8a7fe970:   000002e876794c90 000002e8781c7590
0x000000fe8a7fe980:   000002e878620400 000002e878620400
0x000000fe8a7fe990:   000000fe00000a90 0000740419cc0000
0x000000fe8a7fe9a0:   0000000000000000 000070000037c000
0x000000fe8a7fe9b0:   000002e841870b94 00007ffe23159ee9
0x000000fe8a7fe9c0:   000000fe8a7feb30 000000fe8a7feb38
0x000000fe8a7fe9d0:   000000fe00000000 00007ffd52afea40
0x000000fe8a7fe9e0:   0000000000000000 0000000000000000
0x000000fe8a7fe9f0:   0000000000000000 0000000000000000
0x000000fe8a7fea00:   0000000000000000 0000000000000000
0x000000fe8a7fea10:   00000000000000c0 00007ffd52abe527
0x000000fe8a7fea20:   0000740419cc0000 0000000000000a90
0x000000fe8a7fea30:   0000000000000000 80002d4000000001
0x000000fe8a7fea40:   0000000000000000 0000000000000000
0x000000fe8a7fea50:   0000000000000000 0000000000000000
0x000000fe8a7fea60:   0000000000000000 0000000000000000
0x000000fe8a7fea70:   0000000000000000 0000000000000000
0x000000fe8a7fea80:   0000000000000000 0000000000000000
0x000000fe8a7fea90:   0000000000000000 0000000000000000
0x000000fe8a7feaa0:   0000000000000000 0000000000000000
0x000000fe8a7feab0:   0000000000000000 0000000000000000
0x000000fe8a7feac0:   0000000000000000 0000000000000000
0x000000fe8a7fead0:   0000000000000000 0000000000000000
0x000000fe8a7feae0:   0000000000000000 0000000000000000 

Instructions: (pc=0x00007ffd52b1409c)
0x00007ffd52b13f9c:   ec 40 45 8a e1 48 8b fa 48 8b e9 48 8b 1d d2 9c
0x00007ffd52b13fac:   e5 00 48 89 58 08 48 8b cb ff 15 55 21 9f 00 90
0x00007ffd52b13fbc:   4c 8b af 78 02 00 00 48 8b 05 26 7f d5 00 44 8b
0x00007ffd52b13fcc:   b8 40 0b 00 00 45 33 db 45 8a f3 4c 89 9f 78 02
0x00007ffd52b13fdc:   00 00 44 89 9f 80 02 00 00 4c 89 9f 98 02 00 00
0x00007ffd52b13fec:   4c 89 9f 88 02 00 00 48 85 ed 75 38 8b 35 da 76
0x00007ffd52b13ffc:   e5 00 65 48 8b 04 25 58 00 00 00 b9 14 00 00 00
0x00007ffd52b1400c:   48 8b 04 f0 44 38 1c 01 0f 84 8b 1a 8b 00 65 48
0x00007ffd52b1401c:   8b 04 25 58 00 00 00 bd 20 00 00 00 48 8b 04 f0
0x00007ffd52b1402c:   48 8b 2c 28 48 3b 2d c9 9b e5 00 45 0f 44 fb 4d
0x00007ffd52b1403c:   85 ed 0f 84 21 01 00 00 44 8a a4 24 90 00 00 00
0x00007ffd52b1404c:   49 8b dd 49 8d b5 d0 05 00 00 4c 8b 2e 45 84 e4
0x00007ffd52b1405c:   0f 85 2a 03 00 00 8b 97 c8 01 00 00 48 8b 05 81
0x00007ffd52b1406c:   7e d5 00 83 b8 78 03 00 00 02 75 31 83 fa 10 0f
0x00007ffd52b1407c:   83 17 01 00 00 48 8d 04 d5 21 00 00 00 48 03 c2
0x00007ffd52b1408c:   48 8d 04 c3 48 85 c0 0f 85 2e 01 00 00 49 8b cb
0x00007ffd52b1409c:   48 3b 8d f8 56 03 00 0f 87 f3 02 00 00 4c 39 9b
0x00007ffd52b140ac:   48 06 00 00 0f 85 2f 1a 8b 00 44 8b 97 c8 01 00
0x00007ffd52b140bc:   00 48 8b 87 e0 01 00 00 4c 8b 08 8b 97 c8 01 00
0x00007ffd52b140cc:   00 83 fa 10 0f 83 03 01 00 00 48 8d 04 d5 21 00
0x00007ffd52b140dc:   00 00 48 03 c2 48 8d 04 c3 48 85 c0 0f 85 e2 00
0x00007ffd52b140ec:   00 00 49 8b cb 49 3b c9 0f 86 0e 01 00 00 48 8b
0x00007ffd52b140fc:   87 78 02 00 00 48 89 06 48 89 9f 78 02 00 00 ff
0x00007ffd52b1410c:   87 80 02 00 00 48 8b 43 08 48 8b 88 18 01 00 00
0x00007ffd52b1411c:   48 81 e1 00 00 ff ff 48 81 c1 00 00 01 00 48 01
0x00007ffd52b1412c:   8f 88 02 00 00 48 8b 43 08 48 8b 88 18 01 00 00
0x00007ffd52b1413c:   48 01 8f 98 02 00 00 4d 85 ed 0f 85 00 ff ff ff
0x00007ffd52b1414c:   45 84 f6 44 8a a4 24 98 00 00 00 0f 85 82 03 00
0x00007ffd52b1415c:   00 48 8b 9c 24 80 00 00 00 48 8b cf 45 84 e4 0f
0x00007ffd52b1416c:   85 8a 03 00 00 e8 fa f9 ff ff 90 48 8b cb 48 8b
0x00007ffd52b1417c:   9c 24 88 00 00 00 48 83 c4 40 41 5f 41 5e 41 5d
0x00007ffd52b1418c:   41 5c 5f 5e 5d 48 ff 25 80 1f 9f 00 8d 4a f0 8b 


Stack slot to memory mapping:
stack at sp + 0 slots: 0x000002e876794c90 points into unknown readable memory: 0xffffffffffffffff | ff ff ff ff ff ff ff ff
stack at sp + 1 slots: 0x0 is NULL
stack at sp + 2 slots: 0x0 is NULL
stack at sp + 3 slots: 0x00007ffe23167c74 ntdll.dll
stack at sp + 4 slots: 0x000002e8785dfe40 points into unknown readable memory: 0x000002e8778c8f80 | 80 8f 8c 77 e8 02 00 00
stack at sp + 5 slots: 0x00007ffd52a93995 igxelpicd64.dll
stack at sp + 6 slots: 0x00005efcd0c03209 is an unknown value
stack at sp + 7 slots: 0x000002e8785dfe40 points into unknown readable memory: 0x000002e8778c8f80 | 80 8f 8c 77 e8 02 00 00

VM_Operation (0x000000fe8d2fe810): Exit, mode: safepoint, requested by thread 0x000002e8766f3de0


---------------  P R O C E S S  ---------------

Threads class SMR info:
_java_thread_list=0x000002e876722730, length=21, elements={
0x000002e870324150, 0x000002e870325fe0, 0x000002e870340350, 0x000002e870340d10,
0x000002e8703456e0, 0x000002e8703472d0, 0x000002e8703548c0, 0x000002e8713f1fc0,
0x000002e870354ff0, 0x000002e871509640, 0x000002e87153e9f0, 0x000002e8715469c0,
0x000002e87154dc80, 0x000002e87610d3f0, 0x000002e8765c0dc0, 0x000002e878040510,
0x000002e8766f3de0, 0x000002e8766f29a0, 0x000002e8766f4800, 0x000002e8856b6660,
0x000002e8766f33c0
}

Java Threads: ( => current thread )
  0x000002e870324150 JavaThread "Reference Handler" daemon [_thread_blocked, id=4060, stack(0x000000fe8a800000,0x000000fe8a900000)]
  0x000002e870325fe0 JavaThread "Finalizer" daemon [_thread_blocked, id=19444, stack(0x000000fe8a900000,0x000000fe8aa00000)]
  0x000002e870340350 JavaThread "Signal Dispatcher" daemon [_thread_blocked, id=11500, stack(0x000000fe8aa00000,0x000000fe8ab00000)]
  0x000002e870340d10 JavaThread "Attach Listener" daemon [_thread_blocked, id=10616, stack(0x000000fe8ab00000,0x000000fe8ac00000)]
  0x000002e8703456e0 JavaThread "Service Thread" daemon [_thread_blocked, id=15920, stack(0x000000fe8ac00000,0x000000fe8ad00000)]
  0x000002e8703472d0 JavaThread "Monitor Deflation Thread" daemon [_thread_blocked, id=22416, stack(0x000000fe8ad00000,0x000000fe8ae00000)]
  0x000002e8703548c0 JavaThread "C2 CompilerThread0" daemon [_thread_blocked, id=10708, stack(0x000000fe8ae00000,0x000000fe8af00000)]
  0x000002e8713f1fc0 JavaThread "C1 CompilerThread0" daemon [_thread_blocked, id=20788, stack(0x000000fe8af00000,0x000000fe8b000000)]
  0x000002e870354ff0 JavaThread "Sweeper thread" daemon [_thread_blocked, id=9948, stack(0x000000fe8b000000,0x000000fe8b100000)]
  0x000002e871509640 JavaThread "C1 CompilerThread1" daemon [_thread_blocked, id=12300, stack(0x000000fe8b100000,0x000000fe8b200000)]
  0x000002e87153e9f0 JavaThread "JDWP Event Helper Thread" daemon [_thread_blocked, id=3852, stack(0x000000fe8b300000,0x000000fe8b400000)]
  0x000002e8715469c0 JavaThread "Notification Thread" daemon [_thread_blocked, id=1164, stack(0x000000fe8b500000,0x000000fe8b600000)]
  0x000002e87154dc80 JavaThread "Common-Cleaner" daemon [_thread_blocked, id=19208, stack(0x000000fe8b700000,0x000000fe8b800000)]
  0x000002e87610d3f0 JavaThread "Java2D Disposer" daemon [_thread_blocked, id=11788, stack(0x000000fe8b800000,0x000000fe8b900000)]
  0x000002e8765c0dc0 JavaThread "C1 CompilerThread2" daemon [_thread_blocked, id=7972, stack(0x000000fe8bb00000,0x000000fe8bc00000)]
  0x000002e878040510 JavaThread "HighResTimerThread" daemon [_thread_blocked, id=21008, stack(0x000000fe8d000000,0x000000fe8d100000)]
  0x000002e8766f3de0 JavaThread "main-FPSAWTAnimator#00-Timer0" [_thread_blocked, id=8700, stack(0x000000fe8d200000,0x000000fe8d300000)]
  0x000002e8766f29a0 JavaThread "DestroyJavaVM" [_thread_blocked, id=10564, stack(0x000000fe8a100000,0x000000fe8a200000)]
  0x000002e8766f4800 JavaThread "Thread-4" [_thread_in_native, id=8936, stack(0x000000fe8b900000,0x000000fe8ba00000)]
  0x000002e8856b6660 JavaThread "C1 CompilerThread3" daemon [_thread_blocked, id=2392, stack(0x000000fe8d400000,0x000000fe8d500000)]
  0x000002e8766f33c0 JavaThread "AWT-Shutdown" [_thread_blocked, id=3576, stack(0x000000fe8d900000,0x000000fe8da00000)]

Other Threads:
=>0x000002e87031eab0 VMThread "VM Thread" [stack: 0x000000fe8a700000,0x000000fe8a800000] [id=4792]
  0x000002e843d9b260 GCTaskThread "GC Thread#0" [stack: 0x000000fe8a200000,0x000000fe8a300000] [id=16828]
  0x000002e877ca23a0 GCTaskThread "GC Thread#1" [stack: 0x000000fe8c200000,0x000000fe8c300000] [id=2660]
  0x000002e877ca2660 GCTaskThread "GC Thread#2" [stack: 0x000000fe8c300000,0x000000fe8c400000] [id=3308]
  0x000002e877ca2920 GCTaskThread "GC Thread#3" [stack: 0x000000fe8c400000,0x000000fe8c500000] [id=6312]
  0x000002e877ca2be0 GCTaskThread "GC Thread#4" [stack: 0x000000fe8c500000,0x000000fe8c600000] [id=18124]
  0x000002e877ca2ea0 GCTaskThread "GC Thread#5" [stack: 0x000000fe8c600000,0x000000fe8c700000] [id=13788]
  0x000002e877ca3160 GCTaskThread "GC Thread#6" [stack: 0x000000fe8c700000,0x000000fe8c800000] [id=17248]
  0x000002e877ca3420 GCTaskThread "GC Thread#7" [stack: 0x000000fe8c800000,0x000000fe8c900000] [id=17452]
  0x000002e877ca56f0 GCTaskThread "GC Thread#8" [stack: 0x000000fe8c900000,0x000000fe8ca00000] [id=10640]
  0x000002e877ca59b0 GCTaskThread "GC Thread#9" [stack: 0x000000fe8ca00000,0x000000fe8cb00000] [id=12356]
  0x000002e877ca5c70 GCTaskThread "GC Thread#10" [stack: 0x000000fe8cb00000,0x000000fe8cc00000] [id=20244]
  0x000002e877ca9f40 GCTaskThread "GC Thread#11" [stack: 0x000000fe8cc00000,0x000000fe8cd00000] [id=9032]
  0x000002e877d22640 GCTaskThread "GC Thread#12" [stack: 0x000000fe8cd00000,0x000000fe8ce00000] [id=11460]
  0x000002e88540b030 GCTaskThread "GC Thread#13" [stack: 0x000000fe8d500000,0x000000fe8d600000] [id=15412]
  0x000002e88540ad70 GCTaskThread "GC Thread#14" [stack: 0x000000fe8d600000,0x000000fe8d700000] [id=11568]
  0x000002e843dacf80 ConcurrentGCThread "G1 Main Marker" terminated
  0x000002e843dad9a0 ConcurrentGCThread "G1 Conc#0" [stack: 0x000000fe8a400000,0x000000fe8a500000] [id=10944]
  0x000002e87025a9d0 ConcurrentGCThread "G1 Refine#0" terminated
  0x000002e87025b400 ConcurrentGCThread "G1 Service" terminated

Threads with active compile tasks:

VM state: at safepoint (shutting down)

VM Mutex/Monitor currently owned by a thread:  ([mutex/lock_event])
[0x000002e843ce8600] Threads_lock - owner thread: 0x000002e87031eab0
[0x000002e843ce79a0] Heap_lock - owner thread: 0x000002e8766f3de0

Heap address: 0x0000000604800000, size: 8120 MB, Compressed Oops mode: Zero based, Oop shift amount: 3

CDS archive(s) mapped at: [0x000002e800000000-0x000002e800bb0000-0x000002e800bb0000), size 12255232, SharedBaseAddress: 0x000002e800000000, ArchiveRelocationMode: 1.
Compressed class space mapped at: 0x000002e801000000-0x000002e841000000, reserved size: 1073741824
Narrow klass base: 0x000002e800000000, Narrow klass shift: 0, Narrow klass range: 0x100000000

GC Precious Log:
 CPUs: 20 total, 20 available
 Memory: 32468M
 Large Page Support: Disabled
 NUMA Support: Disabled
 Compressed Oops: Enabled (Zero based)
 Heap Region Size: 4M
 Heap Min Capacity: 8M
 Heap Initial Capacity: 508M
 Heap Max Capacity: 8120M
 Pre-touch: Disabled
 Parallel Workers: 15
 Concurrent Workers: 4
 Concurrent Refinement Workers: 15
 Periodic GC: Disabled

Heap:
 garbage-first heap   total 520192K, used 23086K [0x0000000604800000, 0x0000000800000000)
  region size 4096K, 7 young (28672K), 2 survivors (8192K)
 Metaspace       used 15323K, committed 15488K, reserved 1114112K
  class space    used 1116K, committed 1216K, reserved 1048576K

Heap Regions: E=young(eden), S=young(survivor), O=old, HS=humongous(starts), HC=humongous(continues), CS=collection set, F=free, OA=open archive, CA=closed archive, TAMS=top-at-mark-start (previous, next)
|   0|0x0000000604800000, 0x0000000604800000, 0x0000000604c00000|  0%| F|  |TAMS 0x0000000604800000, 0x0000000604800000| Untracked 
|   1|0x0000000604c00000, 0x0000000604c00000, 0x0000000605000000|  0%| F|  |TAMS 0x0000000604c00000, 0x0000000604c00000| Untracked 
|   2|0x0000000605000000, 0x0000000605000000, 0x0000000605400000|  0%| F|  |TAMS 0x0000000605000000, 0x0000000605000000| Untracked 
|   3|0x0000000605400000, 0x0000000605400000, 0x0000000605800000|  0%| F|  |TAMS 0x0000000605400000, 0x0000000605400000| Untracked 
|   4|0x0000000605800000, 0x0000000605800000, 0x0000000605c00000|  0%| F|  |TAMS 0x0000000605800000, 0x0000000605800000| Untracked 
|   5|0x0000000605c00000, 0x0000000605c00000, 0x0000000606000000|  0%| F|  |TAMS 0x0000000605c00000, 0x0000000605c00000| Untracked 
|   6|0x0000000606000000, 0x0000000606000000, 0x0000000606400000|  0%| F|  |TAMS 0x0000000606000000, 0x0000000606000000| Untracked 
|   7|0x0000000606400000, 0x0000000606400000, 0x0000000606800000|  0%| F|  |TAMS 0x0000000606400000, 0x0000000606400000| Untracked 
|   8|0x0000000606800000, 0x0000000606800000, 0x0000000606c00000|  0%| F|  |TAMS 0x0000000606800000, 0x0000000606800000| Untracked 
|   9|0x0000000606c00000, 0x0000000606c00000, 0x0000000607000000|  0%| F|  |TAMS 0x0000000606c00000, 0x0000000606c00000| Untracked 
|  10|0x0000000607000000, 0x0000000607000000, 0x0000000607400000|  0%| F|  |TAMS 0x0000000607000000, 0x0000000607000000| Untracked 
|  11|0x0000000607400000, 0x0000000607400000, 0x0000000607800000|  0%| F|  |TAMS 0x0000000607400000, 0x0000000607400000| Untracked 
|  12|0x0000000607800000, 0x0000000607800000, 0x0000000607c00000|  0%| F|  |TAMS 0x0000000607800000, 0x0000000607800000| Untracked 
|  13|0x0000000607c00000, 0x0000000607c00000, 0x0000000608000000|  0%| F|  |TAMS 0x0000000607c00000, 0x0000000607c00000| Untracked 
|  14|0x0000000608000000, 0x0000000608000000, 0x0000000608400000|  0%| F|  |TAMS 0x0000000608000000, 0x0000000608000000| Untracked 
|  15|0x0000000608400000, 0x0000000608400000, 0x0000000608800000|  0%| F|  |TAMS 0x0000000608400000, 0x0000000608400000| Untracked 
|  16|0x0000000608800000, 0x0000000608800000, 0x0000000608c00000|  0%| F|  |TAMS 0x0000000608800000, 0x0000000608800000| Untracked 
|  17|0x0000000608c00000, 0x0000000608c00000, 0x0000000609000000|  0%| F|  |TAMS 0x0000000608c00000, 0x0000000608c00000| Untracked 
|  18|0x0000000609000000, 0x0000000609000000, 0x0000000609400000|  0%| F|  |TAMS 0x0000000609000000, 0x0000000609000000| Untracked 
|  19|0x0000000609400000, 0x0000000609400000, 0x0000000609800000|  0%| F|  |TAMS 0x0000000609400000, 0x0000000609400000| Untracked 
|  20|0x0000000609800000, 0x0000000609800000, 0x0000000609c00000|  0%| F|  |TAMS 0x0000000609800000, 0x0000000609800000| Untracked 
|  21|0x0000000609c00000, 0x0000000609c00000, 0x000000060a000000|  0%| F|  |TAMS 0x0000000609c00000, 0x0000000609c00000| Untracked 
|  22|0x000000060a000000, 0x000000060a000000, 0x000000060a400000|  0%| F|  |TAMS 0x000000060a000000, 0x000000060a000000| Untracked 
|  23|0x000000060a400000, 0x000000060a400000, 0x000000060a800000|  0%| F|  |TAMS 0x000000060a400000, 0x000000060a400000| Untracked 
|  24|0x000000060a800000, 0x000000060a800000, 0x000000060ac00000|  0%| F|  |TAMS 0x000000060a800000, 0x000000060a800000| Untracked 
|  25|0x000000060ac00000, 0x000000060ac00000, 0x000000060b000000|  0%| F|  |TAMS 0x000000060ac00000, 0x000000060ac00000| Untracked 
|  26|0x000000060b000000, 0x000000060b000000, 0x000000060b400000|  0%| F|  |TAMS 0x000000060b000000, 0x000000060b000000| Untracked 
|  27|0x000000060b400000, 0x000000060b400000, 0x000000060b800000|  0%| F|  |TAMS 0x000000060b400000, 0x000000060b400000| Untracked 
|  28|0x000000060b800000, 0x000000060b800000, 0x000000060bc00000|  0%| F|  |TAMS 0x000000060b800000, 0x000000060b800000| Untracked 
|  29|0x000000060bc00000, 0x000000060bc00000, 0x000000060c000000|  0%| F|  |TAMS 0x000000060bc00000, 0x000000060bc00000| Untracked 
|  30|0x000000060c000000, 0x000000060c000000, 0x000000060c400000|  0%| F|  |TAMS 0x000000060c000000, 0x000000060c000000| Untracked 
|  31|0x000000060c400000, 0x000000060c400000, 0x000000060c800000|  0%| F|  |TAMS 0x000000060c400000, 0x000000060c400000| Untracked 
|  32|0x000000060c800000, 0x000000060c800000, 0x000000060cc00000|  0%| F|  |TAMS 0x000000060c800000, 0x000000060c800000| Untracked 
|  33|0x000000060cc00000, 0x000000060cc00000, 0x000000060d000000|  0%| F|  |TAMS 0x000000060cc00000, 0x000000060cc00000| Untracked 
|  34|0x000000060d000000, 0x000000060d000000, 0x000000060d400000|  0%| F|  |TAMS 0x000000060d000000, 0x000000060d000000| Untracked 
|  35|0x000000060d400000, 0x000000060d400000, 0x000000060d800000|  0%| F|  |TAMS 0x000000060d400000, 0x000000060d400000| Untracked 
|  36|0x000000060d800000, 0x000000060d800000, 0x000000060dc00000|  0%| F|  |TAMS 0x000000060d800000, 0x000000060d800000| Untracked 
|  37|0x000000060dc00000, 0x000000060dc00000, 0x000000060e000000|  0%| F|  |TAMS 0x000000060dc00000, 0x000000060dc00000| Untracked 
|  38|0x000000060e000000, 0x000000060e000000, 0x000000060e400000|  0%| F|  |TAMS 0x000000060e000000, 0x000000060e000000| Untracked 
|  39|0x000000060e400000, 0x000000060e400000, 0x000000060e800000|  0%| F|  |TAMS 0x000000060e400000, 0x000000060e400000| Untracked 
|  40|0x000000060e800000, 0x000000060e800000, 0x000000060ec00000|  0%| F|  |TAMS 0x000000060e800000, 0x000000060e800000| Untracked 
|  41|0x000000060ec00000, 0x000000060ec00000, 0x000000060f000000|  0%| F|  |TAMS 0x000000060ec00000, 0x000000060ec00000| Untracked 
|  42|0x000000060f000000, 0x000000060f000000, 0x000000060f400000|  0%| F|  |TAMS 0x000000060f000000, 0x000000060f000000| Untracked 
|  43|0x000000060f400000, 0x000000060f400000, 0x000000060f800000|  0%| F|  |TAMS 0x000000060f400000, 0x000000060f400000| Untracked 
|  44|0x000000060f800000, 0x000000060f800000, 0x000000060fc00000|  0%| F|  |TAMS 0x000000060f800000, 0x000000060f800000| Untracked 
|  45|0x000000060fc00000, 0x000000060fc00000, 0x0000000610000000|  0%| F|  |TAMS 0x000000060fc00000, 0x000000060fc00000| Untracked 
|  46|0x0000000610000000, 0x0000000610000000, 0x0000000610400000|  0%| F|  |TAMS 0x0000000610000000, 0x0000000610000000| Untracked 
|  47|0x0000000610400000, 0x0000000610400000, 0x0000000610800000|  0%| F|  |TAMS 0x0000000610400000, 0x0000000610400000| Untracked 
|  48|0x0000000610800000, 0x0000000610800000, 0x0000000610c00000|  0%| F|  |TAMS 0x0000000610800000, 0x0000000610800000| Untracked 
|  49|0x0000000610c00000, 0x0000000610c00000, 0x0000000611000000|  0%| F|  |TAMS 0x0000000610c00000, 0x0000000610c00000| Untracked 
|  50|0x0000000611000000, 0x0000000611000000, 0x0000000611400000|  0%| F|  |TAMS 0x0000000611000000, 0x0000000611000000| Untracked 
|  51|0x0000000611400000, 0x0000000611400000, 0x0000000611800000|  0%| F|  |TAMS 0x0000000611400000, 0x0000000611400000| Untracked 
|  52|0x0000000611800000, 0x0000000611800000, 0x0000000611c00000|  0%| F|  |TAMS 0x0000000611800000, 0x0000000611800000| Untracked 
|  53|0x0000000611c00000, 0x0000000611c00000, 0x0000000612000000|  0%| F|  |TAMS 0x0000000611c00000, 0x0000000611c00000| Untracked 
|  54|0x0000000612000000, 0x0000000612000000, 0x0000000612400000|  0%| F|  |TAMS 0x0000000612000000, 0x0000000612000000| Untracked 
|  55|0x0000000612400000, 0x0000000612400000, 0x0000000612800000|  0%| F|  |TAMS 0x0000000612400000, 0x0000000612400000| Untracked 
|  56|0x0000000612800000, 0x0000000612800000, 0x0000000612c00000|  0%| F|  |TAMS 0x0000000612800000, 0x0000000612800000| Untracked 
|  57|0x0000000612c00000, 0x0000000612c00000, 0x0000000613000000|  0%| F|  |TAMS 0x0000000612c00000, 0x0000000612c00000| Untracked 
|  58|0x0000000613000000, 0x0000000613000000, 0x0000000613400000|  0%| F|  |TAMS 0x0000000613000000, 0x0000000613000000| Untracked 
|  59|0x0000000613400000, 0x0000000613400000, 0x0000000613800000|  0%| F|  |TAMS 0x0000000613400000, 0x0000000613400000| Untracked 
|  60|0x0000000613800000, 0x0000000613800000, 0x0000000613c00000|  0%| F|  |TAMS 0x0000000613800000, 0x0000000613800000| Untracked 
|  61|0x0000000613c00000, 0x0000000613c00000, 0x0000000614000000|  0%| F|  |TAMS 0x0000000613c00000, 0x0000000613c00000| Untracked 
|  62|0x0000000614000000, 0x0000000614000000, 0x0000000614400000|  0%| F|  |TAMS 0x0000000614000000, 0x0000000614000000| Untracked 
|  63|0x0000000614400000, 0x0000000614400000, 0x0000000614800000|  0%| F|  |TAMS 0x0000000614400000, 0x0000000614400000| Untracked 
|  64|0x0000000614800000, 0x0000000614800000, 0x0000000614c00000|  0%| F|  |TAMS 0x0000000614800000, 0x0000000614800000| Untracked 
|  65|0x0000000614c00000, 0x0000000614c00000, 0x0000000615000000|  0%| F|  |TAMS 0x0000000614c00000, 0x0000000614c00000| Untracked 
|  66|0x0000000615000000, 0x0000000615000000, 0x0000000615400000|  0%| F|  |TAMS 0x0000000615000000, 0x0000000615000000| Untracked 
|  67|0x0000000615400000, 0x0000000615400000, 0x0000000615800000|  0%| F|  |TAMS 0x0000000615400000, 0x0000000615400000| Untracked 
|  68|0x0000000615800000, 0x0000000615800000, 0x0000000615c00000|  0%| F|  |TAMS 0x0000000615800000, 0x0000000615800000| Untracked 
|  69|0x0000000615c00000, 0x0000000615c00000, 0x0000000616000000|  0%| F|  |TAMS 0x0000000615c00000, 0x0000000615c00000| Untracked 
|  70|0x0000000616000000, 0x0000000616000000, 0x0000000616400000|  0%| F|  |TAMS 0x0000000616000000, 0x0000000616000000| Untracked 
|  71|0x0000000616400000, 0x0000000616400000, 0x0000000616800000|  0%| F|  |TAMS 0x0000000616400000, 0x0000000616400000| Untracked 
|  72|0x0000000616800000, 0x0000000616800000, 0x0000000616c00000|  0%| F|  |TAMS 0x0000000616800000, 0x0000000616800000| Untracked 
|  73|0x0000000616c00000, 0x0000000616c00000, 0x0000000617000000|  0%| F|  |TAMS 0x0000000616c00000, 0x0000000616c00000| Untracked 
|  74|0x0000000617000000, 0x0000000617000000, 0x0000000617400000|  0%| F|  |TAMS 0x0000000617000000, 0x0000000617000000| Untracked 
|  75|0x0000000617400000, 0x0000000617400000, 0x0000000617800000|  0%| F|  |TAMS 0x0000000617400000, 0x0000000617400000| Untracked 
|  76|0x0000000617800000, 0x0000000617800000, 0x0000000617c00000|  0%| F|  |TAMS 0x0000000617800000, 0x0000000617800000| Untracked 
|  77|0x0000000617c00000, 0x0000000617c00000, 0x0000000618000000|  0%| F|  |TAMS 0x0000000617c00000, 0x0000000617c00000| Untracked 
|  78|0x0000000618000000, 0x0000000618000000, 0x0000000618400000|  0%| F|  |TAMS 0x0000000618000000, 0x0000000618000000| Untracked 
|  79|0x0000000618400000, 0x0000000618400000, 0x0000000618800000|  0%| F|  |TAMS 0x0000000618400000, 0x0000000618400000| Untracked 
|  80|0x0000000618800000, 0x0000000618800000, 0x0000000618c00000|  0%| F|  |TAMS 0x0000000618800000, 0x0000000618800000| Untracked 
|  81|0x0000000618c00000, 0x0000000618c00000, 0x0000000619000000|  0%| F|  |TAMS 0x0000000618c00000, 0x0000000618c00000| Untracked 
|  82|0x0000000619000000, 0x0000000619000000, 0x0000000619400000|  0%| F|  |TAMS 0x0000000619000000, 0x0000000619000000| Untracked 
|  83|0x0000000619400000, 0x0000000619400000, 0x0000000619800000|  0%| F|  |TAMS 0x0000000619400000, 0x0000000619400000| Untracked 
|  84|0x0000000619800000, 0x0000000619800000, 0x0000000619c00000|  0%| F|  |TAMS 0x0000000619800000, 0x0000000619800000| Untracked 
|  85|0x0000000619c00000, 0x0000000619c00000, 0x000000061a000000|  0%| F|  |TAMS 0x0000000619c00000, 0x0000000619c00000| Untracked 
|  86|0x000000061a000000, 0x000000061a000000, 0x000000061a400000|  0%| F|  |TAMS 0x000000061a000000, 0x000000061a000000| Untracked 
|  87|0x000000061a400000, 0x000000061a400000, 0x000000061a800000|  0%| F|  |TAMS 0x000000061a400000, 0x000000061a400000| Untracked 
|  88|0x000000061a800000, 0x000000061a800000, 0x000000061ac00000|  0%| F|  |TAMS 0x000000061a800000, 0x000000061a800000| Untracked 
|  89|0x000000061ac00000, 0x000000061ac00000, 0x000000061b000000|  0%| F|  |TAMS 0x000000061ac00000, 0x000000061ac00000| Untracked 
|  90|0x000000061b000000, 0x000000061b000000, 0x000000061b400000|  0%| F|  |TAMS 0x000000061b000000, 0x000000061b000000| Untracked 
|  91|0x000000061b400000, 0x000000061b400000, 0x000000061b800000|  0%| F|  |TAMS 0x000000061b400000, 0x000000061b400000| Untracked 
|  92|0x000000061b800000, 0x000000061b800000, 0x000000061bc00000|  0%| F|  |TAMS 0x000000061b800000, 0x000000061b800000| Untracked 
|  93|0x000000061bc00000, 0x000000061bc00000, 0x000000061c000000|  0%| F|  |TAMS 0x000000061bc00000, 0x000000061bc00000| Untracked 
|  94|0x000000061c000000, 0x000000061c000000, 0x000000061c400000|  0%| F|  |TAMS 0x000000061c000000, 0x000000061c000000| Untracked 
|  95|0x000000061c400000, 0x000000061c400000, 0x000000061c800000|  0%| F|  |TAMS 0x000000061c400000, 0x000000061c400000| Untracked 
|  96|0x000000061c800000, 0x000000061c800000, 0x000000061cc00000|  0%| F|  |TAMS 0x000000061c800000, 0x000000061c800000| Untracked 
|  97|0x000000061cc00000, 0x000000061cc00000, 0x000000061d000000|  0%| F|  |TAMS 0x000000061cc00000, 0x000000061cc00000| Untracked 
|  98|0x000000061d000000, 0x000000061d000000, 0x000000061d400000|  0%| F|  |TAMS 0x000000061d000000, 0x000000061d000000| Untracked 
|  99|0x000000061d400000, 0x000000061d400000, 0x000000061d800000|  0%| F|  |TAMS 0x000000061d400000, 0x000000061d400000| Untracked 
| 100|0x000000061d800000, 0x000000061d800000, 0x000000061dc00000|  0%| F|  |TAMS 0x000000061d800000, 0x000000061d800000| Untracked 
| 101|0x000000061dc00000, 0x000000061dc00000, 0x000000061e000000|  0%| F|  |TAMS 0x000000061dc00000, 0x000000061dc00000| Untracked 
| 102|0x000000061e000000, 0x000000061e000000, 0x000000061e400000|  0%| F|  |TAMS 0x000000061e000000, 0x000000061e000000| Untracked 
| 103|0x000000061e400000, 0x000000061e400000, 0x000000061e800000|  0%| F|  |TAMS 0x000000061e400000, 0x000000061e400000| Untracked 
| 104|0x000000061e800000, 0x000000061e800000, 0x000000061ec00000|  0%| F|  |TAMS 0x000000061e800000, 0x000000061e800000| Untracked 
| 105|0x000000061ec00000, 0x000000061ec00000, 0x000000061f000000|  0%| F|  |TAMS 0x000000061ec00000, 0x000000061ec00000| Untracked 
| 106|0x000000061f000000, 0x000000061f000000, 0x000000061f400000|  0%| F|  |TAMS 0x000000061f000000, 0x000000061f000000| Untracked 
| 107|0x000000061f400000, 0x000000061f400000, 0x000000061f800000|  0%| F|  |TAMS 0x000000061f400000, 0x000000061f400000| Untracked 
| 108|0x000000061f800000, 0x000000061f800000, 0x000000061fc00000|  0%| F|  |TAMS 0x000000061f800000, 0x000000061f800000| Untracked 
| 109|0x000000061fc00000, 0x000000061fc00000, 0x0000000620000000|  0%| F|  |TAMS 0x000000061fc00000, 0x000000061fc00000| Untracked 
| 110|0x0000000620000000, 0x0000000620000000, 0x0000000620400000|  0%| F|  |TAMS 0x0000000620000000, 0x0000000620000000| Untracked 
| 111|0x0000000620400000, 0x0000000620400000, 0x0000000620800000|  0%| F|  |TAMS 0x0000000620400000, 0x0000000620400000| Untracked 
| 112|0x0000000620800000, 0x0000000620800000, 0x0000000620c00000|  0%| F|  |TAMS 0x0000000620800000, 0x0000000620800000| Untracked 
| 113|0x0000000620c00000, 0x0000000620c00000, 0x0000000621000000|  0%| F|  |TAMS 0x0000000620c00000, 0x0000000620c00000| Untracked 
| 114|0x0000000621000000, 0x000000062128ba80, 0x0000000621400000| 63%| S|CS|TAMS 0x0000000621000000, 0x0000000621000000| Complete 
| 115|0x0000000621400000, 0x0000000621800000, 0x0000000621800000|100%| S|CS|TAMS 0x0000000621400000, 0x0000000621400000| Complete 
| 116|0x0000000621800000, 0x0000000621800000, 0x0000000621c00000|  0%| F|  |TAMS 0x0000000621800000, 0x0000000621800000| Untracked 
| 117|0x0000000621c00000, 0x0000000621c00000, 0x0000000622000000|  0%| F|  |TAMS 0x0000000621c00000, 0x0000000621c00000| Untracked 
| 118|0x0000000622000000, 0x0000000622000000, 0x0000000622400000|  0%| F|  |TAMS 0x0000000622000000, 0x0000000622000000| Untracked 
| 119|0x0000000622400000, 0x0000000622400000, 0x0000000622800000|  0%| F|  |TAMS 0x0000000622400000, 0x0000000622400000| Untracked 
| 120|0x0000000622800000, 0x0000000622800000, 0x0000000622c00000|  0%| F|  |TAMS 0x0000000622800000, 0x0000000622800000| Untracked 
| 121|0x0000000622c00000, 0x0000000622c00000, 0x0000000623000000|  0%| F|  |TAMS 0x0000000622c00000, 0x0000000622c00000| Untracked 
| 122|0x0000000623000000, 0x0000000623400000, 0x0000000623400000|100%| E|  |TAMS 0x0000000623000000, 0x0000000623000000| Complete 
| 123|0x0000000623400000, 0x0000000623800000, 0x0000000623800000|100%| E|CS|TAMS 0x0000000623400000, 0x0000000623400000| Complete 
| 124|0x0000000623800000, 0x0000000623c00000, 0x0000000623c00000|100%| E|CS|TAMS 0x0000000623800000, 0x0000000623800000| Complete 
| 125|0x0000000623c00000, 0x0000000624000000, 0x0000000624000000|100%| E|CS|TAMS 0x0000000623c00000, 0x0000000623c00000| Complete 
| 126|0x0000000624000000, 0x0000000624400000, 0x0000000624400000|100%| E|CS|TAMS 0x0000000624000000, 0x0000000624000000| Complete 

Card table byte_map: [0x000002e85c2d0000,0x000002e85d2b0000] _byte_map_base: 0x000002e8592ac000

Marking Bits (Prev, Next): (CMBitMap*) 0x000002e843d9c890, (CMBitMap*) 0x000002e843d9c8d0
 Prev Bits: [0x000002e85e290000, 0x000002e866170000)
 Next Bits: [0x000002e866170000, 0x000002e86e050000)

Polling page: 0x000002e841990000

Metaspace:

Usage:
  Non-class:     13.87 MB used.
      Class:      1.09 MB used.
       Both:     14.96 MB used.

Virtual space:
  Non-class space:       64.00 MB reserved,      13.94 MB ( 22%) committed,  1 nodes.
      Class space:        1.00 GB reserved,       1.19 MB ( <1%) committed,  1 nodes.
             Both:        1.06 GB reserved,      15.12 MB (  1%) committed. 

Chunk freelists:
   Non-Class:  1.81 MB
       Class:  14.85 MB
        Both:  16.67 MB

MaxMetaspaceSize: unlimited
CompressedClassSpaceSize: 1.00 GB
Initial GC threshold: 21.00 MB
Current GC threshold: 21.00 MB
CDS: on
MetaspaceReclaimPolicy: balanced
 - commit_granule_bytes: 65536.
 - commit_granule_words: 8192.
 - virtual_space_node_default_size: 8388608.
 - enlarge_chunks_in_place: 1.
 - new_chunks_are_fully_committed: 0.
 - uncommit_free_chunks: 1.
 - use_allocation_guard: 0.
 - handle_deallocations: 1.


Internal statistics:

num_allocs_failed_limit: 0.
num_arena_births: 130.
num_arena_deaths: 0.
num_vsnodes_births: 2.
num_vsnodes_deaths: 0.
num_space_committed: 238.
num_space_uncommitted: 0.
num_chunks_returned_to_freelist: 0.
num_chunks_taken_from_freelist: 438.
num_chunk_merges: 0.
num_chunk_splits: 339.
num_chunks_enlarged: 267.
num_inconsistent_stats: 0.

CodeHeap 'non-profiled nmethods': size=119168Kb used=976Kb max_used=976Kb free=118192Kb
 bounds [0x000002e8533d0000, 0x000002e853640000, 0x000002e85a830000]
CodeHeap 'profiled nmethods': size=119104Kb used=4756Kb max_used=4756Kb free=114347Kb
 bounds [0x000002e84b830000, 0x000002e84bce0000, 0x000002e852c80000]
CodeHeap 'non-nmethods': size=7488Kb used=3348Kb max_used=3401Kb free=4139Kb
 bounds [0x000002e852c80000, 0x000002e852fe0000, 0x000002e8533d0000]
 total_blobs=3361 nmethods=2347 adapters=924
 compilation: enabled
              stopped_count=0, restarted_count=0
 full_count=0

Compilation events (20 events):
Event: 4.199 Thread 0x000002e871509640 2338       3       jogamp.opengl.glu.tessellator.Mesh::__gl_meshDeleteMesh (87 bytes)
Event: 4.200 Thread 0x000002e871509640 nmethod 2338 0x000002e84bccdb10 code [0x000002e84bccdce0, 0x000002e84bcce018]
Event: 4.232 Thread 0x000002e871509640 2339       3       jogamp.opengl.glu.tessellator.GLUtessellatorImpl::flushCache (61 bytes)
Event: 4.232 Thread 0x000002e871509640 nmethod 2339 0x000002e84bcce290 code [0x000002e84bcce460, 0x000002e84bcce7d8]
Event: 4.249 Thread 0x000002e871509640 2340       3       jogamp.opengl.glu.tessellator.Normal::CheckOrientation (198 bytes)
Event: 4.250 Thread 0x000002e871509640 nmethod 2340 0x000002e84bcce990 code [0x000002e84bcceb80, 0x000002e84bccf098]
Event: 4.266 Thread 0x000002e871509640 2341       3       jogamp.opengl.glu.tessellator.Render::__gl_renderMesh (119 bytes)
Event: 4.266 Thread 0x000002e871509640 nmethod 2341 0x000002e84bccf410 code [0x000002e84bccf600, 0x000002e84bccfb48]
Event: 4.282 Thread 0x000002e871509640 2342       3       jogamp.opengl.glu.tessellator.TessMono::__gl_meshTessellateMonoRegion (565 bytes)
Event: 4.283 Thread 0x000002e871509640 nmethod 2342 0x000002e84bccfd90 code [0x000002e84bcd0180, 0x000002e84bcd1878]
Event: 4.315 Thread 0x000002e871509640 2343       3       java.nio.DirectIntBufferU::order (19 bytes)
Event: 4.315 Thread 0x000002e871509640 nmethod 2343 0x000002e84bcd2610 code [0x000002e84bcd27a0, 0x000002e84bcd2938]
Event: 4.316 Thread 0x000002e8765c0dc0 2344       3       processing.opengl.PGL::bindTexture (98 bytes)
Event: 4.316 Thread 0x000002e871509640 2345       3       processing.opengl.PJOGL::bindTextureImpl (12 bytes)
Event: 4.316 Thread 0x000002e8713f1fc0 2346       3       jogamp.opengl.gl4.GL4bcImpl::glBindTexture (45 bytes)
Event: 4.316 Thread 0x000002e871509640 nmethod 2345 0x000002e84bcd2a10 code [0x000002e84bcd2bc0, 0x000002e84bcd2dc8]
Event: 4.316 Thread 0x000002e8765c0dc0 nmethod 2344 0x000002e84bcd2e90 code [0x000002e84bcd30e0, 0x000002e84bcd39d8]
Event: 4.316 Thread 0x000002e8713f1fc0 nmethod 2346 0x000002e84bcd3d90 code [0x000002e84bcd4020, 0x000002e84bcd4c08]
Event: 4.346 Thread 0x000002e8713f1fc0 2347       3       java.util.concurrent.atomic.AtomicLong::addAndGet (14 bytes)
Event: 4.347 Thread 0x000002e8713f1fc0 nmethod 2347 0x000002e84bcd5010 code [0x000002e84bcd51a0, 0x000002e84bcd52b8]

GC Heap History (4 events):
Event: 0.798 GC heap before
{Heap before GC invocations=0 (full 0):
 garbage-first heap   total 520192K, used 20480K [0x0000000604800000, 0x0000000800000000)
  region size 4096K, 6 young (24576K), 0 survivors (0K)
 Metaspace       used 10990K, committed 11200K, reserved 1114112K
  class space    used 748K, committed 832K, reserved 1048576K
}
Event: 0.805 GC heap after
{Heap after GC invocations=1 (full 0):
 garbage-first heap   total 520192K, used 2892K [0x0000000604800000, 0x0000000800000000)
  region size 4096K, 1 young (4096K), 1 survivors (4096K)
 Metaspace       used 10990K, committed 11200K, reserved 1114112K
  class space    used 748K, committed 832K, reserved 1048576K
}
Event: 3.081 GC heap before
{Heap before GC invocations=1 (full 0):
 garbage-first heap   total 520192K, used 43852K [0x0000000604800000, 0x0000000800000000)
  region size 4096K, 11 young (45056K), 1 survivors (4096K)
 Metaspace       used 15127K, committed 15360K, reserved 1114112K
  class space    used 1111K, committed 1216K, reserved 1048576K
}
Event: 3.085 GC heap after
{Heap after GC invocations=2 (full 0):
 garbage-first heap   total 520192K, used 6702K [0x0000000604800000, 0x0000000800000000)
  region size 4096K, 2 young (8192K), 2 survivors (8192K)
 Metaspace       used 15127K, committed 15360K, reserved 1114112K
  class space    used 1111K, committed 1216K, reserved 1048576K
}

Dll operation events (18 events):
Event: 0.005 Loaded shared library C:\Program Files\Processing\app\resources\jdk-17.0.14+7\bin\java.dll
Event: 0.019 Loaded shared library C:\Program Files\Processing\app\resources\jdk-17.0.14+7\bin\jsvml.dll
Event: 0.156 Loaded shared library C:\Program Files\Processing\app\resources\jdk-17.0.14+7\bin\net.dll
Event: 0.156 Loaded shared library C:\Program Files\Processing\app\resources\jdk-17.0.14+7\bin\nio.dll
Event: 0.158 Loaded shared library C:\Program Files\Processing\app\resources\jdk-17.0.14+7\bin\zip.dll
Event: 0.195 Loaded shared library C:\Program Files\Processing\app\resources\jdk-17.0.14+7\bin\jimage.dll
Event: 0.197 Loaded shared library C:\Program Files\Processing\app\resources\jdk-17.0.14+7\bin\awt.dll
Event: 0.440 Loaded shared library C:\Users\joseb\AppData\Local\Temp\jogamp_0000\file_cache\jln1853372503607005401\jln17117618838138519572\natives\windows-amd64\gluegen_rt.dll
Event: 0.446 Loaded shared library C:\Program Files\Processing\app\resources\jdk-17.0.14+7\bin\jawt.dll
Event: 0.455 Loaded shared library C:\Users\joseb\AppData\Local\Temp\jogamp_0000\file_cache\jln1853372503607005401\jln17117618838138519572\natives\windows-amd64\nativewindow_awt.dll
Event: 0.476 Loaded shared library C:\Users\joseb\AppData\Local\Temp\jogamp_0000\file_cache\jln1853372503607005401\jln17117618838138519572\natives\windows-amd64\nativewindow_win32.dll
Event: 0.547 Loaded shared library C:\Users\joseb\AppData\Local\Temp\jogamp_0000\file_cache\jln1853372503607005401\jln17117618838138519572\natives\windows-amd64\jogl_desktop.dll
Event: 0.616 Loaded shared library C:\Users\joseb\AppData\Local\Temp\jogamp_0000\file_cache\jln1853372503607005401\jln17117618838138519572\natives\windows-amd64\jogl_mobile.dll
Event: 1.099 Loaded shared library C:\Users\joseb\AppData\Local\Temp\jogamp_0000\file_cache\jln1853372503607005401\jln17117618838138519572\natives\windows-amd64\newt_head.dll
Event: 1.241 Loaded shared library C:\Program Files\Processing\app\resources\jdk-17.0.14+7\bin\freetype.dll
Event: 1.241 Loaded shared library C:\Program Files\Processing\app\resources\jdk-17.0.14+7\bin\fontmanager.dll
Event: 1.380 Loaded shared library C:\Program Files\Processing\app\resources\jdk-17.0.14+7\bin\verify.dll
Event: 1.404 Loaded shared library C:\Program Files\Processing\app\resources\jdk-17.0.14+7\bin\extnet.dll

Deoptimization events (20 events):
Event: 2.532 Thread 0x000002e8766f3de0 DEOPT PACKING pc=0x000002e8534768cc sp=0x000000fe8d2fe400
Event: 2.532 Thread 0x000002e8766f3de0 DEOPT UNPACKING pc=0x000002e852cd69a3 sp=0x000000fe8d2fe390 mode 2
Event: 2.532 Thread 0x000002e8766f3de0 Uncommon trap: trap_request=0xffffffbe fr.pc=0x000002e8534768cc relative=0x0000000000000fec
Event: 2.532 Thread 0x000002e8766f3de0 Uncommon trap: reason=profile_predicate action=maybe_recompile pc=0x000002e8534768cc method=java.util.regex.Pattern$BnM.optimize(Ljava/util/regex/Pattern$Node;)Ljava/util/regex/Pattern$Node; @ 67 c2
Event: 2.532 Thread 0x000002e8766f3de0 DEOPT PACKING pc=0x000002e8534768cc sp=0x000000fe8d2fe400
Event: 2.532 Thread 0x000002e8766f3de0 DEOPT UNPACKING pc=0x000002e852cd69a3 sp=0x000000fe8d2fe390 mode 2
Event: 2.533 Thread 0x000002e8766f3de0 Uncommon trap: trap_request=0xffffffbe fr.pc=0x000002e8534768cc relative=0x0000000000000fec
Event: 2.533 Thread 0x000002e8766f3de0 Uncommon trap: reason=profile_predicate action=maybe_recompile pc=0x000002e8534768cc method=java.util.regex.Pattern$BnM.optimize(Ljava/util/regex/Pattern$Node;)Ljava/util/regex/Pattern$Node; @ 67 c2
Event: 2.533 Thread 0x000002e8766f3de0 DEOPT PACKING pc=0x000002e8534768cc sp=0x000000fe8d2fe400
Event: 2.533 Thread 0x000002e8766f3de0 DEOPT UNPACKING pc=0x000002e852cd69a3 sp=0x000000fe8d2fe390 mode 2
Event: 2.533 Thread 0x000002e8766f3de0 Uncommon trap: trap_request=0xffffffbe fr.pc=0x000002e8534768cc relative=0x0000000000000fec
Event: 2.533 Thread 0x000002e8766f3de0 Uncommon trap: reason=profile_predicate action=maybe_recompile pc=0x000002e8534768cc method=java.util.regex.Pattern$BnM.optimize(Ljava/util/regex/Pattern$Node;)Ljava/util/regex/Pattern$Node; @ 67 c2
Event: 2.534 Thread 0x000002e8766f3de0 DEOPT PACKING pc=0x000002e8534768cc sp=0x000000fe8d2fe400
Event: 2.534 Thread 0x000002e8766f3de0 DEOPT UNPACKING pc=0x000002e852cd69a3 sp=0x000000fe8d2fe390 mode 2
Event: 4.182 Thread 0x000002e8766f3de0 DEOPT PACKING pc=0x000002e84bc72825 sp=0x000000fe8d2fe320
Event: 4.182 Thread 0x000002e8766f3de0 DEOPT UNPACKING pc=0x000002e852cd7143 sp=0x000000fe8d2fd880 mode 0
Event: 4.339 Thread 0x000002e8778c8450 Uncommon trap: trap_request=0xffffff45 fr.pc=0x000002e85348ee80 relative=0x0000000000000200
Event: 4.339 Thread 0x000002e8778c8450 Uncommon trap: reason=unstable_if action=reinterpret pc=0x000002e85348ee80 method=java.util.HashMap$HashIterator.<init>(Ljava/util/HashMap;)V @ 38 c2
Event: 4.339 Thread 0x000002e8778c8450 DEOPT PACKING pc=0x000002e85348ee80 sp=0x000000fe8c0ff2e0
Event: 4.339 Thread 0x000002e8778c8450 DEOPT UNPACKING pc=0x000002e852cd69a3 sp=0x000000fe8c0ff288 mode 2

Classes loaded (20 events):
Event: 2.427 Loading class sun/font/SunFontManager$8
Event: 2.427 Loading class sun/font/SunFontManager$8 done
Event: 2.427 Loading class sun/font/CMap$CMapFormat12
Event: 2.427 Loading class sun/font/CMap$CMapFormat12 done
Event: 2.429 Loading class java/util/NoSuchElementException
Event: 2.429 Loading class java/util/NoSuchElementException done
Event: 2.470 Loading class java/util/regex/Pattern$LookBehindEndNode
Event: 2.470 Loading class java/util/regex/Pattern$LookBehindEndNode done
Event: 2.470 Loading class java/util/regex/Pattern$NotBehind
Event: 2.470 Loading class java/util/regex/Pattern$NotBehind done
Event: 2.470 Loading class java/util/regex/Pattern$Neg
Event: 2.470 Loading class java/util/regex/Pattern$Neg done
Event: 2.470 Loading class java/util/regex/Pattern$Pos
Event: 2.470 Loading class java/util/regex/Pattern$Pos done
Event: 2.474 Loading class java/util/regex/Pattern$SliceS
Event: 2.474 Loading class java/util/regex/Pattern$SliceS done
Event: 4.317 Loading class sun/font/SunFontManager$8$1
Event: 4.317 Loading class sun/font/SunFontManager$8$1 done
Event: 4.318 Loading class java/nio/channels/ClosedChannelException
Event: 4.318 Loading class java/nio/channels/ClosedChannelException done

Classes unloaded (0 events):
No events

Classes redefined (0 events):
No events

Internal exceptions (20 events):
Event: 0.191 Thread 0x000002e841a9e960 Exception <a 'java/lang/ClassNotFoundException'{0x0000000623c7c4c8}: sun/awt/resources/spi/awtProvider> (0x0000000623c7c4c8) 
thrown [s\src\hotspot\share\classfile\systemDictionary.cpp, line 256]
Event: 0.203 Thread 0x000002e841a9e960 Exception <a 'java/io/FileNotFoundException'{0x0000000623d4cd98}> (0x0000000623d4cd98) 
thrown [s\src\hotspot\share\prims\jni.cpp, line 516]
Event: 0.207 Thread 0x000002e841a9e960 Exception <a 'java/io/FileNotFoundException'{0x0000000623d79ce8}> (0x0000000623d79ce8) 
thrown [s\src\hotspot\share\prims\jni.cpp, line 516]
Event: 0.232 Thread 0x000002e841a9e960 Exception <a 'java/lang/NoSuchMethodError'{0x0000000623e2a458}: 'java.lang.Object java.lang.invoke.DirectMethodHandle$Holder.invokeStaticInit(java.lang.Object)'> (0x0000000623e2a458) 
thrown [s\src\hotspot\share\interpreter\linkResolver.cpp, line 759]
Event: 0.332 Thread 0x000002e841a9e960 Exception <a 'java/lang/NoSuchMethodError'{0x0000000623a2a530}: 'java.lang.Object java.lang.invoke.DirectMethodHandle$Holder.invokeStaticInit(java.lang.Object, int, int, int, int)'> (0x0000000623a2a530) 
thrown [s\src\hotspot\share\interpreter\linkResolver.cpp, line 759]
Event: 0.358 Thread 0x000002e841a9e960 Exception <a 'java/lang/NoSuchMethodError'{0x0000000623b1a8c8}: 'java.lang.Object java.lang.invoke.DirectMethodHandle$Holder.invokeStaticInit(java.lang.Object, java.lang.Object, int, int, int, int)'> (0x0000000623b1a8c8) 
thrown [s\src\hotspot\share\interpreter\linkResolver.cpp, line 759]
Event: 0.378 Thread 0x000002e841a9e960 Exception <a 'java/lang/NoSuchMethodError'{0x0000000623b26018}: 'void java.lang.invoke.DirectMethodHandle$Holder.invokeStatic(java.lang.Object, long)'> (0x0000000623b26018) 
thrown [s\src\hotspot\share\interpreter\linkResolver.cpp, line 759]
Event: 0.378 Thread 0x000002e841a9e960 Exception <a 'java/lang/NoSuchMethodError'{0x0000000623b2b5f8}: 'java.lang.Object java.lang.invoke.DirectMethodHandle$Holder.newInvokeSpecial(java.lang.Object, long)'> (0x0000000623b2b5f8) 
thrown [s\src\hotspot\share\interpreter\linkResolver.cpp, line 759]
Event: 0.379 Thread 0x000002e841a9e960 Exception <a 'java/lang/NoSuchMethodError'{0x0000000623b35e90}: 'java.lang.Object java.lang.invoke.DirectMethodHandle$Holder.invokeStaticInit(java.lang.Object, java.lang.Object, long, java.lang.Object)'> (0x0000000623b35e90) 
thrown [s\src\hotspot\share\interpreter\linkResolver.cpp, line 759]
Event: 0.379 Thread 0x000002e841a9e960 Exception <a 'java/lang/NoSuchMethodError'{0x0000000623b3c450}: 'java.lang.Object java.lang.invoke.DirectMethodHandle$Holder.newInvokeSpecial(java.lang.Object, java.lang.Object, long)'> (0x0000000623b3c450) 
thrown [s\src\hotspot\share\interpreter\linkResolver.cpp, line 759]
Event: 0.380 Thread 0x000002e841a9e960 Exception <a 'java/lang/NoSuchMethodError'{0x0000000623b3ffc0}: 'java.lang.Object java.lang.invoke.Invokers$Holder.linkToTargetMethod(java.lang.Object, long, java.lang.Object)'> (0x0000000623b3ffc0) 
thrown [s\src\hotspot\share\interpreter\linkResolver.cpp, line 759]
Event: 0.462 Thread 0x000002e841a9e960 Exception <a 'java/lang/NoSuchMethodError'{0x00000006234b2ba8}: 'java.lang.Object java.lang.invoke.DirectMethodHandle$Holder.invokeInterface(java.lang.Object, java.lang.Object)'> (0x00000006234b2ba8) 
thrown [s\src\hotspot\share\interpreter\linkResolver.cpp, line 759]
Event: 0.462 Thread 0x000002e841a9e960 Exception <a 'java/lang/IncompatibleClassChangeError'{0x00000006234b64c8}: Found class java.lang.Object, but interface was expected> (0x00000006234b64c8) 
thrown [s\src\hotspot\share\interpreter\linkResolver.cpp, line 826]
Event: 1.164 Thread 0x000002e841a9e960 Exception <a 'java/lang/NoSuchMethodError'{0x00000006237dca48}: 'void java.lang.invoke.DirectMethodHandle$Holder.invokeSpecial(java.lang.Object, java.lang.Object, java.lang.Object, java.lang.Object, java.lang.Object)'> (0x00000006237dca48) 
thrown [s\src\hotspot\share\interpreter\linkResolver.cpp, line 759]
Event: 1.164 Thread 0x000002e841a9e960 Exception <a 'java/lang/NoSuchMethodError'{0x00000006237e59d8}: 'void java.lang.invoke.DirectMethodHandle$Holder.invokeSpecial(java.lang.Object, java.lang.Object, java.lang.Object)'> (0x00000006237e59d8) 
thrown [s\src\hotspot\share\interpreter\linkResolver.cpp, line 759]
Event: 1.165 Thread 0x000002e841a9e960 Exception <a 'java/lang/NoSuchMethodError'{0x00000006237ebd08}: 'void java.lang.invoke.DirectMethodHandle$Holder.invokeSpecial(java.lang.Object, java.lang.Object, int)'> (0x00000006237ebd08) 
thrown [s\src\hotspot\share\interpreter\linkResolver.cpp, line 759]
Event: 1.165 Thread 0x000002e841a9e960 Exception <a 'java/lang/NoSuchMethodError'{0x00000006237f1d20}: 'java.lang.Object java.lang.invoke.DirectMethodHandle$Holder.newInvokeSpecial(java.lang.Object, java.lang.Object, int)'> (0x00000006237f1d20) 
thrown [s\src\hotspot\share\interpreter\linkResolver.cpp, line 759]
Event: 2.412 Thread 0x000002e8766f4800 Implicit null exception at 0x000002e85344ecdd to 0x000002e85344ed90
Event: 2.412 Thread 0x000002e8766f4800 Implicit null exception at 0x000002e85344f9f1 to 0x000002e85344fa70
Event: 4.316 Thread 0x000002e8766f33c0 Exception <a 'java/lang/InterruptedException'{0x0000000623600000}> (0x0000000623600000) 
thrown [s\src\hotspot\share\runtime\objectMonitor.cpp, line 1658]

VM Operations (20 events):
Event: 1.258 Executing VM operation: HandshakeAllThreads done
Event: 1.348 Executing VM operation: HandshakeAllThreads
Event: 1.348 Executing VM operation: HandshakeAllThreads done
Event: 1.375 Executing VM operation: ICBufferFull
Event: 1.375 Executing VM operation: ICBufferFull done
Event: 1.376 Executing VM operation: HandshakeAllThreads
Event: 1.376 Executing VM operation: HandshakeAllThreads done
Event: 1.376 Executing VM operation: HandshakeAllThreads
Event: 1.376 Executing VM operation: HandshakeAllThreads done
Event: 1.386 Executing VM operation: HandshakeAllThreads
Event: 1.386 Executing VM operation: HandshakeAllThreads done
Event: 1.402 Executing VM operation: HandshakeAllThreads
Event: 1.402 Executing VM operation: HandshakeAllThreads done
Event: 1.402 Executing VM operation: HandshakeAllThreads
Event: 1.402 Executing VM operation: HandshakeAllThreads done
Event: 2.402 Executing VM operation: Cleanup
Event: 2.402 Executing VM operation: Cleanup done
Event: 3.081 Executing VM operation: G1CollectForAllocation
Event: 3.085 Executing VM operation: G1CollectForAllocation done
Event: 4.420 Executing VM operation: Exit

Memory protections (0 events):
No events

Nmethod flushes (0 events):
No events

Events (20 events):
Event: 3.086 Thread 0x000002e886009490 Thread exited: 0x000002e886009490
Event: 3.153 Thread 0x000002e886008f70 Thread exited: 0x000002e886008f70
Event: 3.757 Thread 0x000002e8703548c0 Thread added: 0x000002e885d75410
Event: 4.018 Thread 0x000002e885d75410 Thread exited: 0x000002e885d75410
Event: 4.316 Thread 0x000002e8766f3de0 Thread added: 0x000002e8766f1560
Event: 4.316 Thread 0x000002e8766f3de0 Thread added: 0x000002e8766f1a70
Event: 4.317 Thread 0x000002e8766f33c0 Thread exited: 0x000002e8766f33c0
Event: 4.317 Thread 0x000002e8766f3de0 Thread added: 0x000002e8766f1f80
Event: 4.317 Thread 0x000002e8766f3de0 Thread added: 0x000002e8766f2eb0
Event: 4.317 Thread 0x000002e876182040 Thread added: 0x000002e8766f33c0
Event: 4.318 Thread 0x000002e877fcc020 Thread exited: 0x000002e877fcc020
Event: 4.318 Thread 0x000002e8766f1a70 Thread exited: 0x000002e8766f1a70
Event: 4.318 Thread 0x000002e8766f1f80 Thread exited: 0x000002e8766f1f80
Event: 4.324 Thread 0x000002e876182040 Thread exited: 0x000002e876182040
Event: 4.344 Thread 0x000002e8778c8450 Thread exited: 0x000002e8778c8450
Event: 4.347 Thread 0x000002e8766f2eb0 Thread exited: 0x000002e8766f2eb0
Event: 4.419 Thread 0x000002e8766f1560 Thread exited: 0x000002e8766f1560
Event: 4.419 Thread 0x000002e8766f3de0 Before exit entered
Event: 4.420 Thread 0x000002e8715428c0 Thread exited: 0x000002e8715428c0
Event: 4.420 Thread 0x000002e87152aed0 Thread exited: 0x000002e87152aed0


Dynamic libraries:
0x00007ff69f210000 - 0x00007ff69f21e000 	C:\Program Files\Processing\app\resources\jdk-17.0.14+7\bin\java.exe
0x00007ffe230c0000 - 0x00007ffe232c9000 	C:\Windows\SYSTEM32\ntdll.dll
0x00007ffe22550000 - 0x00007ffe2260d000 	C:\Windows\System32\KERNEL32.DLL
0x00007ffe20a90000 - 0x00007ffe20e14000 	C:\Windows\System32\KERNELBASE.dll
0x00007ffe20670000 - 0x00007ffe20781000 	C:\Windows\System32\ucrtbase.dll
0x00007ffe04900000 - 0x00007ffe04917000 	C:\Program Files\Processing\app\resources\jdk-17.0.14+7\bin\jli.dll
0x00007ffe048e0000 - 0x00007ffe048fe000 	C:\Program Files\Processing\app\resources\jdk-17.0.14+7\bin\VCRUNTIME140.dll
0x00007ffe22cb0000 - 0x00007ffe22e5d000 	C:\Windows\System32\USER32.dll
0x00007ffe20790000 - 0x00007ffe207b6000 	C:\Windows\System32\win32u.dll
0x00007ffe22b90000 - 0x00007ffe22bba000 	C:\Windows\System32\GDI32.dll
0x00007ffe07de0000 - 0x00007ffe08085000 	C:\Windows\WinSxS\amd64_microsoft.windows.common-controls_6595b64144ccf1df_6.0.22000.120_none_9d947278b86cc467\COMCTL32.dll
0x00007ffe20550000 - 0x00007ffe2066e000 	C:\Windows\System32\gdi32full.dll
0x00007ffe209f0000 - 0x00007ffe20a8d000 	C:\Windows\System32\msvcp_win.dll
0x00007ffe22c00000 - 0x00007ffe22ca3000 	C:\Windows\System32\msvcrt.dll
0x00007ffe21f30000 - 0x00007ffe21f61000 	C:\Windows\System32\IMM32.DLL
0x00007ffe07100000 - 0x00007ffe0710c000 	C:\Program Files\Processing\app\resources\jdk-17.0.14+7\bin\vcruntime140_1.dll
0x00007ffdb96e0000 - 0x00007ffdb976d000 	C:\Program Files\Processing\app\resources\jdk-17.0.14+7\bin\msvcp140.dll
0x00007ffd53a30000 - 0x00007ffd5469b000 	C:\Program Files\Processing\app\resources\jdk-17.0.14+7\bin\server\jvm.dll
0x00007ffe222f0000 - 0x00007ffe2239e000 	C:\Windows\System32\ADVAPI32.dll
0x00007ffe216c0000 - 0x00007ffe2175e000 	C:\Windows\System32\sechost.dll
0x00007ffe22900000 - 0x00007ffe22a21000 	C:\Windows\System32\RPCRT4.dll
0x00007ffe22e60000 - 0x00007ffe22ecf000 	C:\Windows\System32\WS2_32.dll
0x00007ffe1eeb0000 - 0x00007ffe1eefd000 	C:\Windows\SYSTEM32\POWRPROF.dll
0x00007ffe162d0000 - 0x00007ffe16303000 	C:\Windows\SYSTEM32\WINMM.dll
0x00007ffe15480000 - 0x00007ffe1548a000 	C:\Windows\SYSTEM32\VERSION.dll
0x00007ffe1efa0000 - 0x00007ffe1efb3000 	C:\Windows\SYSTEM32\UMPDC.dll
0x00007ffe1f6b0000 - 0x00007ffe1f6c8000 	C:\Windows\SYSTEM32\kernel.appcore.dll
0x00007ffe048d0000 - 0x00007ffe048da000 	C:\Program Files\Processing\app\resources\jdk-17.0.14+7\bin\jimage.dll
0x00007ffe1dc30000 - 0x00007ffe1de51000 	C:\Windows\SYSTEM32\DBGHELP.DLL
0x00007ffe137c0000 - 0x00007ffe137f1000 	C:\Windows\SYSTEM32\dbgcore.DLL
0x00007ffe20e90000 - 0x00007ffe20f0f000 	C:\Windows\System32\bcryptPrimitives.dll
0x00007ffe014b0000 - 0x00007ffe014eb000 	C:\Program Files\Processing\app\resources\jdk-17.0.14+7\bin\jdwp.dll
0x00007ffe04760000 - 0x00007ffe04785000 	C:\Program Files\Processing\app\resources\jdk-17.0.14+7\bin\java.dll
0x00007ffd7e740000 - 0x00007ffd7e817000 	C:\Program Files\Processing\app\resources\jdk-17.0.14+7\bin\jsvml.dll
0x00007ffe21760000 - 0x00007ffe21f25000 	C:\Windows\System32\SHELL32.dll
0x00007ffe1e630000 - 0x00007ffe1ee92000 	C:\Windows\SYSTEM32\windows.storage.dll
0x00007ffe21f70000 - 0x00007ffe222e6000 	C:\Windows\System32\combase.dll
0x00007ffe1e4c0000 - 0x00007ffe1e627000 	C:\Windows\SYSTEM32\wintypes.dll
0x00007ffe22aa0000 - 0x00007ffe22b8a000 	C:\Windows\System32\SHCORE.dll
0x00007ffe21480000 - 0x00007ffe214dd000 	C:\Windows\System32\shlwapi.dll
0x00007ffe20480000 - 0x00007ffe204a5000 	C:\Windows\SYSTEM32\profapi.dll
0x00007ffe044a0000 - 0x00007ffe044ac000 	C:\Program Files\Processing\app\resources\jdk-17.0.14+7\bin\dt_socket.dll
0x00007ffe1f150000 - 0x00007ffe1f17d000 	C:\Windows\SYSTEM32\IPHLPAPI.DLL
0x00007ffe1fb60000 - 0x00007ffe1fbc7000 	C:\Windows\system32\mswsock.dll
0x00007ffe04480000 - 0x00007ffe04499000 	C:\Program Files\Processing\app\resources\jdk-17.0.14+7\bin\net.dll
0x00007ffe17fc0000 - 0x00007ffe180d4000 	C:\Windows\SYSTEM32\WINHTTP.dll
0x00007ffe02920000 - 0x00007ffe02936000 	C:\Program Files\Processing\app\resources\jdk-17.0.14+7\bin\nio.dll
0x00007ffe01c70000 - 0x00007ffe01c88000 	C:\Program Files\Processing\app\resources\jdk-17.0.14+7\bin\zip.dll
0x00007ffd7e0a0000 - 0x00007ffd7e230000 	C:\Program Files\Processing\app\resources\jdk-17.0.14+7\bin\awt.dll
0x00007ffe22ed0000 - 0x00007ffe22fa6000 	C:\Windows\System32\OLEAUT32.dll
0x00007ffe195b0000 - 0x00007ffe19642000 	C:\Windows\SYSTEM32\apphelp.dll
0x00007ffe1a4a0000 - 0x00007ffe1a54c000 	C:\Windows\system32\uxtheme.dll
0x00007ffdd9eb0000 - 0x00007ffdd9fe3000 	C:\ProgramData\A-Volute\A-Volute.Nahimic\Modules\Scheduled\x64\AudioDevProps2.dll
0x00007ffe223a0000 - 0x00007ffe2253a000 	C:\Windows\System32\ole32.dll
0x00007ffe21590000 - 0x00007ffe216ad000 	C:\Windows\System32\MSCTF.dll
0x00007ffe1e380000 - 0x00007ffe1e3af000 	C:\Windows\system32\DWMAPI.DLL
0x00007ffd7bd70000 - 0x00007ffd7be71000 	C:\Windows\system32\opengl32.dll
0x00007ffdad030000 - 0x00007ffdad05d000 	C:\Windows\SYSTEM32\GLU32.dll
0x00007ffe1cf40000 - 0x00007ffe1cf78000 	C:\Windows\SYSTEM32\dxcore.dll
0x00007ffe1fdb0000 - 0x00007ffe1fdc8000 	C:\Windows\SYSTEM32\CRYPTSP.dll
0x00007ffe1f610000 - 0x00007ffe1f645000 	C:\Windows\system32\rsaenh.dll
0x00007ffe1fc50000 - 0x00007ffe1fc7c000 	C:\Windows\SYSTEM32\USERENV.dll
0x00007ffe1ff20000 - 0x00007ffe1ff47000 	C:\Windows\SYSTEM32\bcrypt.dll
0x00007ffe1fda0000 - 0x00007ffe1fdac000 	C:\Windows\SYSTEM32\CRYPTBASE.dll
0x000002e843c50000 - 0x000002e843c59000 	C:\Windows\System32\NSI.dll
0x00007ffe17e70000 - 0x00007ffe17e89000 	C:\Windows\SYSTEM32\dhcpcsvc6.DLL
0x00007ffe18200000 - 0x00007ffe1821e000 	C:\Windows\SYSTEM32\dhcpcsvc.DLL
0x00007ffe1f180000 - 0x00007ffe1f267000 	C:\Windows\SYSTEM32\DNSAPI.dll
0x00007ffdf6cd0000 - 0x00007ffdf6ce3000 	C:\Users\joseb\AppData\Local\Temp\jogamp_0000\file_cache\jln1853372503607005401\jln17117618838138519572\natives\windows-amd64\gluegen_rt.dll
0x00007ffe02910000 - 0x00007ffe02917000 	C:\Program Files\Processing\app\resources\jdk-17.0.14+7\bin\jawt.dll
0x00007ffe01eb0000 - 0x00007ffe01ebd000 	C:\Users\joseb\AppData\Local\Temp\jogamp_0000\file_cache\jln1853372503607005401\jln17117618838138519572\natives\windows-amd64\nativewindow_awt.dll
0x00007ffdf6be0000 - 0x00007ffdf6bf5000 	C:\Users\joseb\AppData\Local\Temp\jogamp_0000\file_cache\jln1853372503607005401\jln17117618838138519572\natives\windows-amd64\nativewindow_win32.dll
0x00007ffd7e010000 - 0x00007ffd7e093000 	C:\Users\joseb\AppData\Local\Temp\jogamp_0000\file_cache\jln1853372503607005401\jln17117618838138519572\natives\windows-amd64\jogl_desktop.dll
0x00007ffddcec0000 - 0x00007ffddd4cb000 	C:\Program Files\Oculus\Support\oculus-runtime\libGLESv2.dll
0x00007ffe1e0e0000 - 0x00007ffe1e1d3000 	C:\Windows\SYSTEM32\dxgi.dll
0x00007ffe00220000 - 0x00007ffe00258000 	C:\Program Files\Oculus\Support\oculus-runtime\libEGL.dll
0x00007ffdcc780000 - 0x00007ffdcc7d2000 	C:\Users\joseb\AppData\Local\Temp\jogamp_0000\file_cache\jln1853372503607005401\jln17117618838138519572\natives\windows-amd64\jogl_mobile.dll
0x00007ffe16280000 - 0x00007ffe162c4000 	C:\Windows\SYSTEM32\directxdatabasehelper.dll
0x00007ffe1f6d0000 - 0x00007ffe1f704000 	C:\Windows\SYSTEM32\ntmarta.dll
0x00007ffe214e0000 - 0x00007ffe2158f000 	C:\Windows\System32\clbcatq.dll
0x00007ffe16990000 - 0x00007ffe16c4e000 	C:\Windows\System32\iertutil.dll
0x00007ffd52a40000 - 0x00007ffd53a2a000 	C:\Windows\System32\DriverStore\FileRepository\iigd_dch.inf_amd64_7ef5070e222f32f3\igxelpicd64.dll
0x00007ffd7c100000 - 0x00007ffd7c550000 	C:\Windows\System32\DriverStore\FileRepository\iigd_dch.inf_amd64_7ef5070e222f32f3\igdml64.dll
0x00007ffe0d740000 - 0x00007ffe0db07000 	C:\Windows\System32\DriverStore\FileRepository\iigd_dch.inf_amd64_7ef5070e222f32f3\igdgmm64.dll
0x00007ffe084e0000 - 0x00007ffe0bab2000 	C:\Windows\System32\DriverStore\FileRepository\iigd_dch.inf_amd64_7ef5070e222f32f3\igc64.dll
0x00007ffdf6bc0000 - 0x00007ffdf6bd9000 	C:\Users\joseb\AppData\Local\Temp\jogamp_0000\file_cache\jln1853372503607005401\jln17117618838138519572\natives\windows-amd64\newt_head.dll
0x00007ffe17470000 - 0x00007ffe17528000 	C:\Windows\SYSTEM32\mscms.dll
0x00007ffe20210000 - 0x00007ffe2025c000 	C:\Windows\SYSTEM32\cfgmgr32.dll
0x00007ffdd9100000 - 0x00007ffdd9144000 	C:\Windows\SYSTEM32\icm32.dll
0x00007ffe20f10000 - 0x00007ffe21382000 	C:\Windows\System32\setupapi.dll
0x00007ffe20260000 - 0x00007ffe20293000 	C:\Windows\SYSTEM32\DEVOBJ.dll
0x00007ffe20e20000 - 0x00007ffe20e87000 	C:\Windows\System32\WINTRUST.dll
0x00007ffe20880000 - 0x00007ffe209e2000 	C:\Windows\System32\CRYPT32.dll
0x00007ffe1fe00000 - 0x00007ffe1fe12000 	C:\Windows\SYSTEM32\MSASN1.dll
0x00007ffdf6060000 - 0x00007ffdf618c000 	C:\Windows\SYSTEM32\textinputframework.dll
0x00007ffe18db0000 - 0x00007ffe18ee1000 	C:\Windows\SYSTEM32\CoreMessaging.dll
0x00007ffe14ad0000 - 0x00007ffe14e3d000 	C:\Windows\SYSTEM32\CoreUIComponents.dll
0x00007ffd7cde0000 - 0x00007ffd7ce67000 	C:\Program Files\Processing\app\resources\jdk-17.0.14+7\bin\freetype.dll
0x00007ffd7cd00000 - 0x00007ffd7cddb000 	C:\Program Files\Processing\app\resources\jdk-17.0.14+7\bin\fontmanager.dll
0x00007ffe01c60000 - 0x00007ffe01c70000 	C:\Program Files\Processing\app\resources\jdk-17.0.14+7\bin\verify.dll
0x00007ffe01770000 - 0x00007ffe01779000 	C:\Program Files\Processing\app\resources\jdk-17.0.14+7\bin\extnet.dll
0x00007ffde4cc0000 - 0x00007ffde4cd7000 	C:\Windows\system32\napinsp.dll
0x00007ffde4ca0000 - 0x00007ffde4cbb000 	C:\Windows\system32\pnrpnsp.dll
0x00007ffde4c80000 - 0x00007ffde4c92000 	C:\Windows\System32\winrnr.dll
0x00007ffe165c0000 - 0x00007ffe165d5000 	C:\Windows\system32\wshbth.dll
0x00007ffde4c60000 - 0x00007ffde4c7f000 	C:\Windows\system32\nlansp_c.dll
0x00007ffe15c20000 - 0x00007ffe15c2a000 	C:\Windows\System32\rasadhlp.dll
0x00007ffe16500000 - 0x00007ffe16581000 	C:\Windows\System32\fwpuclnt.dll

dbghelp: loaded successfully - version: 4.0.5 - missing functions: none
symbol engine: initialized successfully - sym options: 0x614 - pdb path: .;C:\Program Files\Processing\app\resources\jdk-17.0.14+7\bin;C:\Windows\SYSTEM32;C:\Windows\WinSxS\amd64_microsoft.windows.common-controls_6595b64144ccf1df_6.0.22000.120_none_9d947278b86cc467;C:\Program Files\Processing\app\resources\jdk-17.0.14+7\bin\server;C:\ProgramData\A-Volute\A-Volute.Nahimic\Modules\Scheduled\x64;C:\Users\joseb\AppData\Local\Temp\jogamp_0000\file_cache\jln1853372503607005401\jln17117618838138519572\natives\windows-amd64;C:\Program Files\Oculus\Support\oculus-runtime;C:\Windows\System32\DriverStore\FileRepository\iigd_dch.inf_amd64_7ef5070e222f32f3

VM Arguments:
jvm_args: -agentlib:jdwp=transport=dt_socket,address=8525,server=y,suspend=y,quiet=y -Djna.nosys=true -Djava.library.path=;C:\Program Files\Processing\app\resources\core\library;C:\Users\joseb\Documents\Processing\libraries\oscP5\library;C:\Program Files\Processing;C:\Windows\system32;C:\Windows;C:\Program Files\Oculus\Support\oculus-runtime;C:\Program Files\Common Files\Oracle\Java\javapath;C:\Windows\system32;C:\Windows;C:\Windows\System32\Wbem;C:\Windows\System32\WindowsPowerShell\v1.0;C:\Windows\System32\OpenSSH;C:\Program Files (x86)\NVIDIA Corporation\PhysX\Common;C:\Program Files\dotnet;C:\ProgramData\chocolatey\bin;C:\Program Files\NVIDIA Corporation\NVIDIA app\NvDLISR;C:\Program Files\Faust\bin;C:\Program Files (x86)\Heavyocity\Heavyocity Portal;C:\Program Files\Microsoft SQL Server\150\Tools\Binn;C:\Program Files\Microsoft SQL Server\Client SDK\ODBC\170\Tools\Binn;C:\Program Files (x86)\Windows Kits\10\Windows Performance Toolkit;C:\Program Files\Git\cmd;C:\Users\joseb\AppData\Local\Programs\Python\Python312\Scripts;C:\Users\joseb\AppData\Local\Programs\Python\Python312;C:\Users\joseb\AppData\Local\Programs\Python\Launcher;C:\Users\joseb\AppData\Local\Microsoft\WindowsApps;C:\Users\joseb\AppData\Local\Programs\Microsoft VS Code\bin;C:\Users\joseb\AppData\Local\GitHubDesktop\bin;C:\msys64\ucrt64\bin;C:\Program Files\Processing\app;. -ea 
java_command: processing.core.PApplet --editor-location=503,180 --external --display=1 --sketch-path=C:\Users\joseb\Documents\Musica & Sound\Stage\Apo33\concertInteractif concertInteractif
java_class_path (initial): C:\Users\joseb\AppData\Local\Temp\processing\concertInteractif2947760425101084168temp;C:\Program Files\Processing\app\resources\core\library\annotations-13.0.jar;C:\Program Files\Processing\app\resources\core\library\antlr-2.7.7.jar;C:\Program Files\Processing\app\resources\core\library\core-4.4.1.jar;C:\Program Files\Processing\app\resources\core\library\gluegen-rt-2.5.0-natives-android-aarch64.jar;C:\Program Files\Processing\app\resources\core\library\gluegen-rt-2.5.0-natives-linux-aarch64.jar;C:\Program Files\Processing\app\resources\core\library\gluegen-rt-2.5.0-natives-linux-amd64.jar;C:\Program Files\Processing\app\resources\core\library\gluegen-rt-2.5.0-natives-linux-armv6hf.jar;C:\Program Files\Processing\app\resources\core\library\gluegen-rt-2.5.0-natives-macosx-universal.jar;C:\Program Files\Processing\app\resources\core\library\gluegen-rt-2.5.0-natives-windows-amd64.jar;C:\Program Files\Processing\app\resources\core\library\gluegen-rt-2.5.0.jar;C:\Program Files\Processing\app\resources\core\library\gluegen-rt-main-2.5.0.jar;C:\Program Files\Processing\app\resources\core\library\jogl-all-2.5.0-natives-android-aarch64.jar;C:\Program Files\Processing\app\resources\core\library\jogl-all-2.5.0-natives-linux-aarch64.jar;C:\Program Files\Processing\app\resources\core\library\jogl-all-2.5.0-natives-linux-amd64.jar;C:\Program Files\Processing\app\resources\core\library\jogl-all-2.5.0-natives-linux-armv6hf.jar;C:\Program Files\Processing\app\resources\core\library\jogl-all-2.5.0-natives-macosx-universal.jar;C:\Program Files\Processing\app\resources\core\library\jogl-all-2.5.0-natives-windows-amd64.jar;C:\Program Files\Processing\app\resources\core\library\jogl-all-2.5.0.jar;C:\Program Files\Processing\app\resources\core\library\jogl-all-main-2.5.0.jar;C:\Program Files\Processing\app\resources\core\library\kotlin-stdlib-2.0.20.jar;C:\Users\joseb\Documents\Processing\libraries\oscP5\library\oscP5.jar
Launcher Type: SUN_STANDARD

[Global flags]
     intx CICompilerCount                          = 12                                        {product} {ergonomic}
     uint ConcGCThreads                            = 4                                         {product} {ergonomic}
     uint G1ConcRefinementThreads                  = 15                                        {product} {ergonomic}
   size_t G1HeapRegionSize                         = 4194304                                   {product} {ergonomic}
    uintx GCDrainStackTargetSize                   = 64                                        {product} {ergonomic}
   size_t InitialHeapSize                          = 532676608                                 {product} {ergonomic}
   size_t MarkStackSize                            = 4194304                                   {product} {ergonomic}
   size_t MaxHeapSize                              = 8514437120                                {product} {ergonomic}
   size_t MaxNewSize                               = 5108662272                                {product} {ergonomic}
   size_t MinHeapDeltaBytes                        = 4194304                                   {product} {ergonomic}
   size_t MinHeapSize                              = 8388608                                   {product} {ergonomic}
    uintx NonNMethodCodeHeapSize                   = 7602480                                {pd product} {ergonomic}
    uintx NonProfiledCodeHeapSize                  = 122027880                              {pd product} {ergonomic}
    uintx ProfiledCodeHeapSize                     = 122027880                              {pd product} {ergonomic}
    uintx ReservedCodeCacheSize                    = 251658240                              {pd product} {ergonomic}
     bool SegmentedCodeCache                       = true                                      {product} {ergonomic}
   size_t SoftMaxHeapSize                          = 8514437120                             {manageable} {ergonomic}
     bool UseCompressedClassPointers               = true                           {product lp64_product} {ergonomic}
     bool UseCompressedOops                        = true                           {product lp64_product} {ergonomic}
     bool UseG1GC                                  = true                                      {product} {ergonomic}
     bool UseLargePagesIndividualAllocation        = false                                  {pd product} {ergonomic}

Logging:
Log output configuration:
 #0: stdout all=off uptime,level,tags
 #1: stderr all=off uptime,level,tags

Environment Variables:
PATH=C:\Program Files\Oculus\Support\oculus-runtime;C:\Program Files\Common Files\Oracle\Java\javapath;C:\Windows\system32;C:\Windows;C:\Windows\System32\Wbem;C:\Windows\System32\WindowsPowerShell\v1.0\;C:\Windows\System32\OpenSSH\;C:\Program Files (x86)\NVIDIA Corporation\PhysX\Common;C:\Program Files\dotnet\;C:\ProgramData\chocolatey\bin;C:\Program Files\NVIDIA Corporation\NVIDIA app\NvDLISR;C:\Program Files\Faust\bin;C:\Program Files (x86)\Heavyocity\Heavyocity Portal;C:\Program Files\Microsoft SQL Server\150\Tools\Binn\;C:\Program Files\Microsoft SQL Server\Client SDK\ODBC\170\Tools\Binn\;C:\Program Files (x86)\Windows Kits\10\Windows Performance Toolkit\;C:\Program Files\Git\cmd;C:\Users\joseb\AppData\Local\Programs\Python\Python312\Scripts\;C:\Users\joseb\AppData\Local\Programs\Python\Python312\;C:\Users\joseb\AppData\Local\Programs\Python\Launcher\;C:\Users\joseb\AppData\Local\Microsoft\WindowsApps;C:\Users\joseb\AppData\Local\Programs\Microsoft VS Code\bin;C:\Users\joseb\AppData\Local\GitHubDesktop\bin;C:\msys64\ucrt64\bin;C:\Users\joseb\.dotnet\tools;C:\Program Files\Processing\app
USERNAME=joseb
OS=Windows_NT
PROCESSOR_IDENTIFIER=Intel64 Family 6 Model 154 Stepping 3, GenuineIntel
TMP=C:\Users\joseb\AppData\Local\Temp
TEMP=C:\Users\joseb\AppData\Local\Temp



Periodic native trim disabled


---------------  S Y S T E M  ---------------

OS:
 Windows 11 , 64 bit Build 22000 (10.0.22000.2538)
OS uptime: 0 days 0:33 hours
Hyper-V role detected

CPU: total 20 (initial active 20) (10 cores per cpu, 2 threads per core) family 6 model 154 stepping 3 microcode 0x413, cx8, cmov, fxsr, ht, mmx, 3dnowpref, sse, sse2, sse3, ssse3, sse4.1, sse4.2, popcnt, lzcnt, tsc, tscinvbit, avx, avx2, aes, erms, clmul, bmi1, bmi2, adx, sha, fma, vzeroupper, clflush, clflushopt, clwb, hv
Processor Information for processor 0
  Max Mhz: 2700, Current Mhz: 2700, Mhz Limit: 2700
Processor Information for processor 1
  Max Mhz: 2700, Current Mhz: 2700, Mhz Limit: 2700
Processor Information for processor 2
  Max Mhz: 2700, Current Mhz: 2700, Mhz Limit: 2700
Processor Information for processor 3
  Max Mhz: 2700, Current Mhz: 2700, Mhz Limit: 2700
Processor Information for processor 4
  Max Mhz: 2700, Current Mhz: 2700, Mhz Limit: 2700
Processor Information for processor 5
  Max Mhz: 2700, Current Mhz: 2700, Mhz Limit: 2700
Processor Information for processor 6
  Max Mhz: 2700, Current Mhz: 2700, Mhz Limit: 2700
Processor Information for processor 7
  Max Mhz: 2700, Current Mhz: 2700, Mhz Limit: 2700
Processor Information for processor 8
  Max Mhz: 2700, Current Mhz: 2700, Mhz Limit: 2700
Processor Information for processor 9
  Max Mhz: 2700, Current Mhz: 2700, Mhz Limit: 2700
Processor Information for processor 10
  Max Mhz: 2700, Current Mhz: 2700, Mhz Limit: 2700
Processor Information for processor 11
  Max Mhz: 2700, Current Mhz: 2700, Mhz Limit: 2700
Processor Information for processor 12
  Max Mhz: 2700, Current Mhz: 1995, Mhz Limit: 1971
Processor Information for processor 13
  Max Mhz: 2700, Current Mhz: 1995, Mhz Limit: 1971
Processor Information for processor 14
  Max Mhz: 2700, Current Mhz: 1995, Mhz Limit: 1971
Processor Information for processor 15
  Max Mhz: 2700, Current Mhz: 1995, Mhz Limit: 1971
Processor Information for processor 16
  Max Mhz: 2700, Current Mhz: 1995, Mhz Limit: 1971
Processor Information for processor 17
  Max Mhz: 2700, Current Mhz: 1995, Mhz Limit: 1971
Processor Information for processor 18
  Max Mhz: 2700, Current Mhz: 1995, Mhz Limit: 1971
Processor Information for processor 19
  Max Mhz: 2700, Current Mhz: 1995, Mhz Limit: 1971

Memory: 4k page, system-wide physical 32468M (21897M free)
TotalPageFile size 34516M (AvailPageFile size 21664M)
current process WorkingSet (physical memory assigned to process): 399M, peak: 408M
current process commit charge ("private bytes"): 857M, peak: 864M

vm_info: OpenJDK 64-Bit Server VM (17.0.14+7) for windows-amd64 JRE (17.0.14+7), built on Jan 21 2025 23:40:15 by "admin" with MS VC++ 17.7 (VS2022)

END.
