#
# A fatal error has been detected by the Java Runtime Environment:
#
#  EXCEPTION_ACCESS_VIOLATION (0xc0000005) at pc=0x00007ffe3b35409c, pid=70100, tid=68460
#
# JRE version: OpenJDK Runtime Environment Temurin-17.0.14+7 (17.0.14+7) (build 17.0.14+7)
# Java VM: OpenJDK 64-Bit Server VM Temurin-17.0.14+7 (17.0.14+7, mixed mode, sharing, tiered, compressed oops, compressed class ptrs, g1 gc, windows-amd64)
# Problematic frame:
# C  [igxelpicd64.dll+0xd409c]
#
# No core dump will be written. Minidumps are not enabled by default on client versions of Windows
#
# If you would like to submit a bug report, please visit:
#   https://github.com/adoptium/adoptium-support/issues
#

---------------  S U M M A R Y ------------

Command Line: -agentlib:jdwp=transport=dt_socket,address=8539,server=y,suspend=y,quiet=y -Djna.nosys=true -Djava.library.path=;C:\Program Files\Processing\app\resources\core\library;C:\Users\joseb\Documents\Processing\libraries\oscP5\library;C:\Program Files\Processing;C:\Windows\system32;C:\Windows;C:\Program Files\Oculus\Support\oculus-runtime;C:\Program Files\Common Files\Oracle\Java\javapath;C:\Windows\system32;C:\Windows;C:\Windows\System32\Wbem;C:\Windows\System32\WindowsPowerShell\v1.0;C:\Windows\System32\OpenSSH;C:\Program Files (x86)\NVIDIA Corporation\PhysX\Common;C:\Program Files\dotnet;C:\ProgramData\chocolatey\bin;C:\Program Files\NVIDIA Corporation\NVIDIA app\NvDLISR;C:\Program Files\Faust\bin;C:\Program Files (x86)\Heavyocity\Heavyocity Portal;C:\Program Files\Microsoft SQL Server\150\Tools\Binn;C:\Program Files\Microsoft SQL Server\Client SDK\ODBC\170\Tools\Binn;C:\Program Files (x86)\Windows Kits\10\Windows Performance Toolkit;C:\Program Files\Git\cmd;C:\Users\joseb\AppData\Local\Programs\Python\Python312\Scripts;C:\Users\joseb\AppData\Local\Programs\Python\Python312;C:\Users\joseb\AppData\Local\Programs\Python\Launcher;C:\Users\joseb\AppData\Local\Microsoft\WindowsApps;C:\Users\joseb\AppData\Local\Programs\Microsoft VS Code\bin;C:\Users\joseb\AppData\Local\GitHubDesktop\bin;C:\msys64\ucrt64\bin;C:\Program Files\Processing\app;. -ea processing.core.PApplet --editor-location=-7,-7 --external --display=1 --sketch-path=C:\Users\joseb\Documents\Musica & Sound\Stage\Apo33\concertInteractif concertInteractif

Host: 12th Gen Intel(R) Core(TM) i7-12700H, 20 cores, 31G,  Windows 11 , 64 bit Build 22000 (10.0.22000.2538)
Time: Mon May 12 14:38:24 2025 Paris, Madrid (heure duild 22000 (10.0.22000.2538) elapsed time: 289.785407 seconds (0d 0h 4m 49s)

---------------  T H R E A D  ---------------

Current thread (0x000001db7ff99810):  VMThread "VM Thread" [stack: 0x000000c6cd400000,0x000000c6cd500000] [id=68460]

Stack: [0x000000c6cd400000,0x000000c6cd500000],  sp=0x000000c6cd4fe700,  free space=1017k
Native frames: (J=compiled Java code, j=interpreted, Vv=VM code, C=native code)
C  [igxelpicd64.dll+0xd409c]


siginfo: EXCEPTION_ACCESS_VIOLATION (0xc0000005), reading address 0x00000000000356f8


Registers:
RAX=0x000001db86020268, RBX=0x000001db86020040, RCX=0x0000000000000000, RDX=0x0000000000000004
RSP=0x000000c6cd4fe700, RBP=0x0000000000000000, RSI=0x000001db86020610, RDI=0x000001db5accf130
R8 =0x0000000000000014, R9 =0x0000000000000000, R10=0x0000000000000000, R11=0x0000000000000000
R12=0x0000000000000000, R13=0x000001db860290a0, R14=0x00000000000ee600, R15=0x0000000000000016
RIP=0x00007ffe3b35409c, EFLAGS=0x0000000000010202


Register to memory mapping:

RIP=0x00007ffe3b35409c igxelpicd64.dll
RAX=0x000001db86020268 points into unknown readable memory: 0x00000000000ee6ba | ba e6 0e 00 00 00 00 00
RBX=0x000001db86020040 points into unknown readable memory: 0x000001db54bfedf0 | f0 ed bf 54 db 01 00 00
RCX=0x0 is NULL
RDX=0x0000000000000004 is an unknown value
RSP=0x000000c6cd4fe700 points into unknown readable memory: 0x000001db5a29af40 | 40 af 29 5a db 01 00 00
RBP=0x0 is NULL
RSI=0x000001db86020610 points into unknown readable memory: 0x000001db860290a0 | a0 90 02 86 db 01 00 00
RDI=0x000001db5accf130 points into unknown readable memory: 0x01d1010820646100 | 00 61 64 20 08 01 d1 01
R8 =0x0000000000000014 is an unknown value
R9 =0x0 is NULL
R10=0x0 is NULL
R11=0x0 is NULL
R12=0x0 is NULL
R13=0x000001db860290a0 points into unknown readable memory: 0x000001db54bfedf0 | f0 ed bf 54 db 01 00 00
R14=0x00000000000ee600 is an unknown value
R15=0x0000000000000016 is an unknown value


Top of Stack: (sp=0x000000c6cd4fe700)
0x000000c6cd4fe700:   000001db5a29af40 0000000000000000
0x000000c6cd4fe710:   000001db00000000 00007ffeedc47c74
0x000000c6cd4fe720:   0000000000000000 00007ffeedc39ee9
0x000000c6cd4fe730:   0000000000000000 00007ffeedc39ee9
0x000000c6cd4fe740:   000001db5b01b978 00000000000ee6d3
0x000000c6cd4fe750:   0000000000000000 0000000000000018
0x000000c6cd4fe760:   0000000000000000 0000000000000000
0x000000c6cd4fe770:   000000c6cd4fe880 00007ffe3b321c8c
0x000000c6cd4fe780:   000001db5a29af40 000001db5accf130
0x000000c6cd4fe790:   000000c6cc862000 00007ffeedc36300
0x000000c6cd4fe7a0:   000000c60000118c 0000740463b90000
0x000000c6cd4fe7b0:   0000000000000000 00007ffeedc363c4
0x000000c6cd4fe7c0:   000001db63240b94 00007ffeedc39ee9
0x000000c6cd4fe7d0:   000000c6cd4fe940 000000c6cd4fe948
0x000000c6cd4fe7e0:   000000c6cc862000 00007ffe3b33ea40
0x000000c6cd4fe7f0:   000000c6cd4fe938 00007ffeedc36391
0x000000c6cd4fe800:   000000c6cd4fea10 00007ffeedbe60e6
0x000000c6cd4fe810:   000001db63240b94 000000c6cd4fe9e8
0x000000c6cd4fe820:   00000000000000c0 00007ffe3b2fe527
0x000000c6cd4fe830:   0000740463b90000 000000000000118c
0x000000c6cd4fe840:   0000000000000000 80002d4000000001
0x000000c6cd4fe850:   0000000000000000 0000000000000000
0x000000c6cd4fe860:   0000000000000000 0000000000000000
0x000000c6cd4fe870:   0000000000000000 0000000000000000
0x000000c6cd4fe880:   0000000000000000 0000000000000000
0x000000c6cd4fe890:   0000000000000000 0000000000000000
0x000000c6cd4fe8a0:   0000000000000000 0000000000000000
0x000000c6cd4fe8b0:   0000000000000000 0000000000000000
0x000000c6cd4fe8c0:   0000000000000000 0000000000000000
0x000000c6cd4fe8d0:   0000000000000000 0000000000000000
0x000000c6cd4fe8e0:   0000000000000000 0000000000000000
0x000000c6cd4fe8f0:   0000000000000000 0000000000000000 

Instructions: (pc=0x00007ffe3b35409c)
0x00007ffe3b353f9c:   ec 40 45 8a e1 48 8b fa 48 8b e9 48 8b 1d d2 9c
0x00007ffe3b353fac:   e5 00 48 89 58 08 48 8b cb ff 15 55 21 9f 00 90
0x00007ffe3b353fbc:   4c 8b af 78 02 00 00 48 8b 05 26 7f d5 00 44 8b
0x00007ffe3b353fcc:   b8 40 0b 00 00 45 33 db 45 8a f3 4c 89 9f 78 02
0x00007ffe3b353fdc:   00 00 44 89 9f 80 02 00 00 4c 89 9f 98 02 00 00
0x00007ffe3b353fec:   4c 89 9f 88 02 00 00 48 85 ed 75 38 8b 35 da 76
0x00007ffe3b353ffc:   e5 00 65 48 8b 04 25 58 00 00 00 b9 14 00 00 00
0x00007ffe3b35400c:   48 8b 04 f0 44 38 1c 01 0f 84 8b 1a 8b 00 65 48
0x00007ffe3b35401c:   8b 04 25 58 00 00 00 bd 20 00 00 00 48 8b 04 f0
0x00007ffe3b35402c:   48 8b 2c 28 48 3b 2d c9 9b e5 00 45 0f 44 fb 4d
0x00007ffe3b35403c:   85 ed 0f 84 21 01 00 00 44 8a a4 24 90 00 00 00
0x00007ffe3b35404c:   49 8b dd 49 8d b5 d0 05 00 00 4c 8b 2e 45 84 e4
0x00007ffe3b35405c:   0f 85 2a 03 00 00 8b 97 c8 01 00 00 48 8b 05 81
0x00007ffe3b35406c:   7e d5 00 83 b8 78 03 00 00 02 75 31 83 fa 10 0f
0x00007ffe3b35407c:   83 17 01 00 00 48 8d 04 d5 21 00 00 00 48 03 c2
0x00007ffe3b35408c:   48 8d 04 c3 48 85 c0 0f 85 2e 01 00 00 49 8b cb
0x00007ffe3b35409c:   48 3b 8d f8 56 03 00 0f 87 f3 02 00 00 4c 39 9b
0x00007ffe3b3540ac:   48 06 00 00 0f 85 2f 1a 8b 00 44 8b 97 c8 01 00
0x00007ffe3b3540bc:   00 48 8b 87 e0 01 00 00 4c 8b 08 8b 97 c8 01 00
0x00007ffe3b3540cc:   00 83 fa 10 0f 83 03 01 00 00 48 8d 04 d5 21 00
0x00007ffe3b3540dc:   00 00 48 03 c2 48 8d 04 c3 48 85 c0 0f 85 e2 00
0x00007ffe3b3540ec:   00 00 49 8b cb 49 3b c9 0f 86 0e 01 00 00 48 8b
0x00007ffe3b3540fc:   87 78 02 00 00 48 89 06 48 89 9f 78 02 00 00 ff
0x00007ffe3b35410c:   87 80 02 00 00 48 8b 43 08 48 8b 88 18 01 00 00
0x00007ffe3b35411c:   48 81 e1 00 00 ff ff 48 81 c1 00 00 01 00 48 01
0x00007ffe3b35412c:   8f 88 02 00 00 48 8b 43 08 48 8b 88 18 01 00 00
0x00007ffe3b35413c:   48 01 8f 98 02 00 00 4d 85 ed 0f 85 00 ff ff ff
0x00007ffe3b35414c:   45 84 f6 44 8a a4 24 98 00 00 00 0f 85 82 03 00
0x00007ffe3b35415c:   00 48 8b 9c 24 80 00 00 00 48 8b cf 45 84 e4 0f
0x00007ffe3b35416c:   85 8a 03 00 00 e8 fa f9 ff ff 90 48 8b cb 48 8b
0x00007ffe3b35417c:   9c 24 88 00 00 00 48 83 c4 40 41 5f 41 5e 41 5d
0x00007ffe3b35418c:   41 5c 5f 5e 5d 48 ff 25 80 1f 9f 00 8d 4a f0 8b 


Stack slot to memory mapping:
stack at sp + 0 slots: 0x000001db5a29af40 points into unknown readable memory: 0xffffffffffffffff | ff ff ff ff ff ff ff ff
stack at sp + 1 slots: 0x0 is NULL
stack at sp + 2 slots: 0x000001db00000000 points into unknown readable memory: 0x0000000000000000 | 00 00 00 00 00 00 00 00
stack at sp + 3 slots: 0x00007ffeedc47c74 ntdll.dll
stack at sp + 4 slots: 0x0 is NULL
stack at sp + 5 slots: 0x00007ffeedc39ee9 ntdll.dll
stack at sp + 6 slots: 0x0 is NULL
stack at sp + 7 slots: 0x00007ffeedc39ee9 ntdll.dll

VM_Operation (0x000000c6cfefee60): Exit, mode: safepoint, requested by thread 0x000001db5413fb80


---------------  P R O C E S S  ---------------

Threads class SMR info:
_java_thread_list=0x000001db859f8520, length=17, elements={
0x000001db7ffa0ee0, 0x000001db7ffa1d60, 0x000001db7ffbda20, 0x000001db7ffbe3e0,
0x000001db7ffbf3b0, 0x000001db7ffbfd70, 0x000001db7ffc0b10, 0x000001db7ffc15c0,
0x000001db7ffc3fd0, 0x000001db54247210, 0x000001db5424e540, 0x000001db542636f0,
0x000001db5453e0c0, 0x000001db5ad71cc0, 0x000001db5413fb80, 0x000001db5413d810,
0x000001db54140fc0
}

Java Threads: ( => current thread )
  0x000001db7ffa0ee0 JavaThread "Reference Handler" daemon [_thread_blocked, id=71276, stack(0x000000c6cd500000,0x000000c6cd600000)]
  0x000001db7ffa1d60 JavaThread "Finalizer" daemon [_thread_blocked, id=72692, stack(0x000000c6cd600000,0x000000c6cd700000)]
  0x000001db7ffbda20 JavaThread "Signal Dispatcher" daemon [_thread_blocked, id=41680, stack(0x000000c6cd700000,0x000000c6cd800000)]
  0x000001db7ffbe3e0 JavaThread "Attach Listener" daemon [_thread_blocked, id=72480, stack(0x000000c6cd800000,0x000000c6cd900000)]
  0x000001db7ffbf3b0 JavaThread "Service Thread" daemon [_thread_blocked, id=53840, stack(0x000000c6cd900000,0x000000c6cda00000)]
  0x000001db7ffbfd70 JavaThread "Monitor Deflation Thread" daemon [_thread_blocked, id=66108, stack(0x000000c6cda00000,0x000000c6cdb00000)]
  0x000001db7ffc0b10 JavaThread "C2 CompilerThread0" daemon [_thread_blocked, id=72592, stack(0x000000c6cdb00000,0x000000c6cdc00000)]
  0x000001db7ffc15c0 JavaThread "C1 CompilerThread0" daemon [_thread_blocked, id=43932, stack(0x000000c6cdc00000,0x000000c6cdd00000)]
  0x000001db7ffc3fd0 JavaThread "Sweeper thread" daemon [_thread_blocked, id=61632, stack(0x000000c6cdd00000,0x000000c6cde00000)]
  0x000001db54247210 JavaThread "JDWP Event Helper Thread" daemon [_thread_blocked, id=71172, stack(0x000000c6ce000000,0x000000c6ce100000)]
  0x000001db5424e540 JavaThread "Notification Thread" daemon [_thread_blocked, id=70908, stack(0x000000c6ce200000,0x000000c6ce300000)]
  0x000001db542636f0 JavaThread "Common-Cleaner" daemon [_thread_blocked, id=70520, stack(0x000000c6ce400000,0x000000c6ce500000)]
  0x000001db5453e0c0 JavaThread "Java2D Disposer" daemon [_thread_blocked, id=72536, stack(0x000000c6ce500000,0x000000c6ce600000)]
  0x000001db5ad71cc0 JavaThread "HighResTimerThread" daemon [_thread_blocked, id=71488, stack(0x000000c6cfc00000,0x000000c6cfd00000)]
  0x000001db5413fb80 JavaThread "main-FPSAWTAnimator#00-Timer0" [_thread_blocked, id=72052, stack(0x000000c6cfe00000,0x000000c6cff00000)]
  0x000001db5413d810 JavaThread "DestroyJavaVM" [_thread_blocked, id=70772, stack(0x000000c6cce00000,0x000000c6ccf00000)]
  0x000001db54140fc0 JavaThread "AWT-Shutdown" [_thread_blocked, id=72112, stack(0x000000c6ccb00000,0x000000c6ccc00000)]

Other Threads:
=>0x000001db7ff99810 VMThread "VM Thread" [stack: 0x000000c6cd400000,0x000000c6cd500000] [id=68460]
  0x000001db657fda70 GCTaskThread "GC Thread#0" [stack: 0x000000c6ccf00000,0x000000c6cd000000] [id=71792]
  0x000001db5a6b0600 GCTaskThread "GC Thread#1" [stack: 0x000000c6cee00000,0x000000c6cef00000] [id=70708]
  0x000001db5a6b08c0 GCTaskThread "GC Thread#2" [stack: 0x000000c6cef00000,0x000000c6cf000000] [id=72544]
  0x000001db5a6b0b80 GCTaskThread "GC Thread#3" [stack: 0x000000c6cf000000,0x000000c6cf100000] [id=60672]
  0x000001db5a6b0e40 GCTaskThread "GC Thread#4" [stack: 0x000000c6cf100000,0x000000c6cf200000] [id=52624]
  0x000001db5a6b1100 GCTaskThread "GC Thread#5" [stack: 0x000000c6cf200000,0x000000c6cf300000] [id=56988]
  0x000001db5a6b13c0 GCTaskThread "GC Thread#6" [stack: 0x000000c6cf300000,0x000000c6cf400000] [id=66216]
  0x000001db5a6b1680 GCTaskThread "GC Thread#7" [stack: 0x000000c6cf400000,0x000000c6cf500000] [id=70660]
  0x000001db5a6b1940 GCTaskThread "GC Thread#8" [stack: 0x000000c6cf500000,0x000000c6cf600000] [id=72664]
  0x000001db5a6b1c00 GCTaskThread "GC Thread#9" [stack: 0x000000c6cf600000,0x000000c6cf700000] [id=67548]
  0x000001db5a6c3010 GCTaskThread "GC Thread#10" [stack: 0x000000c6cf700000,0x000000c6cf800000] [id=31252]
  0x000001db5a6c32d0 GCTaskThread "GC Thread#11" [stack: 0x000000c6cf800000,0x000000c6cf900000] [id=70764]
  0x000001db5a73dfa0 GCTaskThread "GC Thread#12" [stack: 0x000000c6cf900000,0x000000c6cfa00000] [id=71608]
  0x000001db5a6c7e10 GCTaskThread "GC Thread#13" [stack: 0x000000c6ce600000,0x000000c6ce700000] [id=71500]
  0x000001db5a6c8650 GCTaskThread "GC Thread#14" [stack: 0x000000c6ceb00000,0x000000c6cec00000] [id=65260]
  0x000001db6580e780 ConcurrentGCThread "G1 Main Marker" terminated
  0x000001db7fde02e0 ConcurrentGCThread "G1 Conc#0" [stack: 0x000000c6cd100000,0x000000c6cd200000] [id=72364]
  0x000001db7fed8c90 ConcurrentGCThread "G1 Refine#0" terminated
  0x000001db7fed96c0 ConcurrentGCThread "G1 Service" terminated

Threads with active compile tasks:

VM state: at safepoint (shutting down)

VM Mutex/Monitor currently owned by a thread:  ([mutex/lock_event])
[0x000001db65737330] Threads_lock - owner thread: 0x000001db7ff99810
[0x000001db65747bf0] Heap_lock - owner thread: 0x000001db5413fb80

Heap address: 0x0000000604800000, size: 8120 MB, Compressed Oops mode: Zero based, Oop shift amount: 3

CDS archive(s) mapped at: [0x000001db13000000-0x000001db13bb0000-0x000001db13bb0000), size 12255232, SharedBaseAddress: 0x000001db13000000, ArchiveRelocationMode: 1.
Compressed class space mapped at: 0x000001db14000000-0x000001db54000000, reserved size: 1073741824
Narrow klass base: 0x000001db13000000, Narrow klass shift: 0, Narrow klass range: 0x100000000

GC Precious Log:
 CPUs: 20 total, 20 available
 Memory: 32468M
 Large Page Support: Disabled
 NUMA Support: Disabled
 Compressed Oops: Enabled (Zero based)
 Heap Region Size: 4M
 Heap Min Capacity: 8M
 Heap Initial Capacity: 508M
 Heap Max Capacity: 8120M
 Pre-touch: Disabled
 Parallel Workers: 15
 Concurrent Workers: 4
 Concurrent Refinement Workers: 15
 Periodic GC: Disabled

Heap:
 garbage-first heap   total 520192K, used 166633K [0x0000000604800000, 0x0000000800000000)
  region size 4096K, 42 young (172032K), 2 survivors (8192K)
 Metaspace       used 15731K, committed 15936K, reserved 1114112K
  class space    used 1119K, committed 1216K, reserved 1048576K

Heap Regions: E=young(eden), S=young(survivor), O=old, HS=humongous(starts), HC=humongous(continues), CS=collection set, F=free, OA=open archive, CA=closed archive, TAMS=top-at-mark-start (previous, next)
|   0|0x0000000604800000, 0x0000000604aab000, 0x0000000604c00000| 66%| O|  |TAMS 0x0000000604800000, 0x0000000604800000| Untracked 
|   1|0x0000000604c00000, 0x0000000604c00000, 0x0000000605000000|  0%| F|  |TAMS 0x0000000604c00000, 0x0000000604c00000| Untracked 
|   2|0x0000000605000000, 0x0000000605000000, 0x0000000605400000|  0%| F|  |TAMS 0x0000000605000000, 0x0000000605000000| Untracked 
|   3|0x0000000605400000, 0x0000000605400000, 0x0000000605800000|  0%| F|  |TAMS 0x0000000605400000, 0x0000000605400000| Untracked 
|   4|0x0000000605800000, 0x0000000605800000, 0x0000000605c00000|  0%| F|  |TAMS 0x0000000605800000, 0x0000000605800000| Untracked 
|   5|0x0000000605c00000, 0x0000000605c00000, 0x0000000606000000|  0%| F|  |TAMS 0x0000000605c00000, 0x0000000605c00000| Untracked 
|   6|0x0000000606000000, 0x0000000606000000, 0x0000000606400000|  0%| F|  |TAMS 0x0000000606000000, 0x0000000606000000| Untracked 
|   7|0x0000000606400000, 0x0000000606400000, 0x0000000606800000|  0%| F|  |TAMS 0x0000000606400000, 0x0000000606400000| Untracked 
|   8|0x0000000606800000, 0x0000000606800000, 0x0000000606c00000|  0%| F|  |TAMS 0x0000000606800000, 0x0000000606800000| Untracked 
|   9|0x0000000606c00000, 0x0000000606c00000, 0x0000000607000000|  0%| F|  |TAMS 0x0000000606c00000, 0x0000000606c00000| Untracked 
|  10|0x0000000607000000, 0x0000000607000000, 0x0000000607400000|  0%| F|  |TAMS 0x0000000607000000, 0x0000000607000000| Untracked 
|  11|0x0000000607400000, 0x0000000607400000, 0x0000000607800000|  0%| F|  |TAMS 0x0000000607400000, 0x0000000607400000| Untracked 
|  12|0x0000000607800000, 0x0000000607800000, 0x0000000607c00000|  0%| F|  |TAMS 0x0000000607800000, 0x0000000607800000| Untracked 
|  13|0x0000000607c00000, 0x0000000607c00000, 0x0000000608000000|  0%| F|  |TAMS 0x0000000607c00000, 0x0000000607c00000| Untracked 
|  14|0x0000000608000000, 0x0000000608000000, 0x0000000608400000|  0%| F|  |TAMS 0x0000000608000000, 0x0000000608000000| Untracked 
|  15|0x0000000608400000, 0x0000000608400000, 0x0000000608800000|  0%| F|  |TAMS 0x0000000608400000, 0x0000000608400000| Untracked 
|  16|0x0000000608800000, 0x0000000608800000, 0x0000000608c00000|  0%| F|  |TAMS 0x0000000608800000, 0x0000000608800000| Untracked 
|  17|0x0000000608c00000, 0x0000000608c00000, 0x0000000609000000|  0%| F|  |TAMS 0x0000000608c00000, 0x0000000608c00000| Untracked 
|  18|0x0000000609000000, 0x0000000609000000, 0x0000000609400000|  0%| F|  |TAMS 0x0000000609000000, 0x0000000609000000| Untracked 
|  19|0x0000000609400000, 0x0000000609400000, 0x0000000609800000|  0%| F|  |TAMS 0x0000000609400000, 0x0000000609400000| Untracked 
|  20|0x0000000609800000, 0x0000000609800000, 0x0000000609c00000|  0%| F|  |TAMS 0x0000000609800000, 0x0000000609800000| Untracked 
|  21|0x0000000609c00000, 0x0000000609c00000, 0x000000060a000000|  0%| F|  |TAMS 0x0000000609c00000, 0x0000000609c00000| Untracked 
|  22|0x000000060a000000, 0x000000060a000000, 0x000000060a400000|  0%| F|  |TAMS 0x000000060a000000, 0x000000060a000000| Untracked 
|  23|0x000000060a400000, 0x000000060a400000, 0x000000060a800000|  0%| F|  |TAMS 0x000000060a400000, 0x000000060a400000| Untracked 
|  24|0x000000060a800000, 0x000000060a800000, 0x000000060ac00000|  0%| F|  |TAMS 0x000000060a800000, 0x000000060a800000| Untracked 
|  25|0x000000060ac00000, 0x000000060ac00000, 0x000000060b000000|  0%| F|  |TAMS 0x000000060ac00000, 0x000000060ac00000| Untracked 
|  26|0x000000060b000000, 0x000000060b000000, 0x000000060b400000|  0%| F|  |TAMS 0x000000060b000000, 0x000000060b000000| Untracked 
|  27|0x000000060b400000, 0x000000060b400000, 0x000000060b800000|  0%| F|  |TAMS 0x000000060b400000, 0x000000060b400000| Untracked 
|  28|0x000000060b800000, 0x000000060b800000, 0x000000060bc00000|  0%| F|  |TAMS 0x000000060b800000, 0x000000060b800000| Untracked 
|  29|0x000000060bc00000, 0x000000060bc00000, 0x000000060c000000|  0%| F|  |TAMS 0x000000060bc00000, 0x000000060bc00000| Untracked 
|  30|0x000000060c000000, 0x000000060c000000, 0x000000060c400000|  0%| F|  |TAMS 0x000000060c000000, 0x000000060c000000| Untracked 
|  31|0x000000060c400000, 0x000000060c400000, 0x000000060c800000|  0%| F|  |TAMS 0x000000060c400000, 0x000000060c400000| Untracked 
|  32|0x000000060c800000, 0x000000060c800000, 0x000000060cc00000|  0%| F|  |TAMS 0x000000060c800000, 0x000000060c800000| Untracked 
|  33|0x000000060cc00000, 0x000000060cc00000, 0x000000060d000000|  0%| F|  |TAMS 0x000000060cc00000, 0x000000060cc00000| Untracked 
|  34|0x000000060d000000, 0x000000060d000000, 0x000000060d400000|  0%| F|  |TAMS 0x000000060d000000, 0x000000060d000000| Untracked 
|  35|0x000000060d400000, 0x000000060d400000, 0x000000060d800000|  0%| F|  |TAMS 0x000000060d400000, 0x000000060d400000| Untracked 
|  36|0x000000060d800000, 0x000000060d800000, 0x000000060dc00000|  0%| F|  |TAMS 0x000000060d800000, 0x000000060d800000| Untracked 
|  37|0x000000060dc00000, 0x000000060dc00000, 0x000000060e000000|  0%| F|  |TAMS 0x000000060dc00000, 0x000000060dc00000| Untracked 
|  38|0x000000060e000000, 0x000000060e000000, 0x000000060e400000|  0%| F|  |TAMS 0x000000060e000000, 0x000000060e000000| Untracked 
|  39|0x000000060e400000, 0x000000060e400000, 0x000000060e800000|  0%| F|  |TAMS 0x000000060e400000, 0x000000060e400000| Untracked 
|  40|0x000000060e800000, 0x000000060e800000, 0x000000060ec00000|  0%| F|  |TAMS 0x000000060e800000, 0x000000060e800000| Untracked 
|  41|0x000000060ec00000, 0x000000060ec00000, 0x000000060f000000|  0%| F|  |TAMS 0x000000060ec00000, 0x000000060ec00000| Untracked 
|  42|0x000000060f000000, 0x000000060f000000, 0x000000060f400000|  0%| F|  |TAMS 0x000000060f000000, 0x000000060f000000| Untracked 
|  43|0x000000060f400000, 0x000000060f400000, 0x000000060f800000|  0%| F|  |TAMS 0x000000060f400000, 0x000000060f400000| Untracked 
|  44|0x000000060f800000, 0x000000060f800000, 0x000000060fc00000|  0%| F|  |TAMS 0x000000060f800000, 0x000000060f800000| Untracked 
|  45|0x000000060fc00000, 0x000000060fc00000, 0x0000000610000000|  0%| F|  |TAMS 0x000000060fc00000, 0x000000060fc00000| Untracked 
|  46|0x0000000610000000, 0x0000000610000000, 0x0000000610400000|  0%| F|  |TAMS 0x0000000610000000, 0x0000000610000000| Untracked 
|  47|0x0000000610400000, 0x0000000610400000, 0x0000000610800000|  0%| F|  |TAMS 0x0000000610400000, 0x0000000610400000| Untracked 
|  48|0x0000000610800000, 0x0000000610800000, 0x0000000610c00000|  0%| F|  |TAMS 0x0000000610800000, 0x0000000610800000| Untracked 
|  49|0x0000000610c00000, 0x0000000610c00000, 0x0000000611000000|  0%| F|  |TAMS 0x0000000610c00000, 0x0000000610c00000| Untracked 
|  50|0x0000000611000000, 0x0000000611000000, 0x0000000611400000|  0%| F|  |TAMS 0x0000000611000000, 0x0000000611000000| Untracked 
|  51|0x0000000611400000, 0x000000061140f768, 0x0000000611800000|  1%| S|CS|TAMS 0x0000000611400000, 0x0000000611400000| Complete 
|  52|0x0000000611800000, 0x0000000611c00000, 0x0000000611c00000|100%| S|CS|TAMS 0x0000000611800000, 0x0000000611800000| Complete 
|  53|0x0000000611c00000, 0x0000000611c00000, 0x0000000612000000|  0%| F|  |TAMS 0x0000000611c00000, 0x0000000611c00000| Untracked 
|  54|0x0000000612000000, 0x0000000612000000, 0x0000000612400000|  0%| F|  |TAMS 0x0000000612000000, 0x0000000612000000| Untracked 
|  55|0x0000000612400000, 0x0000000612400000, 0x0000000612800000|  0%| F|  |TAMS 0x0000000612400000, 0x0000000612400000| Untracked 
|  56|0x0000000612800000, 0x0000000612800000, 0x0000000612c00000|  0%| F|  |TAMS 0x0000000612800000, 0x0000000612800000| Untracked 
|  57|0x0000000612c00000, 0x0000000612c00000, 0x0000000613000000|  0%| F|  |TAMS 0x0000000612c00000, 0x0000000612c00000| Untracked 
|  58|0x0000000613000000, 0x0000000613000000, 0x0000000613400000|  0%| F|  |TAMS 0x0000000613000000, 0x0000000613000000| Untracked 
|  59|0x0000000613400000, 0x0000000613400000, 0x0000000613800000|  0%| F|  |TAMS 0x0000000613400000, 0x0000000613400000| Untracked 
|  60|0x0000000613800000, 0x0000000613800000, 0x0000000613c00000|  0%| F|  |TAMS 0x0000000613800000, 0x0000000613800000| Untracked 
|  61|0x0000000613c00000, 0x0000000613c00000, 0x0000000614000000|  0%| F|  |TAMS 0x0000000613c00000, 0x0000000613c00000| Untracked 
|  62|0x0000000614000000, 0x0000000614000000, 0x0000000614400000|  0%| F|  |TAMS 0x0000000614000000, 0x0000000614000000| Untracked 
|  63|0x0000000614400000, 0x0000000614400000, 0x0000000614800000|  0%| F|  |TAMS 0x0000000614400000, 0x0000000614400000| Untracked 
|  64|0x0000000614800000, 0x0000000614800000, 0x0000000614c00000|  0%| F|  |TAMS 0x0000000614800000, 0x0000000614800000| Untracked 
|  65|0x0000000614c00000, 0x0000000614c00000, 0x0000000615000000|  0%| F|  |TAMS 0x0000000614c00000, 0x0000000614c00000| Untracked 
|  66|0x0000000615000000, 0x0000000615000000, 0x0000000615400000|  0%| F|  |TAMS 0x0000000615000000, 0x0000000615000000| Untracked 
|  67|0x0000000615400000, 0x0000000615400000, 0x0000000615800000|  0%| F|  |TAMS 0x0000000615400000, 0x0000000615400000| Untracked 
|  68|0x0000000615800000, 0x0000000615800000, 0x0000000615c00000|  0%| F|  |TAMS 0x0000000615800000, 0x0000000615800000| Untracked 
|  69|0x0000000615c00000, 0x0000000615c00000, 0x0000000616000000|  0%| F|  |TAMS 0x0000000615c00000, 0x0000000615c00000| Untracked 
|  70|0x0000000616000000, 0x0000000616000000, 0x0000000616400000|  0%| F|  |TAMS 0x0000000616000000, 0x0000000616000000| Untracked 
|  71|0x0000000616400000, 0x0000000616400000, 0x0000000616800000|  0%| F|  |TAMS 0x0000000616400000, 0x0000000616400000| Untracked 
|  72|0x0000000616800000, 0x0000000616800000, 0x0000000616c00000|  0%| F|  |TAMS 0x0000000616800000, 0x0000000616800000| Untracked 
|  73|0x0000000616c00000, 0x0000000616c00000, 0x0000000617000000|  0%| F|  |TAMS 0x0000000616c00000, 0x0000000616c00000| Untracked 
|  74|0x0000000617000000, 0x0000000617000000, 0x0000000617400000|  0%| F|  |TAMS 0x0000000617000000, 0x0000000617000000| Untracked 
|  75|0x0000000617400000, 0x0000000617400000, 0x0000000617800000|  0%| F|  |TAMS 0x0000000617400000, 0x0000000617400000| Untracked 
|  76|0x0000000617800000, 0x0000000617800000, 0x0000000617c00000|  0%| F|  |TAMS 0x0000000617800000, 0x0000000617800000| Untracked 
|  77|0x0000000617c00000, 0x0000000617c00000, 0x0000000618000000|  0%| F|  |TAMS 0x0000000617c00000, 0x0000000617c00000| Untracked 
|  78|0x0000000618000000, 0x0000000618000000, 0x0000000618400000|  0%| F|  |TAMS 0x0000000618000000, 0x0000000618000000| Untracked 
|  79|0x0000000618400000, 0x0000000618400000, 0x0000000618800000|  0%| F|  |TAMS 0x0000000618400000, 0x0000000618400000| Untracked 
|  80|0x0000000618800000, 0x0000000618800000, 0x0000000618c00000|  0%| F|  |TAMS 0x0000000618800000, 0x0000000618800000| Untracked 
|  81|0x0000000618c00000, 0x0000000618c00000, 0x0000000619000000|  0%| F|  |TAMS 0x0000000618c00000, 0x0000000618c00000| Untracked 
|  82|0x0000000619000000, 0x0000000619000000, 0x0000000619400000|  0%| F|  |TAMS 0x0000000619000000, 0x0000000619000000| Untracked 
|  83|0x0000000619400000, 0x0000000619400000, 0x0000000619800000|  0%| F|  |TAMS 0x0000000619400000, 0x0000000619400000| Untracked 
|  84|0x0000000619800000, 0x0000000619800000, 0x0000000619c00000|  0%| F|  |TAMS 0x0000000619800000, 0x0000000619800000| Untracked 
|  85|0x0000000619c00000, 0x0000000619c00000, 0x000000061a000000|  0%| F|  |TAMS 0x0000000619c00000, 0x0000000619c00000| Untracked 
|  86|0x000000061a000000, 0x000000061a000000, 0x000000061a400000|  0%| F|  |TAMS 0x000000061a000000, 0x000000061a000000| Untracked 
|  87|0x000000061a400000, 0x000000061a800000, 0x000000061a800000|100%| E|  |TAMS 0x000000061a400000, 0x000000061a400000| Complete 
|  88|0x000000061a800000, 0x000000061ac00000, 0x000000061ac00000|100%| E|CS|TAMS 0x000000061a800000, 0x000000061a800000| Complete 
|  89|0x000000061ac00000, 0x000000061b000000, 0x000000061b000000|100%| E|CS|TAMS 0x000000061ac00000, 0x000000061ac00000| Complete 
|  90|0x000000061b000000, 0x000000061b400000, 0x000000061b400000|100%| E|CS|TAMS 0x000000061b000000, 0x000000061b000000| Complete 
|  91|0x000000061b400000, 0x000000061b800000, 0x000000061b800000|100%| E|CS|TAMS 0x000000061b400000, 0x000000061b400000| Complete 
|  92|0x000000061b800000, 0x000000061bc00000, 0x000000061bc00000|100%| E|CS|TAMS 0x000000061b800000, 0x000000061b800000| Complete 
|  93|0x000000061bc00000, 0x000000061c000000, 0x000000061c000000|100%| E|CS|TAMS 0x000000061bc00000, 0x000000061bc00000| Complete 
|  94|0x000000061c000000, 0x000000061c400000, 0x000000061c400000|100%| E|CS|TAMS 0x000000061c000000, 0x000000061c000000| Complete 
|  95|0x000000061c400000, 0x000000061c800000, 0x000000061c800000|100%| E|CS|TAMS 0x000000061c400000, 0x000000061c400000| Complete 
|  96|0x000000061c800000, 0x000000061cc00000, 0x000000061cc00000|100%| E|CS|TAMS 0x000000061c800000, 0x000000061c800000| Complete 
|  97|0x000000061cc00000, 0x000000061d000000, 0x000000061d000000|100%| E|CS|TAMS 0x000000061cc00000, 0x000000061cc00000| Complete 
|  98|0x000000061d000000, 0x000000061d400000, 0x000000061d400000|100%| E|CS|TAMS 0x000000061d000000, 0x000000061d000000| Complete 
|  99|0x000000061d400000, 0x000000061d800000, 0x000000061d800000|100%| E|CS|TAMS 0x000000061d400000, 0x000000061d400000| Complete 
| 100|0x000000061d800000, 0x000000061dc00000, 0x000000061dc00000|100%| E|CS|TAMS 0x000000061d800000, 0x000000061d800000| Complete 
| 101|0x000000061dc00000, 0x000000061e000000, 0x000000061e000000|100%| E|CS|TAMS 0x000000061dc00000, 0x000000061dc00000| Complete 
| 102|0x000000061e000000, 0x000000061e400000, 0x000000061e400000|100%| E|CS|TAMS 0x000000061e000000, 0x000000061e000000| Complete 
| 103|0x000000061e400000, 0x000000061e800000, 0x000000061e800000|100%| E|CS|TAMS 0x000000061e400000, 0x000000061e400000| Complete 
| 104|0x000000061e800000, 0x000000061ec00000, 0x000000061ec00000|100%| E|CS|TAMS 0x000000061e800000, 0x000000061e800000| Complete 
| 105|0x000000061ec00000, 0x000000061f000000, 0x000000061f000000|100%| E|CS|TAMS 0x000000061ec00000, 0x000000061ec00000| Complete 
| 106|0x000000061f000000, 0x000000061f400000, 0x000000061f400000|100%| E|CS|TAMS 0x000000061f000000, 0x000000061f000000| Complete 
| 107|0x000000061f400000, 0x000000061f800000, 0x000000061f800000|100%| E|CS|TAMS 0x000000061f400000, 0x000000061f400000| Complete 
| 108|0x000000061f800000, 0x000000061fc00000, 0x000000061fc00000|100%| E|CS|TAMS 0x000000061f800000, 0x000000061f800000| Complete 
| 109|0x000000061fc00000, 0x0000000620000000, 0x0000000620000000|100%| E|CS|TAMS 0x000000061fc00000, 0x000000061fc00000| Complete 
| 110|0x0000000620000000, 0x0000000620400000, 0x0000000620400000|100%| E|CS|TAMS 0x0000000620000000, 0x0000000620000000| Complete 
| 111|0x0000000620400000, 0x0000000620800000, 0x0000000620800000|100%| E|CS|TAMS 0x0000000620400000, 0x0000000620400000| Complete 
| 112|0x0000000620800000, 0x0000000620c00000, 0x0000000620c00000|100%| E|CS|TAMS 0x0000000620800000, 0x0000000620800000| Complete 
| 113|0x0000000620c00000, 0x0000000621000000, 0x0000000621000000|100%| E|CS|TAMS 0x0000000620c00000, 0x0000000620c00000| Complete 
| 114|0x0000000621000000, 0x0000000621400000, 0x0000000621400000|100%| E|CS|TAMS 0x0000000621000000, 0x0000000621000000| Complete 
| 115|0x0000000621400000, 0x0000000621800000, 0x0000000621800000|100%| E|CS|TAMS 0x0000000621400000, 0x0000000621400000| Complete 
| 116|0x0000000621800000, 0x0000000621c00000, 0x0000000621c00000|100%| E|CS|TAMS 0x0000000621800000, 0x0000000621800000| Complete 
| 117|0x0000000621c00000, 0x0000000622000000, 0x0000000622000000|100%| E|CS|TAMS 0x0000000621c00000, 0x0000000621c00000| Complete 
| 118|0x0000000622000000, 0x0000000622400000, 0x0000000622400000|100%| E|CS|TAMS 0x0000000622000000, 0x0000000622000000| Complete 
| 119|0x0000000622400000, 0x0000000622800000, 0x0000000622800000|100%| E|CS|TAMS 0x0000000622400000, 0x0000000622400000| Complete 
| 120|0x0000000622800000, 0x0000000622c00000, 0x0000000622c00000|100%| E|CS|TAMS 0x0000000622800000, 0x0000000622800000| Complete 
| 121|0x0000000622c00000, 0x0000000623000000, 0x0000000623000000|100%| E|CS|TAMS 0x0000000622c00000, 0x0000000622c00000| Complete 
| 122|0x0000000623000000, 0x0000000623400000, 0x0000000623400000|100%| E|CS|TAMS 0x0000000623000000, 0x0000000623000000| Complete 
| 123|0x0000000623400000, 0x0000000623800000, 0x0000000623800000|100%| E|CS|TAMS 0x0000000623400000, 0x0000000623400000| Complete 
| 124|0x0000000623800000, 0x0000000623c00000, 0x0000000623c00000|100%| E|CS|TAMS 0x0000000623800000, 0x0000000623800000| Complete 
| 125|0x0000000623c00000, 0x0000000624000000, 0x0000000624000000|100%| E|CS|TAMS 0x0000000623c00000, 0x0000000623c00000| Complete 
| 126|0x0000000624000000, 0x0000000624400000, 0x0000000624400000|100%| E|CS|TAMS 0x0000000624000000, 0x0000000624000000| Complete 

Card table byte_map: [0x000001db7dd10000,0x000001db7ecf0000] _byte_map_base: 0x000001db7acec000

Marking Bits (Prev, Next): (CMBitMap*) 0x000001db657fe090, (CMBitMap*) 0x000001db657fe0d0
 Prev Bits: [0x000001db00000000, 0x000001db07ee0000)
 Next Bits: [0x000001db07ee0000, 0x000001db0fdc0000)

Polling page: 0x000001db636c0000

Metaspace:

Usage:
  Non-class:     14.27 MB used.
      Class:      1.09 MB used.
       Both:     15.36 MB used.

Virtual space:
  Non-class space:       64.00 MB reserved,      14.38 MB ( 22%) committed,  1 nodes.
      Class space:        1.00 GB reserved,       1.19 MB ( <1%) committed,  1 nodes.
             Both:        1.06 GB reserved,      15.56 MB (  1%) committed. 

Chunk freelists:
   Non-Class:  1.45 MB
       Class:  14.85 MB
        Both:  16.31 MB

MaxMetaspaceSize: unlimited
CompressedClassSpaceSize: 1.00 GB
Initial GC threshold: 21.00 MB
Current GC threshold: 21.00 MB
CDS: on
MetaspaceReclaimPolicy: balanced
 - commit_granule_bytes: 65536.
 - commit_granule_words: 8192.
 - virtual_space_node_default_size: 8388608.
 - enlarge_chunks_in_place: 1.
 - new_chunks_are_fully_committed: 0.
 - uncommit_free_chunks: 1.
 - use_allocation_guard: 0.
 - handle_deallocations: 1.


Internal statistics:

num_allocs_failed_limit: 0.
num_arena_births: 130.
num_arena_deaths: 0.
num_vsnodes_births: 2.
num_vsnodes_deaths: 0.
num_space_committed: 245.
num_space_uncommitted: 0.
num_chunks_returned_to_freelist: 0.
num_chunks_taken_from_freelist: 449.
num_chunk_merges: 0.
num_chunk_splits: 352.
num_chunks_enlarged: 282.
num_inconsistent_stats: 0.

CodeHeap 'non-profiled nmethods': size=119168Kb used=2265Kb max_used=2265Kb free=116902Kb
 bounds [0x000001db74e30000, 0x000001db750a0000, 0x000001db7c290000]
CodeHeap 'profiled nmethods': size=119104Kb used=6075Kb max_used=6075Kb free=113028Kb
 bounds [0x000001db6d290000, 0x000001db6d880000, 0x000001db746e0000]
CodeHeap 'non-nmethods': size=7488Kb used=1660Kb max_used=3383Kb free=5827Kb
 bounds [0x000001db746e0000, 0x000001db74a40000, 0x000001db74e30000]
 total_blobs=4074 nmethods=3062 adapters=925
 compilation: enabled
              stopped_count=0, restarted_count=0
 full_count=0

Compilation events (20 events):
Event: 288.807 Thread 0x000001db7ffc15c0 3055       1       com.jogamp.newt.event.MouseEvent$PointerType::getPointerClass (5 bytes)
Event: 288.807 Thread 0x000001db7ffc15c0 nmethod 3055 0x000001db75064a10 code [0x000001db75064ba0, 0x000001db75064c78]
Event: 288.822 Thread 0x000001db7ffc15c0 3056       3       com.jogamp.newt.event.MouseEvent::getPointerType (23 bytes)
Event: 288.823 Thread 0x000001db7ffc15c0 nmethod 3056 0x000001db6d87dd10 code [0x000001db6d87dec0, 0x000001db6d87e078]
Event: 288.838 Thread 0x000001db7ffc15c0 3057       3       jogamp.newt.WindowImpl::getSurfaceWidth (7 bytes)
Event: 288.838 Thread 0x000001db7ffc15c0 nmethod 3057 0x000001db6d87e110 code [0x000001db6d87e2a0, 0x000001db6d87e3d8]
Event: 288.838 Thread 0x000001db7ffc15c0 3058       3       jogamp.newt.WindowImpl::getSurfaceHeight (7 bytes)
Event: 288.838 Thread 0x000001db7ffc15c0 nmethod 3058 0x000001db6d87e490 code [0x000001db6d87e620, 0x000001db6d87e758]
Event: 288.869 Thread 0x000001db7ffc15c0 3059       1       processing.event.MouseEvent::getX (5 bytes)
Event: 288.869 Thread 0x000001db7ffc15c0 nmethod 3059 0x000001db75064d10 code [0x000001db75064ea0, 0x000001db75064f78]
Event: 288.869 Thread 0x000001db7ffc15c0 3060       1       processing.event.MouseEvent::getY (5 bytes)
Event: 288.869 Thread 0x000001db7ffc15c0 nmethod 3060 0x000001db75065010 code [0x000001db750651a0, 0x000001db75065278]
Event: 289.238 Thread 0x000001db7ffc0b10 3061       4       processing.core.PGraphics::colorCalc (202 bytes)
Event: 289.239 Thread 0x000001db7ffc0b10 nmethod 3061 0x000001db75065310 code [0x000001db750654c0, 0x000001db75065778]
Event: 289.674 Thread 0x000001db7ffc0b10 3062       4       processing.opengl.PGraphicsOpenGL::completeFinishedPixelTransfers (68 bytes)
Event: 289.680 Thread 0x000001db7ffc0b10 nmethod 3062 0x000001db75065890 code [0x000001db75065a40, 0x000001db75066088]
Event: 289.703 Thread 0x000001db7ffc15c0 3063       3       com.jogamp.nativewindow.DefaultGraphicsDevice::lock (10 bytes)
Event: 289.704 Thread 0x000001db7ffc15c0 nmethod 3063 0x000001db6d87e810 code [0x000001db6d87e9c0, 0x000001db6d87eba8]
Event: 289.712 Thread 0x000001db7ffc15c0 3064       1       java.nio.DirectByteBuffer::attachment (5 bytes)
Event: 289.712 Thread 0x000001db7ffc15c0 nmethod 3064 0x000001db75066490 code [0x000001db75066620, 0x000001db750666f8]

GC Heap History (10 events):
Event: 0.749 GC heap before
{Heap before GC invocations=0 (full 0):
 garbage-first heap   total 520192K, used 20480K [0x0000000604800000, 0x0000000800000000)
  region size 4096K, 6 young (24576K), 0 survivors (0K)
 Metaspace       used 10989K, committed 11200K, reserved 1114112K
  class space    used 748K, committed 832K, reserved 1048576K
}
Event: 0.756 GC heap after
{Heap after GC invocations=1 (full 0):
 garbage-first heap   total 520192K, used 2892K [0x0000000604800000, 0x0000000800000000)
  region size 4096K, 1 young (4096K), 1 survivors (4096K)
 Metaspace       used 10989K, committed 11200K, reserved 1114112K
  class space    used 748K, committed 832K, reserved 1048576K
}
Event: 3.038 GC heap before
{Heap before GC invocations=1 (full 0):
 garbage-first heap   total 520192K, used 43852K [0x0000000604800000, 0x0000000800000000)
  region size 4096K, 11 young (45056K), 1 survivors (4096K)
 Metaspace       used 15118K, committed 15360K, reserved 1114112K
  class space    used 1111K, committed 1216K, reserved 1048576K
}
Event: 3.050 GC heap after
{Heap after GC invocations=2 (full 0):
 garbage-first heap   total 520192K, used 6719K [0x0000000604800000, 0x0000000800000000)
  region size 4096K, 2 young (8192K), 2 survivors (8192K)
 Metaspace       used 15118K, committed 15360K, reserved 1114112K
  class space    used 1111K, committed 1216K, reserved 1048576K
}
Event: 22.396 GC heap before
{Heap before GC invocations=2 (full 0):
 garbage-first heap   total 520192K, used 76351K [0x0000000604800000, 0x0000000800000000)
  region size 4096K, 19 young (77824K), 2 survivors (8192K)
 Metaspace       used 15660K, committed 15808K, reserved 1114112K
  class space    used 1113K, committed 1216K, reserved 1048576K
}
Event: 22.400 GC heap after
{Heap after GC invocations=3 (full 0):
 garbage-first heap   total 520192K, used 6911K [0x0000000604800000, 0x0000000800000000)
  region size 4096K, 2 young (8192K), 2 survivors (8192K)
 Metaspace       used 15660K, committed 15808K, reserved 1114112K
  class space    used 1113K, committed 1216K, reserved 1048576K
}
Event: 137.920 GC heap before
{Heap before GC invocations=3 (full 0):
 garbage-first heap   total 520192K, used 310015K [0x0000000604800000, 0x0000000800000000)
  region size 4096K, 76 young (311296K), 2 survivors (8192K)
 Metaspace       used 15668K, committed 15872K, reserved 1114112K
  class space    used 1113K, committed 1216K, reserved 1048576K
}
Event: 137.923 GC heap after
{Heap after GC invocations=4 (full 0):
 garbage-first heap   total 520192K, used 6894K [0x0000000604800000, 0x0000000800000000)
  region size 4096K, 2 young (8192K), 2 survivors (8192K)
 Metaspace       used 15668K, committed 15872K, reserved 1114112K
  class space    used 1113K, committed 1216K, reserved 1048576K
}
Event: 238.999 GC heap before
{Heap before GC invocations=4 (full 0):
 garbage-first heap   total 520192K, used 309998K [0x0000000604800000, 0x0000000800000000)
  region size 4096K, 76 young (311296K), 2 survivors (8192K)
 Metaspace       used 15669K, committed 15872K, reserved 1114112K
  class space    used 1113K, committed 1216K, reserved 1048576K
}
Event: 239.001 GC heap after
{Heap after GC invocations=5 (full 0):
 garbage-first heap   total 520192K, used 6889K [0x0000000604800000, 0x0000000800000000)
  region size 4096K, 2 young (8192K), 2 survivors (8192K)
 Metaspace       used 15669K, committed 15872K, reserved 1114112K
  class space    used 1113K, committed 1216K, reserved 1048576K
}

Dll operation events (18 events):
Event: 0.004 Loaded shared library C:\Program Files\Processing\app\resources\jdk-17.0.14+7\bin\java.dll
Event: 0.017 Loaded shared library C:\Program Files\Processing\app\resources\jdk-17.0.14+7\bin\jsvml.dll
Event: 0.096 Loaded shared library C:\Program Files\Processing\app\resources\jdk-17.0.14+7\bin\net.dll
Event: 0.097 Loaded shared library C:\Program Files\Processing\app\resources\jdk-17.0.14+7\bin\nio.dll
Event: 0.099 Loaded shared library C:\Program Files\Processing\app\resources\jdk-17.0.14+7\bin\zip.dll
Event: 0.131 Loaded shared library C:\Program Files\Processing\app\resources\jdk-17.0.14+7\bin\jimage.dll
Event: 0.134 Loaded shared library C:\Program Files\Processing\app\resources\jdk-17.0.14+7\bin\awt.dll
Event: 0.380 Loaded shared library C:\Users\joseb\AppData\Local\Temp\jogamp_0000\file_cache\jln14738252904792461193\jln12873848255743052219\natives\windows-amd64\gluegen_rt.dll
Event: 0.385 Loaded shared library C:\Program Files\Processing\app\resources\jdk-17.0.14+7\bin\jawt.dll
Event: 0.394 Loaded shared library C:\Users\joseb\AppData\Local\Temp\jogamp_0000\file_cache\jln14738252904792461193\jln12873848255743052219\natives\windows-amd64\nativewindow_awt.dll
Event: 0.413 Loaded shared library C:\Users\joseb\AppData\Local\Temp\jogamp_0000\file_cache\jln14738252904792461193\jln12873848255743052219\natives\windows-amd64\nativewindow_win32.dll
Event: 0.483 Loaded shared library C:\Users\joseb\AppData\Local\Temp\jogamp_0000\file_cache\jln14738252904792461193\jln12873848255743052219\natives\windows-amd64\jogl_desktop.dll
Event: 0.557 Loaded shared library C:\Users\joseb\AppData\Local\Temp\jogamp_0000\file_cache\jln14738252904792461193\jln12873848255743052219\natives\windows-amd64\jogl_mobile.dll
Event: 1.045 Loaded shared library C:\Users\joseb\AppData\Local\Temp\jogamp_0000\file_cache\jln14738252904792461193\jln12873848255743052219\natives\windows-amd64\newt_head.dll
Event: 1.181 Loaded shared library C:\Program Files\Processing\app\resources\jdk-17.0.14+7\bin\freetype.dll
Event: 1.182 Loaded shared library C:\Program Files\Processing\app\resources\jdk-17.0.14+7\bin\fontmanager.dll
Event: 1.327 Loaded shared library C:\Program Files\Processing\app\resources\jdk-17.0.14+7\bin\verify.dll
Event: 1.356 Loaded shared library C:\Program Files\Processing\app\resources\jdk-17.0.14+7\bin\extnet.dll

Deoptimization events (20 events):
Event: 289.698 Thread 0x000001db54bcd0b0 Uncommon trap: trap_request=0xffffffde fr.pc=0x000001db74ffd074 relative=0x00000000000002f4
Event: 289.698 Thread 0x000001db54bcd0b0 Uncommon trap: reason=class_check action=maybe_recompile pc=0x000001db74ffd074 method=jogamp.opengl.GLDrawableImpl.lockSurface()I @ 4 c2
Event: 289.698 Thread 0x000001db54bcd0b0 DEOPT PACKING pc=0x000001db74ffd074 sp=0x000000c6cecfef40
Event: 289.698 Thread 0x000001db54bcd0b0 DEOPT UNPACKING pc=0x000001db747369a3 sp=0x000000c6cecfef08 mode 2
Event: 289.699 Thread 0x000001db54bcd0b0 Uncommon trap: trap_request=0xffffffde fr.pc=0x000001db75027998 relative=0x0000000000000738
Event: 289.699 Thread 0x000001db54bcd0b0 Uncommon trap: reason=class_check action=maybe_recompile pc=0x000001db75027998 method=jogamp.opengl.GLDrawableImpl.lockSurface()I @ 4 c2
Event: 289.699 Thread 0x000001db54bcd0b0 DEOPT PACKING pc=0x000001db75027998 sp=0x000000c6cecfeec0
Event: 289.699 Thread 0x000001db54bcd0b0 DEOPT UNPACKING pc=0x000001db747369a3 sp=0x000000c6cecfedf8 mode 2
Event: 289.699 Thread 0x000001db54bcd0b0 Uncommon trap: trap_request=0xffffffde fr.pc=0x000001db75042e20 relative=0x0000000000000160
Event: 289.699 Thread 0x000001db54bcd0b0 Uncommon trap: reason=class_check action=maybe_recompile pc=0x000001db75042e20 method=jogamp.opengl.GLDrawableImpl.getHandle()J @ 4 c2
Event: 289.699 Thread 0x000001db54bcd0b0 DEOPT PACKING pc=0x000001db75042e20 sp=0x000000c6cecfee30
Event: 289.699 Thread 0x000001db54bcd0b0 DEOPT UNPACKING pc=0x000001db747369a3 sp=0x000000c6cecfed08 mode 2
Event: 289.699 Thread 0x000001db54bcd0b0 Uncommon trap: trap_request=0xffffff45 fr.pc=0x000001db750443ec relative=0x0000000000000d8c
Event: 289.699 Thread 0x000001db54bcd0b0 Uncommon trap: reason=unstable_if action=reinterpret pc=0x000001db750443ec method=jogamp.opengl.GLContextImpl.release(Z)V @ 167 c2
Event: 289.699 Thread 0x000001db54bcd0b0 DEOPT PACKING pc=0x000001db750443ec sp=0x000000c6cecfeef0
Event: 289.699 Thread 0x000001db54bcd0b0 DEOPT UNPACKING pc=0x000001db747369a3 sp=0x000000c6cecfeef8 mode 2
Event: 289.712 Thread 0x000001db5413ec50 Uncommon trap: trap_request=0xffffff45 fr.pc=0x000001db750136e8 relative=0x0000000000000068
Event: 289.712 Thread 0x000001db5413ec50 Uncommon trap: reason=unstable_if action=reinterpret pc=0x000001db750136e8 method=java.util.ArrayList.clear()V @ 29 c2
Event: 289.712 Thread 0x000001db5413ec50 DEOPT PACKING pc=0x000001db750136e8 sp=0x000000c6ce8ff1b0
Event: 289.712 Thread 0x000001db5413ec50 DEOPT UNPACKING pc=0x000001db747369a3 sp=0x000000c6ce8ff130 mode 2

Classes loaded (20 events):
Event: 2.418 Loading class java/util/regex/Pattern$Neg
Event: 2.418 Loading class java/util/regex/Pattern$Neg done
Event: 2.418 Loading class java/util/regex/Pattern$Pos
Event: 2.418 Loading class java/util/regex/Pattern$Pos done
Event: 2.422 Loading class java/util/regex/Pattern$SliceS
Event: 2.422 Loading class java/util/regex/Pattern$SliceS done
Event: 2.881 Loading class sun/awt/AppContext$PostShutdownEventRunnable
Event: 2.881 Loading class sun/awt/AppContext$PostShutdownEventRunnable done
Event: 2.882 Loading class sun/awt/AWTAutoShutdown$1
Event: 2.882 Loading class sun/awt/AWTAutoShutdown$1 done
Event: 2.882 Loading class java/util/concurrent/locks/AbstractQueuedSynchronizer$ExclusiveNode
Event: 2.882 Loading class java/util/concurrent/locks/AbstractQueuedSynchronizer$ExclusiveNode done
Event: 289.673 Loading class sun/nio/ch/SocketDispatcher
Event: 289.673 Loading class sun/nio/ch/SocketDispatcher done
Event: 289.674 Loading class java/nio/channels/AsynchronousCloseException
Event: 289.674 Loading class java/nio/channels/ClosedChannelException
Event: 289.674 Loading class java/nio/channels/ClosedChannelException done
Event: 289.674 Loading class java/nio/channels/AsynchronousCloseException done
Event: 289.675 Loading class sun/font/SunFontManager$8$1
Event: 289.675 Loading class sun/font/SunFontManager$8$1 done

Classes unloaded (0 events):
No events

Classes redefined (0 events):
No events

Internal exceptions (20 events):
Event: 0.140 Thread 0x000001db6574bed0 Exception <a 'java/io/FileNotFoundException'{0x0000000623d4edf0}> (0x0000000623d4edf0) 
thrown [s\src\hotspot\share\prims\jni.cpp, line 516]
Event: 0.144 Thread 0x000001db6574bed0 Exception <a 'java/io/FileNotFoundException'{0x0000000623d7bcd8}> (0x0000000623d7bcd8) 
thrown [s\src\hotspot\share\prims\jni.cpp, line 516]
Event: 0.166 Thread 0x000001db6574bed0 Exception <a 'java/lang/NoSuchMethodError'{0x0000000623e2bfe0}: 'java.lang.Object java.lang.invoke.DirectMethodHandle$Holder.invokeStaticInit(java.lang.Object)'> (0x0000000623e2bfe0) 
thrown [s\src\hotspot\share\interpreter\linkResolver.cpp, line 759]
Event: 0.274 Thread 0x000001db6574bed0 Exception <a 'java/lang/NoSuchMethodError'{0x0000000623a2cac0}: 'java.lang.Object java.lang.invoke.DirectMethodHandle$Holder.invokeStaticInit(java.lang.Object, int, int, int, int)'> (0x0000000623a2cac0) 
thrown [s\src\hotspot\share\interpreter\linkResolver.cpp, line 759]
Event: 0.302 Thread 0x000001db6574bed0 Exception <a 'java/lang/NoSuchMethodError'{0x0000000623b1c988}: 'java.lang.Object java.lang.invoke.DirectMethodHandle$Holder.invokeStaticInit(java.lang.Object, java.lang.Object, int, int, int, int)'> (0x0000000623b1c988) 
thrown [s\src\hotspot\share\interpreter\linkResolver.cpp, line 759]
Event: 0.320 Thread 0x000001db6574bed0 Exception <a 'java/lang/NoSuchMethodError'{0x0000000623b28028}: 'void java.lang.invoke.DirectMethodHandle$Holder.invokeStatic(java.lang.Object, long)'> (0x0000000623b28028) 
thrown [s\src\hotspot\share\interpreter\linkResolver.cpp, line 759]
Event: 0.320 Thread 0x000001db6574bed0 Exception <a 'java/lang/NoSuchMethodError'{0x0000000623b2d608}: 'java.lang.Object java.lang.invoke.DirectMethodHandle$Holder.newInvokeSpecial(java.lang.Object, long)'> (0x0000000623b2d608) 
thrown [s\src\hotspot\share\interpreter\linkResolver.cpp, line 759]
Event: 0.322 Thread 0x000001db6574bed0 Exception <a 'java/lang/NoSuchMethodError'{0x0000000623b37ea0}: 'java.lang.Object java.lang.invoke.DirectMethodHandle$Holder.invokeStaticInit(java.lang.Object, java.lang.Object, long, java.lang.Object)'> (0x0000000623b37ea0) 
thrown [s\src\hotspot\share\interpreter\linkResolver.cpp, line 759]
Event: 0.322 Thread 0x000001db6574bed0 Exception <a 'java/lang/NoSuchMethodError'{0x0000000623b3e460}: 'java.lang.Object java.lang.invoke.DirectMethodHandle$Holder.newInvokeSpecial(java.lang.Object, java.lang.Object, long)'> (0x0000000623b3e460) 
thrown [s\src\hotspot\share\interpreter\linkResolver.cpp, line 759]
Event: 0.322 Thread 0x000001db6574bed0 Exception <a 'java/lang/NoSuchMethodError'{0x0000000623b41fd0}: 'java.lang.Object java.lang.invoke.Invokers$Holder.linkToTargetMethod(java.lang.Object, long, java.lang.Object)'> (0x0000000623b41fd0) 
thrown [s\src\hotspot\share\interpreter\linkResolver.cpp, line 759]
Event: 0.401 Thread 0x000001db6574bed0 Exception <a 'java/lang/NoSuchMethodError'{0x00000006234b31f8}: 'java.lang.Object java.lang.invoke.DirectMethodHandle$Holder.invokeInterface(java.lang.Object, java.lang.Object)'> (0x00000006234b31f8) 
thrown [s\src\hotspot\share\interpreter\linkResolver.cpp, line 759]
Event: 0.402 Thread 0x000001db6574bed0 Exception <a 'java/lang/IncompatibleClassChangeError'{0x00000006234b6b18}: Found class java.lang.Object, but interface was expected> (0x00000006234b6b18) 
thrown [s\src\hotspot\share\interpreter\linkResolver.cpp, line 826]
Event: 1.103 Thread 0x000001db6574bed0 Exception <a 'java/lang/NoSuchMethodError'{0x000000062373e610}: 'void java.lang.invoke.DirectMethodHandle$Holder.invokeSpecial(java.lang.Object, java.lang.Object, java.lang.Object, java.lang.Object, java.lang.Object)'> (0x000000062373e610) 
thrown [s\src\hotspot\share\interpreter\linkResolver.cpp, line 759]
Event: 1.104 Thread 0x000001db6574bed0 Exception <a 'java/lang/NoSuchMethodError'{0x00000006237477e0}: 'void java.lang.invoke.DirectMethodHandle$Holder.invokeSpecial(java.lang.Object, java.lang.Object, java.lang.Object)'> (0x00000006237477e0) 
thrown [s\src\hotspot\share\interpreter\linkResolver.cpp, line 759]
Event: 1.105 Thread 0x000001db6574bed0 Exception <a 'java/lang/NoSuchMethodError'{0x000000062374db10}: 'void java.lang.invoke.DirectMethodHandle$Holder.invokeSpecial(java.lang.Object, java.lang.Object, int)'> (0x000000062374db10) 
thrown [s\src\hotspot\share\interpreter\linkResolver.cpp, line 759]
Event: 1.105 Thread 0x000001db6574bed0 Exception <a 'java/lang/NoSuchMethodError'{0x0000000623753b28}: 'java.lang.Object java.lang.invoke.DirectMethodHandle$Holder.newInvokeSpecial(java.lang.Object, java.lang.Object, int)'> (0x0000000623753b28) 
thrown [s\src\hotspot\share\interpreter\linkResolver.cpp, line 759]
Event: 2.365 Thread 0x000001db5413dd20 Implicit null exception at 0x000001db74eb01dd to 0x000001db74eb0290
Event: 2.365 Thread 0x000001db5413dd20 Implicit null exception at 0x000001db74eb0ef1 to 0x000001db74eb0f70
Event: 289.674 Thread 0x000001db5413dd20 Exception <a 'java/net/SocketException'{0x000000061af7ae70}: Interrupted function call: recvfrom> (0x000000061af7ae70) 
thrown [s\src\hotspot\share\prims\jni.cpp, line 535]
Event: 289.674 Thread 0x000001db54140ab0 Exception <a 'java/lang/InterruptedException'{0x000000061a800000}> (0x000000061a800000) 
thrown [s\src\hotspot\share\runtime\objectMonitor.cpp, line 1658]

VM Operations (20 events):
Event: 141.954 Executing VM operation: Cleanup done
Event: 144.986 Executing VM operation: Cleanup
Event: 144.986 Executing VM operation: Cleanup done
Event: 145.997 Executing VM operation: Cleanup
Event: 145.997 Executing VM operation: Cleanup done
Event: 149.023 Executing VM operation: Cleanup
Event: 149.023 Executing VM operation: Cleanup done
Event: 152.043 Executing VM operation: Cleanup
Event: 152.043 Executing VM operation: Cleanup done
Event: 156.077 Executing VM operation: Cleanup
Event: 156.077 Executing VM operation: Cleanup done
Event: 173.236 Executing VM operation: Cleanup
Event: 173.236 Executing VM operation: Cleanup done
Event: 180.293 Executing VM operation: Cleanup
Event: 180.293 Executing VM operation: Cleanup done
Event: 238.999 Executing VM operation: G1CollectForAllocation
Event: 239.001 Executing VM operation: G1CollectForAllocation done
Event: 287.427 Executing VM operation: Cleanup
Event: 287.427 Executing VM operation: Cleanup done
Event: 289.776 Executing VM operation: Exit

Memory protections (0 events):
No events

Nmethod flushes (0 events):
No events

Events (20 events):
Event: 284.761 Thread 0x000001db5413e740 Thread exited: 0x000001db5413e740
Event: 288.218 Thread 0x000001db545c7470 Thread added: 0x000001db5413e740
Event: 289.222 Thread 0x000001db5413e740 Thread exited: 0x000001db5413e740
Event: 289.230 Thread 0x000001db545c7470 Thread added: 0x000001db54140fc0
Event: 289.674 Thread 0x000001db5413dd20 Thread exited: 0x000001db5413dd20
Event: 289.674 Thread 0x000001db5413fb80 Thread added: 0x000001db5413e740
Event: 289.674 Thread 0x000001db5413fb80 Thread added: 0x000001db5413dd20
Event: 289.674 Thread 0x000001db5413fb80 Thread added: 0x000001db5413f160
Event: 289.674 Thread 0x000001db54140ab0 Thread exited: 0x000001db54140ab0
Event: 289.674 Thread 0x000001db5413fb80 Thread added: 0x000001db5413ec50
Event: 289.675 Thread 0x000001db5413dd20 Thread exited: 0x000001db5413dd20
Event: 289.676 Thread 0x000001db5acddeb0 Thread exited: 0x000001db5acddeb0
Event: 289.676 Thread 0x000001db5413f160 Thread exited: 0x000001db5413f160
Event: 289.679 Thread 0x000001db545c7470 Thread exited: 0x000001db545c7470
Event: 289.709 Thread 0x000001db54bcd0b0 Thread exited: 0x000001db54bcd0b0
Event: 289.712 Thread 0x000001db5413ec50 Thread exited: 0x000001db5413ec50
Event: 289.775 Thread 0x000001db5413e740 Thread exited: 0x000001db5413e740
Event: 289.775 Thread 0x000001db5413fb80 Before exit entered
Event: 289.776 Thread 0x000001db54233f50 Thread exited: 0x000001db54233f50
Event: 289.776 Thread 0x000001db54247d10 Thread exited: 0x000001db54247d10


Dynamic libraries:
0x00007ff6e6130000 - 0x00007ff6e613e000 	C:\Program Files\Processing\app\resources\jdk-17.0.14+7\bin\java.exe
0x00007ffeedba0000 - 0x00007ffeedda9000 	C:\Windows\SYSTEM32\ntdll.dll
0x00007ffeec770000 - 0x00007ffeec82d000 	C:\Windows\System32\KERNEL32.DLL
0x00007ffeeb660000 - 0x00007ffeeb9e4000 	C:\Windows\System32\KERNELBASE.dll
0x00007ffeeb540000 - 0x00007ffeeb651000 	C:\Windows\System32\ucrtbase.dll
0x00007ffee15f0000 - 0x00007ffee160e000 	C:\Program Files\Processing\app\resources\jdk-17.0.14+7\bin\VCRUNTIME140.dll
0x00007ffee1570000 - 0x00007ffee1587000 	C:\Program Files\Processing\app\resources\jdk-17.0.14+7\bin\jli.dll
0x00007ffeed800000 - 0x00007ffeed9ad000 	C:\Windows\System32\USER32.dll
0x00007ffeeb200000 - 0x00007ffeeb226000 	C:\Windows\System32\win32u.dll
0x00007ffeec120000 - 0x00007ffeec14a000 	C:\Windows\System32\GDI32.dll
0x00007ffeeb3a0000 - 0x00007ffeeb4be000 	C:\Windows\System32\gdi32full.dll
0x00007ffed74e0000 - 0x00007ffed7785000 	C:\Windows\WinSxS\amd64_microsoft.windows.common-controls_6595b64144ccf1df_6.0.22000.120_none_9d947278b86cc467\COMCTL32.dll
0x00007ffeeb030000 - 0x00007ffeeb0cd000 	C:\Windows\System32\msvcp_win.dll
0x00007ffeed4f0000 - 0x00007ffeed593000 	C:\Windows\System32\msvcrt.dll
0x00007ffeec450000 - 0x00007ffeec481000 	C:\Windows\System32\IMM32.DLL
0x00007ffee1ac0000 - 0x00007ffee1acc000 	C:\Program Files\Processing\app\resources\jdk-17.0.14+7\bin\vcruntime140_1.dll
0x00007ffed1500000 - 0x00007ffed158d000 	C:\Program Files\Processing\app\resources\jdk-17.0.14+7\bin\msvcp140.dll
0x00007ffe3c270000 - 0x00007ffe3cedb000 	C:\Program Files\Processing\app\resources\jdk-17.0.14+7\bin\server\jvm.dll
0x00007ffeed9b0000 - 0x00007ffeeda5e000 	C:\Windows\System32\ADVAPI32.dll
0x00007ffeebfa0000 - 0x00007ffeec03e000 	C:\Windows\System32\sechost.dll
0x00007ffeec310000 - 0x00007ffeec431000 	C:\Windows\System32\RPCRT4.dll
0x00007ffeed770000 - 0x00007ffeed7df000 	C:\Windows\System32\WS2_32.dll
0x00007ffee9990000 - 0x00007ffee99dd000 	C:\Windows\SYSTEM32\POWRPROF.dll
0x00007ffee18d0000 - 0x00007ffee1903000 	C:\Windows\SYSTEM32\WINMM.dll
0x00007ffee13e0000 - 0x00007ffee13ea000 	C:\Windows\SYSTEM32\VERSION.dll
0x00007ffee9a80000 - 0x00007ffee9a93000 	C:\Windows\SYSTEM32\UMPDC.dll
0x00007ffeea190000 - 0x00007ffeea1a8000 	C:\Windows\SYSTEM32\kernel.appcore.dll
0x00007ffee0c90000 - 0x00007ffee0c9a000 	C:\Program Files\Processing\app\resources\jdk-17.0.14+7\bin\jimage.dll
0x00007ffee87f0000 - 0x00007ffee8a11000 	C:\Windows\SYSTEM32\DBGHELP.DLL
0x00007ffedec40000 - 0x00007ffedec71000 	C:\Windows\SYSTEM32\dbgcore.DLL
0x00007ffeeb4c0000 - 0x00007ffeeb53f000 	C:\Windows\System32\bcryptPrimitives.dll
0x00007ffed14c0000 - 0x00007ffed14fb000 	C:\Program Files\Processing\app\resources\jdk-17.0.14+7\bin\jdwp.dll
0x00007ffed1490000 - 0x00007ffed14b5000 	C:\Program Files\Processing\app\resources\jdk-17.0.14+7\bin\java.dll
0x00007ffec1ce0000 - 0x00007ffec1db7000 	C:\Program Files\Processing\app\resources\jdk-17.0.14+7\bin\jsvml.dll
0x00007ffeec920000 - 0x00007ffeed0e5000 	C:\Windows\System32\SHELL32.dll
0x00007ffee9110000 - 0x00007ffee9972000 	C:\Windows\SYSTEM32\windows.storage.dll
0x00007ffeed100000 - 0x00007ffeed476000 	C:\Windows\System32\combase.dll
0x00007ffee8fa0000 - 0x00007ffee9107000 	C:\Windows\SYSTEM32\wintypes.dll
0x00007ffeec830000 - 0x00007ffeec91a000 	C:\Windows\System32\SHCORE.dll
0x00007ffeec5e0000 - 0x00007ffeec63d000 	C:\Windows\System32\shlwapi.dll
0x00007ffeeaf60000 - 0x00007ffeeaf85000 	C:\Windows\SYSTEM32\profapi.dll
0x00007ffed9910000 - 0x00007ffed991c000 	C:\Program Files\Processing\app\resources\jdk-17.0.14+7\bin\dt_socket.dll
0x00007ffee9c30000 - 0x00007ffee9c5d000 	C:\Windows\SYSTEM32\IPHLPAPI.DLL
0x00007ffeea640000 - 0x00007ffeea6a7000 	C:\Windows\system32\mswsock.dll
0x00007ffed65b0000 - 0x00007ffed65c9000 	C:\Program Files\Processing\app\resources\jdk-17.0.14+7\bin\net.dll
0x00007ffee34f0000 - 0x00007ffee3604000 	C:\Windows\SYSTEM32\WINHTTP.dll
0x00007ffed6570000 - 0x00007ffed6586000 	C:\Program Files\Processing\app\resources\jdk-17.0.14+7\bin\nio.dll
0x00007ffed2700000 - 0x00007ffed2718000 	C:\Program Files\Processing\app\resources\jdk-17.0.14+7\bin\zip.dll
0x00007ffea5420000 - 0x00007ffea55b0000 	C:\Program Files\Processing\app\resources\jdk-17.0.14+7\bin\awt.dll
0x00007ffeec040000 - 0x00007ffeec116000 	C:\Windows\System32\OLEAUT32.dll
0x00007ffee4e50000 - 0x00007ffee4ee2000 	C:\Windows\SYSTEM32\apphelp.dll
0x00007ffee4f60000 - 0x00007ffee500c000 	C:\Windows\system32\uxtheme.dll
0x00007ffe6d970000 - 0x00007ffe6daa3000 	C:\ProgramData\A-Volute\A-Volute.Nahimic\Modules\Scheduled\x64\AudioDevProps2.dll
0x00007ffeed5d0000 - 0x00007ffeed76a000 	C:\Windows\System32\ole32.dll
0x00007ffeeba00000 - 0x00007ffeebb1d000 	C:\Windows\System32\MSCTF.dll
0x00007ffee7a20000 - 0x00007ffee7a4f000 	C:\Windows\system32\DWMAPI.DLL
0x00007ffed25f0000 - 0x00007ffed26f1000 	C:\Windows\system32\opengl32.dll
0x00007ffed25c0000 - 0x00007ffed25ed000 	C:\Windows\SYSTEM32\GLU32.dll
0x00007ffee7d50000 - 0x00007ffee7d88000 	C:\Windows\SYSTEM32\dxcore.dll
0x00007ffeea880000 - 0x00007ffeea898000 	C:\Windows\SYSTEM32\CRYPTSP.dll
0x00007ffeea0f0000 - 0x00007ffeea125000 	C:\Windows\system32\rsaenh.dll
0x00007ffeea730000 - 0x00007ffeea75c000 	C:\Windows\SYSTEM32\USERENV.dll
0x00007ffeeaa00000 - 0x00007ffeeaa27000 	C:\Windows\SYSTEM32\bcrypt.dll
0x00007ffeea8a0000 - 0x00007ffeea8ac000 	C:\Windows\SYSTEM32\CRYPTBASE.dll
0x000001db12f30000 - 0x000001db12f39000 	C:\Windows\System32\NSI.dll
0x00007ffee34d0000 - 0x00007ffee34e9000 	C:\Windows\SYSTEM32\dhcpcsvc6.DLL
0x00007ffee37e0000 - 0x00007ffee37fe000 	C:\Windows\SYSTEM32\dhcpcsvc.DLL
0x00007ffee9c60000 - 0x00007ffee9d47000 	C:\Windows\SYSTEM32\DNSAPI.dll
0x00007ffed2590000 - 0x00007ffed25a3000 	C:\Users\joseb\AppData\Local\Temp\jogamp_0000\file_cache\jln14738252904792461193\jln12873848255743052219\natives\windows-amd64\gluegen_rt.dll
0x00007ffed2580000 - 0x00007ffed2587000 	C:\Program Files\Processing\app\resources\jdk-17.0.14+7\bin\jawt.dll
0x00007ffed2570000 - 0x00007ffed257d000 	C:\Users\joseb\AppData\Local\Temp\jogamp_0000\file_cache\jln14738252904792461193\jln12873848255743052219\natives\windows-amd64\nativewindow_awt.dll
0x00007ffed1470000 - 0x00007ffed1485000 	C:\Users\joseb\AppData\Local\Temp\jogamp_0000\file_cache\jln14738252904792461193\jln12873848255743052219\natives\windows-amd64\nativewindow_win32.dll
0x00007ffed13e0000 - 0x00007ffed1463000 	C:\Users\joseb\AppData\Local\Temp\jogamp_0000\file_cache\jln14738252904792461193\jln12873848255743052219\natives\windows-amd64\jogl_desktop.dll
0x00007ffea9ab0000 - 0x00007ffeaa0bb000 	C:\Program Files\Oculus\Support\oculus-runtime\libGLESv2.dll
0x00007ffee8cb0000 - 0x00007ffee8da3000 	C:\Windows\SYSTEM32\dxgi.dll
0x00007ffeaa130000 - 0x00007ffeaa168000 	C:\Program Files\Oculus\Support\oculus-runtime\libEGL.dll
0x00007ffecf930000 - 0x00007ffecf982000 	C:\Users\joseb\AppData\Local\Temp\jogamp_0000\file_cache\jln14738252904792461193\jln12873848255743052219\natives\windows-amd64\jogl_mobile.dll
0x00007ffee26a0000 - 0x00007ffee26e4000 	C:\Windows\SYSTEM32\directxdatabasehelper.dll
0x00007ffeea1b0000 - 0x00007ffeea1e4000 	C:\Windows\SYSTEM32\ntmarta.dll
0x00007ffeec640000 - 0x00007ffeec6ef000 	C:\Windows\System32\clbcatq.dll
0x00007ffee1ba0000 - 0x00007ffee1e5e000 	C:\Windows\System32\iertutil.dll
0x00007ffe3b280000 - 0x00007ffe3c26a000 	C:\Windows\System32\DriverStore\FileRepository\iigd_dch.inf_amd64_7ef5070e222f32f3\igxelpicd64.dll
0x00007ffe39c80000 - 0x00007ffe3a0d0000 	C:\Windows\System32\DriverStore\FileRepository\iigd_dch.inf_amd64_7ef5070e222f32f3\igdml64.dll
0x00007ffed8c00000 - 0x00007ffed8fc7000 	C:\Windows\System32\DriverStore\FileRepository\iigd_dch.inf_amd64_7ef5070e222f32f3\igdgmm64.dll
0x00007ffed2750000 - 0x00007ffed5d22000 	C:\Windows\System32\DriverStore\FileRepository\iigd_dch.inf_amd64_7ef5070e222f32f3\igc64.dll
0x00007ffed1350000 - 0x00007ffed1369000 	C:\Users\joseb\AppData\Local\Temp\jogamp_0000\file_cache\jln14738252904792461193\jln12873848255743052219\natives\windows-amd64\newt_head.dll
0x00007ffee26f0000 - 0x00007ffee27a8000 	C:\Windows\SYSTEM32\mscms.dll
0x00007ffeead30000 - 0x00007ffeead7c000 	C:\Windows\SYSTEM32\cfgmgr32.dll
0x00007ffe8b430000 - 0x00007ffe8b474000 	C:\Windows\SYSTEM32\icm32.dll
0x00007ffeebb20000 - 0x00007ffeebf92000 	C:\Windows\System32\setupapi.dll
0x00007ffeeacf0000 - 0x00007ffeead23000 	C:\Windows\SYSTEM32\DEVOBJ.dll
0x00007ffeeb0d0000 - 0x00007ffeeb137000 	C:\Windows\System32\WINTRUST.dll
0x00007ffeeb230000 - 0x00007ffeeb392000 	C:\Windows\System32\CRYPT32.dll
0x00007ffeea8e0000 - 0x00007ffeea8f2000 	C:\Windows\SYSTEM32\MSASN1.dll
0x00007ffebca00000 - 0x00007ffebcb2c000 	C:\Windows\SYSTEM32\textinputframework.dll
0x00007ffee44c0000 - 0x00007ffee45f1000 	C:\Windows\SYSTEM32\CoreMessaging.dll
0x00007ffee03e0000 - 0x00007ffee074d000 	C:\Windows\SYSTEM32\CoreUIComponents.dll
0x00007ffecce70000 - 0x00007ffeccef7000 	C:\Program Files\Processing\app\resources\jdk-17.0.14+7\bin\freetype.dll
0x00007ffec1bd0000 - 0x00007ffec1cab000 	C:\Program Files\Processing\app\resources\jdk-17.0.14+7\bin\fontmanager.dll
0x00007ffed1f60000 - 0x00007ffed1f70000 	C:\Program Files\Processing\app\resources\jdk-17.0.14+7\bin\verify.dll
0x00007ffed1340000 - 0x00007ffed1349000 	C:\Program Files\Processing\app\resources\jdk-17.0.14+7\bin\extnet.dll
0x00007ffea4210000 - 0x00007ffea4227000 	C:\Windows\system32\napinsp.dll
0x00007ffea41f0000 - 0x00007ffea420b000 	C:\Windows\system32\pnrpnsp.dll
0x00007ffea4070000 - 0x00007ffea4082000 	C:\Windows\System32\winrnr.dll
0x00007ffeac110000 - 0x00007ffeac125000 	C:\Windows\system32\wshbth.dll
0x00007ffea4010000 - 0x00007ffea402f000 	C:\Windows\system32\nlansp_c.dll
0x00000000726a0000 - 0x00000000726c6000 	C:\Program Files\Bonjour\mdnsNSP.dll
0x00007ffee2090000 - 0x00007ffee209a000 	C:\Windows\System32\rasadhlp.dll
0x00007ffee2490000 - 0x00007ffee2511000 	C:\Windows\System32\fwpuclnt.dll

dbghelp: loaded successfully - version: 4.0.5 - missing functions: none
symbol engine: initialized successfully - sym options: 0x614 - pdb path: .;C:\Program Files\Processing\app\resources\jdk-17.0.14+7\bin;C:\Windows\SYSTEM32;C:\Windows\WinSxS\amd64_microsoft.windows.common-controls_6595b64144ccf1df_6.0.22000.120_none_9d947278b86cc467;C:\Program Files\Processing\app\resources\jdk-17.0.14+7\bin\server;C:\ProgramData\A-Volute\A-Volute.Nahimic\Modules\Scheduled\x64;C:\Users\joseb\AppData\Local\Temp\jogamp_0000\file_cache\jln14738252904792461193\jln12873848255743052219\natives\windows-amd64;C:\Program Files\Oculus\Support\oculus-runtime;C:\Windows\System32\DriverStore\FileRepository\iigd_dch.inf_amd64_7ef5070e222f32f3;C:\Program Files\Bonjour

VM Arguments:
jvm_args: -agentlib:jdwp=transport=dt_socket,address=8539,server=y,suspend=y,quiet=y -Djna.nosys=true -Djava.library.path=;C:\Program Files\Processing\app\resources\core\library;C:\Users\joseb\Documents\Processing\libraries\oscP5\library;C:\Program Files\Processing;C:\Windows\system32;C:\Windows;C:\Program Files\Oculus\Support\oculus-runtime;C:\Program Files\Common Files\Oracle\Java\javapath;C:\Windows\system32;C:\Windows;C:\Windows\System32\Wbem;C:\Windows\System32\WindowsPowerShell\v1.0;C:\Windows\System32\OpenSSH;C:\Program Files (x86)\NVIDIA Corporation\PhysX\Common;C:\Program Files\dotnet;C:\ProgramData\chocolatey\bin;C:\Program Files\NVIDIA Corporation\NVIDIA app\NvDLISR;C:\Program Files\Faust\bin;C:\Program Files (x86)\Heavyocity\Heavyocity Portal;C:\Program Files\Microsoft SQL Server\150\Tools\Binn;C:\Program Files\Microsoft SQL Server\Client SDK\ODBC\170\Tools\Binn;C:\Program Files (x86)\Windows Kits\10\Windows Performance Toolkit;C:\Program Files\Git\cmd;C:\Users\joseb\AppData\Local\Programs\Python\Python312\Scripts;C:\Users\joseb\AppData\Local\Programs\Python\Python312;C:\Users\joseb\AppData\Local\Programs\Python\Launcher;C:\Users\joseb\AppData\Local\Microsoft\WindowsApps;C:\Users\joseb\AppData\Local\Programs\Microsoft VS Code\bin;C:\Users\joseb\AppData\Local\GitHubDesktop\bin;C:\msys64\ucrt64\bin;C:\Program Files\Processing\app;. -ea 
java_command: processing.core.PApplet --editor-location=-7,-7 --external --display=1 --sketch-path=C:\Users\joseb\Documents\Musica & Sound\Stage\Apo33\concertInteractif concertInteractif
java_class_path (initial): C:\Users\joseb\AppData\Local\Temp\processing\concertInteractif1782695637127614858temp;C:\Program Files\Processing\app\resources\core\library\annotations-13.0.jar;C:\Program Files\Processing\app\resources\core\library\antlr-2.7.7.jar;C:\Program Files\Processing\app\resources\core\library\core-4.4.1.jar;C:\Program Files\Processing\app\resources\core\library\gluegen-rt-2.5.0-natives-android-aarch64.jar;C:\Program Files\Processing\app\resources\core\library\gluegen-rt-2.5.0-natives-linux-aarch64.jar;C:\Program Files\Processing\app\resources\core\library\gluegen-rt-2.5.0-natives-linux-amd64.jar;C:\Program Files\Processing\app\resources\core\library\gluegen-rt-2.5.0-natives-linux-armv6hf.jar;C:\Program Files\Processing\app\resources\core\library\gluegen-rt-2.5.0-natives-macosx-universal.jar;C:\Program Files\Processing\app\resources\core\library\gluegen-rt-2.5.0-natives-windows-amd64.jar;C:\Program Files\Processing\app\resources\core\library\gluegen-rt-2.5.0.jar;C:\Program Files\Processing\app\resources\core\library\gluegen-rt-main-2.5.0.jar;C:\Program Files\Processing\app\resources\core\library\jogl-all-2.5.0-natives-android-aarch64.jar;C:\Program Files\Processing\app\resources\core\library\jogl-all-2.5.0-natives-linux-aarch64.jar;C:\Program Files\Processing\app\resources\core\library\jogl-all-2.5.0-natives-linux-amd64.jar;C:\Program Files\Processing\app\resources\core\library\jogl-all-2.5.0-natives-linux-armv6hf.jar;C:\Program Files\Processing\app\resources\core\library\jogl-all-2.5.0-natives-macosx-universal.jar;C:\Program Files\Processing\app\resources\core\library\jogl-all-2.5.0-natives-windows-amd64.jar;C:\Program Files\Processing\app\resources\core\library\jogl-all-2.5.0.jar;C:\Program Files\Processing\app\resources\core\library\jogl-all-main-2.5.0.jar;C:\Program Files\Processing\app\resources\core\library\kotlin-stdlib-2.0.20.jar;C:\Users\joseb\Documents\Processing\libraries\oscP5\library\oscP5.jar
Launcher Type: SUN_STANDARD

[Global flags]
     intx CICompilerCount                          = 12                                        {product} {ergonomic}
     uint ConcGCThreads                            = 4                                         {product} {ergonomic}
     uint G1ConcRefinementThreads                  = 15                                        {product} {ergonomic}
   size_t G1HeapRegionSize                         = 4194304                                   {product} {ergonomic}
    uintx GCDrainStackTargetSize                   = 64                                        {product} {ergonomic}
   size_t InitialHeapSize                          = 532676608                                 {product} {ergonomic}
   size_t MarkStackSize                            = 4194304                                   {product} {ergonomic}
   size_t MaxHeapSize                              = 8514437120                                {product} {ergonomic}
   size_t MaxNewSize                               = 5108662272                                {product} {ergonomic}
   size_t MinHeapDeltaBytes                        = 4194304                                   {product} {ergonomic}
   size_t MinHeapSize                              = 8388608                                   {product} {ergonomic}
    uintx NonNMethodCodeHeapSize                   = 7602480                                {pd product} {ergonomic}
    uintx NonProfiledCodeHeapSize                  = 122027880                              {pd product} {ergonomic}
    uintx ProfiledCodeHeapSize                     = 122027880                              {pd product} {ergonomic}
    uintx ReservedCodeCacheSize                    = 251658240                              {pd product} {ergonomic}
     bool SegmentedCodeCache                       = true                                      {product} {ergonomic}
   size_t SoftMaxHeapSize                          = 8514437120                             {manageable} {ergonomic}
     bool UseCompressedClassPointers               = true                           {product lp64_product} {ergonomic}
     bool UseCompressedOops                        = true                           {product lp64_product} {ergonomic}
     bool UseG1GC                                  = true                                      {product} {ergonomic}
     bool UseLargePagesIndividualAllocation        = false                                  {pd product} {ergonomic}

Logging:
Log output configuration:
 #0: stdout all=off uptime,level,tags
 #1: stderr all=off uptime,level,tags

Environment Variables:
JAVA_HOME=C:\Program Files\Processing\runtime
PATH=C:\Program Files\Oculus\Support\oculus-runtime;C:\Program Files\Common Files\Oracle\Java\javapath;C:\Windows\system32;C:\Windows;C:\Windows\System32\Wbem;C:\Windows\System32\WindowsPowerShell\v1.0\;C:\Windows\System32\OpenSSH\;C:\Program Files (x86)\NVIDIA Corporation\PhysX\Common;C:\Program Files\dotnet\;C:\ProgramData\chocolatey\bin;C:\Program Files\NVIDIA Corporation\NVIDIA app\NvDLISR;C:\Program Files\Faust\bin;C:\Program Files (x86)\Heavyocity\Heavyocity Portal;C:\Program Files\Microsoft SQL Server\150\Tools\Binn\;C:\Program Files\Microsoft SQL Server\Client SDK\ODBC\170\Tools\Binn\;C:\Program Files (x86)\Windows Kits\10\Windows Performance Toolkit\;C:\Program Files\Git\cmd;C:\Users\joseb\AppData\Local\Programs\Python\Python312\Scripts\;C:\Users\joseb\AppData\Local\Programs\Python\Python312\;C:\Users\joseb\AppData\Local\Programs\Python\Launcher\;C:\Users\joseb\AppData\Local\Microsoft\WindowsApps;C:\Users\joseb\AppData\Local\Programs\Microsoft VS Code\bin;C:\Users\joseb\AppData\Local\GitHubDesktop\bin;C:\msys64\ucrt64\bin;C:\Users\joseb\.dotnet\tools;C:\Program Files\Processing\app
USERNAME=joseb
OS=Windows_NT
PROCESSOR_IDENTIFIER=Intel64 Family 6 Model 154 Stepping 3, GenuineIntel
TMP=C:\Users\joseb\AppData\Local\Temp
TEMP=C:\Users\joseb\AppData\Local\Temp



Periodic native trim disabled


---------------  S Y S T E M  ---------------

OS:
 Windows 11 , 64 bit Build 22000 (10.0.22000.2538)
OS uptime: 0 days 1:55 hours
Hyper-V role detected

CPU: total 20 (initial active 20) (10 cores per cpu, 2 threads per core) family 6 model 154 stepping 3 microcode 0x413, cx8, cmov, fxsr, ht, mmx, 3dnowpref, sse, sse2, sse3, ssse3, sse4.1, sse4.2, popcnt, lzcnt, tsc, tscinvbit, avx, avx2, aes, erms, clmul, bmi1, bmi2, adx, sha, fma, vzeroupper, clflush, clflushopt, clwb, hv
Processor Information for processor 0
  Max Mhz: 2700, Current Mhz: 2700, Mhz Limit: 1971
Processor Information for processor 1
  Max Mhz: 2700, Current Mhz: 2700, Mhz Limit: 2700
Processor Information for processor 2
  Max Mhz: 2700, Current Mhz: 2700, Mhz Limit: 2700
Processor Information for processor 3
  Max Mhz: 2700, Current Mhz: 2700, Mhz Limit: 2700
Processor Information for processor 4
  Max Mhz: 2700, Current Mhz: 2700, Mhz Limit: 2700
Processor Information for processor 5
  Max Mhz: 2700, Current Mhz: 2700, Mhz Limit: 2700
Processor Information for processor 6
  Max Mhz: 2700, Current Mhz: 2700, Mhz Limit: 2700
Processor Information for processor 7
  Max Mhz: 2700, Current Mhz: 2700, Mhz Limit: 2700
Processor Information for processor 8
  Max Mhz: 2700, Current Mhz: 2700, Mhz Limit: 2700
Processor Information for processor 9
  Max Mhz: 2700, Current Mhz: 2700, Mhz Limit: 2700
Processor Information for processor 10
  Max Mhz: 2700, Current Mhz: 2700, Mhz Limit: 2700
Processor Information for processor 11
  Max Mhz: 2700, Current Mhz: 2700, Mhz Limit: 2700
Processor Information for processor 12
  Max Mhz: 2700, Current Mhz: 1995, Mhz Limit: 1971
Processor Information for processor 13
  Max Mhz: 2700, Current Mhz: 1995, Mhz Limit: 1971
Processor Information for processor 14
  Max Mhz: 2700, Current Mhz: 1995, Mhz Limit: 1971
Processor Information for processor 15
  Max Mhz: 2700, Current Mhz: 1995, Mhz Limit: 1971
Processor Information for processor 16
  Max Mhz: 2700, Current Mhz: 1995, Mhz Limit: 1971
Processor Information for processor 17
  Max Mhz: 2700, Current Mhz: 1995, Mhz Limit: 1971
Processor Information for processor 18
  Max Mhz: 2700, Current Mhz: 1995, Mhz Limit: 1971
Processor Information for processor 19
  Max Mhz: 2700, Current Mhz: 1995, Mhz Limit: 1971

Memory: 4k page, system-wide physical 32468M (17747M free)
TotalPageFile size 34516M (AvailPageFile size 17141M)
current process WorkingSet (physical memory assigned to process): 646M, peak: 656M
current process commit charge ("private bytes"): 834M, peak: 863M

vm_info: OpenJDK 64-Bit Server VM (17.0.14+7) for windows-amd64 JRE (17.0.14+7), built on Jan 21 2025 23:40:15 by "admin" with MS VC++ 17.7 (VS2022)

END.
