#
# A fatal error has been detected by the Java Runtime Environment:
#
#  EXCEPTION_ACCESS_VIOLATION (0xc0000005) at pc=0x00007ffe73cf409c, pid=85032, tid=83916
#
# JRE version: OpenJDK Runtime Environment Temurin-17.0.14+7 (17.0.14+7) (build 17.0.14+7)
# Java VM: OpenJDK 64-Bit Server VM Temurin-17.0.14+7 (17.0.14+7, mixed mode, sharing, tiered, compressed oops, compressed class ptrs, g1 gc, windows-amd64)
# Problematic frame:
# C  [igxelpicd64.dll+0xd409c]
#
# No core dump will be written. Minidumps are not enabled by default on client versions of Windows
#
# If you would like to submit a bug report, please visit:
#   https://github.com/adoptium/adoptium-support/issues
#

---------------  S U M M A R Y ------------

Command Line: -agentlib:jdwp=transport=dt_socket,address=8232,server=y,suspend=y,quiet=y -Djna.nosys=true -Djava.library.path=;C:\Program Files\Processing\app\resources\core\library;C:\Users\joseb\Documents\Processing\libraries\oscP5\library;C:\Program Files\Processing;C:\Windows\system32;C:\Windows;C:\Program Files\Oculus\Support\oculus-runtime;C:\Program Files\Common Files\Oracle\Java\javapath;C:\Windows\system32;C:\Windows;C:\Windows\System32\Wbem;C:\Windows\System32\WindowsPowerShell\v1.0;C:\Windows\System32\OpenSSH;C:\Program Files (x86)\NVIDIA Corporation\PhysX\Common;C:\Program Files\dotnet;C:\ProgramData\chocolatey\bin;C:\Program Files\NVIDIA Corporation\NVIDIA app\NvDLISR;C:\Program Files\Faust\bin;C:\Program Files (x86)\Heavyocity\Heavyocity Portal;C:\Program Files\Microsoft SQL Server\150\Tools\Binn;C:\Program Files\Microsoft SQL Server\Client SDK\ODBC\170\Tools\Binn;C:\Program Files (x86)\Windows Kits\10\Windows Performance Toolkit;C:\Program Files\Git\cmd;C:\Users\joseb\AppData\Local\Programs\Python\Python312\Scripts;C:\Users\joseb\AppData\Local\Programs\Python\Python312;C:\Users\joseb\AppData\Local\Programs\Python\Launcher;C:\Users\joseb\AppData\Local\Microsoft\WindowsApps;C:\Users\joseb\AppData\Local\Programs\Microsoft VS Code\bin;C:\Users\joseb\AppData\Local\GitHubDesktop\bin;C:\msys64\ucrt64\bin;C:\Program Files\Processing\app;. -ea processing.core.PApplet --editor-location=-7,-7 --external --display=1 --sketch-path=C:\Users\joseb\Documents\Musica & Sound\Stage\Apo33\concertInteractif concertInteractif

Host: 12th Gen Intel(R) Core(TM) i7-12700H, 20 cores, 31G,  Windows 11 , 64 bit Build 22000 (10.0.22000.2538)
Time: Mon May 12 15:04:55 2025 Paris, Madrid (heure duild 22000 (10.0.22000.2538) elapsed time: 119.353329 seconds (0d 0h 1m 59s)

---------------  T H R E A D  ---------------

Current thread (0x0000024ab1039cc0):  VMThread "VM Thread" [stack: 0x00000064e8c00000,0x00000064e8d00000] [id=83916]

Stack: [0x00000064e8c00000,0x00000064e8d00000],  sp=0x00000064e8cfe270,  free space=1016k
Native frames: (J=compiled Java code, j=interpreted, Vv=VM code, C=native code)
C  [igxelpicd64.dll+0xd409c]


siginfo: EXCEPTION_ACCESS_VIOLATION (0xc0000005), reading address 0x00000000000356f8


Registers:
RAX=0x0000024b0c661d38, RBX=0x0000024b0c661b10, RCX=0x0000000000000000, RDX=0x0000000000000004
RSP=0x00000064e8cfe270, RBP=0x0000000000000000, RSI=0x0000024b0c6620e0, RDI=0x0000024afbc61e40
R8 =0x0000000000000014, R9 =0x0000000000000000, R10=0x0000000000000000, R11=0x0000000000000000
R12=0x0000000000000000, R13=0x0000024b0c661480, R14=0x0000000000151400, R15=0x0000000000000016
RIP=0x00007ffe73cf409c, EFLAGS=0x0000000000010202


Register to memory mapping:

RIP=0x00007ffe73cf409c igxelpicd64.dll
RAX=0x0000024b0c661d38 points into unknown readable memory: 0x00000000001513ea | ea 13 15 00 00 00 00 00
RBX=0x0000024b0c661b10 points into unknown readable memory: 0x0000024afb56a6c0 | c0 a6 56 fb 4a 02 00 00
RCX=0x0 is NULL
RDX=0x0000000000000004 is an unknown value
RSP=0x00000064e8cfe270 points into unknown readable memory: 0x0000024afb5088b0 | b0 88 50 fb 4a 02 00 00
RBP=0x0 is NULL
RSI=0x0000024b0c6620e0 points into unknown readable memory: 0x0000024b0c661480 | 80 14 66 0c 4b 02 00 00
RDI=0x0000024afbc61e40 points into unknown readable memory: 0x0000024ab4ae4600 | 00 46 ae b4 4a 02 00 00
R8 =0x0000000000000014 is an unknown value
R9 =0x0 is NULL
R10=0x0 is NULL
R11=0x0 is NULL
R12=0x0 is NULL
R13=0x0000024b0c661480 points into unknown readable memory: 0x0000024afb56a6c0 | c0 a6 56 fb 4a 02 00 00
R14=0x0000000000151400 is an unknown value
R15=0x0000000000000016 is an unknown value


Top of Stack: (sp=0x00000064e8cfe270)
0x00000064e8cfe270:   0000024afb5088b0 0000000000000000
0x00000064e8cfe280:   0000024a00000000 00007ffeedc47c74
0x00000064e8cfe290:   0000000000000000 00007ffeedc39ee9
0x00000064e8cfe2a0:   0000000000000000 00007ffeedc39ee9
0x00000064e8cfe2b0:   0000024afc2e36b8 0000000000151401
0x00000064e8cfe2c0:   0000000000000000 0000000000000018
0x00000064e8cfe2d0:   0000000000000000 0000000000000000
0x00000064e8cfe2e0:   00000064e8cfe3f0 00007ffe73cc1c8c
0x00000064e8cfe2f0:   0000024afb5088b0 0000024afbc61e40
0x00000064e8cfe300:   00000064e8002000 00007ffeedc36300
0x00000064e8cfe310:   000000640000118c 0000740463be0000
0x00000064e8cfe320:   0000000000000000 00007ffeedc363c4
0x00000064e8cfe330:   0000024a84540b94 00007ffeedc39ee9
0x00000064e8cfe340:   00000064e8cfe4b0 00000064e8cfe4b8
0x00000064e8cfe350:   00000064e8002000 00007ffe73cdea40
0x00000064e8cfe360:   00000064e8cfe4a8 00007ffeedc36391
0x00000064e8cfe370:   00000064e8cfe580 00007ffeedbe60e6
0x00000064e8cfe380:   0000024a84540b94 00000064e8cfe558
0x00000064e8cfe390:   00000000000000c0 00007ffe73c9e527
0x00000064e8cfe3a0:   0000740463be0000 000000000000118c
0x00000064e8cfe3b0:   0000000000000000 80002d4000000001
0x00000064e8cfe3c0:   0000000000000000 0000000000000000
0x00000064e8cfe3d0:   0000000000000000 0000000000000000
0x00000064e8cfe3e0:   0000000000000000 0000000000000000
0x00000064e8cfe3f0:   0000000000000000 0000000000000000
0x00000064e8cfe400:   0000000000000000 0000000000000000
0x00000064e8cfe410:   0000000000000000 0000000000000000
0x00000064e8cfe420:   0000000000000000 0000000000000000
0x00000064e8cfe430:   0000000000000000 0000000000000000
0x00000064e8cfe440:   0000000000000000 0000000000000000
0x00000064e8cfe450:   0000000000000000 0000000000000000
0x00000064e8cfe460:   0000000000000000 0000000000000000 

Instructions: (pc=0x00007ffe73cf409c)
0x00007ffe73cf3f9c:   ec 40 45 8a e1 48 8b fa 48 8b e9 48 8b 1d d2 9c
0x00007ffe73cf3fac:   e5 00 48 89 58 08 48 8b cb ff 15 55 21 9f 00 90
0x00007ffe73cf3fbc:   4c 8b af 78 02 00 00 48 8b 05 26 7f d5 00 44 8b
0x00007ffe73cf3fcc:   b8 40 0b 00 00 45 33 db 45 8a f3 4c 89 9f 78 02
0x00007ffe73cf3fdc:   00 00 44 89 9f 80 02 00 00 4c 89 9f 98 02 00 00
0x00007ffe73cf3fec:   4c 89 9f 88 02 00 00 48 85 ed 75 38 8b 35 da 76
0x00007ffe73cf3ffc:   e5 00 65 48 8b 04 25 58 00 00 00 b9 14 00 00 00
0x00007ffe73cf400c:   48 8b 04 f0 44 38 1c 01 0f 84 8b 1a 8b 00 65 48
0x00007ffe73cf401c:   8b 04 25 58 00 00 00 bd 20 00 00 00 48 8b 04 f0
0x00007ffe73cf402c:   48 8b 2c 28 48 3b 2d c9 9b e5 00 45 0f 44 fb 4d
0x00007ffe73cf403c:   85 ed 0f 84 21 01 00 00 44 8a a4 24 90 00 00 00
0x00007ffe73cf404c:   49 8b dd 49 8d b5 d0 05 00 00 4c 8b 2e 45 84 e4
0x00007ffe73cf405c:   0f 85 2a 03 00 00 8b 97 c8 01 00 00 48 8b 05 81
0x00007ffe73cf406c:   7e d5 00 83 b8 78 03 00 00 02 75 31 83 fa 10 0f
0x00007ffe73cf407c:   83 17 01 00 00 48 8d 04 d5 21 00 00 00 48 03 c2
0x00007ffe73cf408c:   48 8d 04 c3 48 85 c0 0f 85 2e 01 00 00 49 8b cb
0x00007ffe73cf409c:   48 3b 8d f8 56 03 00 0f 87 f3 02 00 00 4c 39 9b
0x00007ffe73cf40ac:   48 06 00 00 0f 85 2f 1a 8b 00 44 8b 97 c8 01 00
0x00007ffe73cf40bc:   00 48 8b 87 e0 01 00 00 4c 8b 08 8b 97 c8 01 00
0x00007ffe73cf40cc:   00 83 fa 10 0f 83 03 01 00 00 48 8d 04 d5 21 00
0x00007ffe73cf40dc:   00 00 48 03 c2 48 8d 04 c3 48 85 c0 0f 85 e2 00
0x00007ffe73cf40ec:   00 00 49 8b cb 49 3b c9 0f 86 0e 01 00 00 48 8b
0x00007ffe73cf40fc:   87 78 02 00 00 48 89 06 48 89 9f 78 02 00 00 ff
0x00007ffe73cf410c:   87 80 02 00 00 48 8b 43 08 48 8b 88 18 01 00 00
0x00007ffe73cf411c:   48 81 e1 00 00 ff ff 48 81 c1 00 00 01 00 48 01
0x00007ffe73cf412c:   8f 88 02 00 00 48 8b 43 08 48 8b 88 18 01 00 00
0x00007ffe73cf413c:   48 01 8f 98 02 00 00 4d 85 ed 0f 85 00 ff ff ff
0x00007ffe73cf414c:   45 84 f6 44 8a a4 24 98 00 00 00 0f 85 82 03 00
0x00007ffe73cf415c:   00 48 8b 9c 24 80 00 00 00 48 8b cf 45 84 e4 0f
0x00007ffe73cf416c:   85 8a 03 00 00 e8 fa f9 ff ff 90 48 8b cb 48 8b
0x00007ffe73cf417c:   9c 24 88 00 00 00 48 83 c4 40 41 5f 41 5e 41 5d
0x00007ffe73cf418c:   41 5c 5f 5e 5d 48 ff 25 80 1f 9f 00 8d 4a f0 8b 


Stack slot to memory mapping:
stack at sp + 0 slots: 0x0000024afb5088b0 points into unknown readable memory: 0xffffffffffffffff | ff ff ff ff ff ff ff ff
stack at sp + 1 slots: 0x0 is NULL
stack at sp + 2 slots: 0x0000024a00000000 is an unknown value
stack at sp + 3 slots: 0x00007ffeedc47c74 ntdll.dll
stack at sp + 4 slots: 0x0 is NULL
stack at sp + 5 slots: 0x00007ffeedc39ee9 ntdll.dll
stack at sp + 6 slots: 0x0 is NULL
stack at sp + 7 slots: 0x00007ffeedc39ee9 ntdll.dll

VM_Operation (0x00000064eb8ff090): Exit, mode: safepoint, requested by thread 0x0000024afbfd25d0


---------------  P R O C E S S  ---------------

Threads class SMR info:
_java_thread_list=0x0000024afc1a05d0, length=18, elements={
0x0000024ab1041290, 0x0000024ab1042020, 0x0000024ab105af70, 0x0000024ab105b840,
0x0000024ab105c110, 0x0000024ab10609f0, 0x0000024ab10615f0, 0x0000024ab1061fb0,
0x0000024ab10648d0, 0x0000024ab428b930, 0x0000024ab4288d00, 0x0000024ab42a2d40,
0x0000024ab42ae4e0, 0x0000024ab4764660, 0x0000024afc025aa0, 0x0000024afbfd25d0,
0x0000024afbfd1190, 0x0000024afbfd0c80
}

Java Threads: ( => current thread )
  0x0000024ab1041290 JavaThread "Reference Handler" daemon [_thread_blocked, id=79096, stack(0x00000064e8d00000,0x00000064e8e00000)]
  0x0000024ab1042020 JavaThread "Finalizer" daemon [_thread_blocked, id=85884, stack(0x00000064e8e00000,0x00000064e8f00000)]
  0x0000024ab105af70 JavaThread "Signal Dispatcher" daemon [_thread_blocked, id=83528, stack(0x00000064e8f00000,0x00000064e9000000)]
  0x0000024ab105b840 JavaThread "Attach Listener" daemon [_thread_blocked, id=85928, stack(0x00000064e9000000,0x00000064e9100000)]
  0x0000024ab105c110 JavaThread "Service Thread" daemon [_thread_blocked, id=81020, stack(0x00000064e9100000,0x00000064e9200000)]
  0x0000024ab10609f0 JavaThread "Monitor Deflation Thread" daemon [_thread_blocked, id=85168, stack(0x00000064e9200000,0x00000064e9300000)]
  0x0000024ab10615f0 JavaThread "C2 CompilerThread0" daemon [_thread_blocked, id=78376, stack(0x00000064e9300000,0x00000064e9400000)]
  0x0000024ab1061fb0 JavaThread "C1 CompilerThread0" daemon [_thread_blocked, id=35268, stack(0x00000064e9400000,0x00000064e9500000)]
  0x0000024ab10648d0 JavaThread "Sweeper thread" daemon [_thread_blocked, id=83656, stack(0x00000064e9500000,0x00000064e9600000)]
  0x0000024ab428b930 JavaThread "JDWP Transport Listener: dt_socket" daemon [_thread_blocked, id=84576, stack(0x00000064e9800000,0x00000064e9900000)]
  0x0000024ab4288d00 JavaThread "JDWP Event Helper Thread" daemon [_thread_blocked, id=71932, stack(0x00000064e9900000,0x00000064e9a00000)]
  0x0000024ab42a2d40 JavaThread "Notification Thread" daemon [_thread_blocked, id=78552, stack(0x00000064e9b00000,0x00000064e9c00000)]
  0x0000024ab42ae4e0 JavaThread "Common-Cleaner" daemon [_thread_blocked, id=83128, stack(0x00000064e9d00000,0x00000064e9e00000)]
  0x0000024ab4764660 JavaThread "Java2D Disposer" daemon [_thread_blocked, id=65704, stack(0x00000064e9e00000,0x00000064e9f00000)]
  0x0000024afc025aa0 JavaThread "HighResTimerThread" daemon [_thread_blocked, id=82928, stack(0x00000064eb600000,0x00000064eb700000)]
  0x0000024afbfd25d0 JavaThread "main-FPSAWTAnimator#00-Timer0" [_thread_blocked, id=85988, stack(0x00000064eb800000,0x00000064eb900000)]
  0x0000024afbfd1190 JavaThread "DestroyJavaVM" [_thread_blocked, id=83208, stack(0x00000064e8600000,0x00000064e8700000)]
  0x0000024afbfd0c80 JavaThread "AWT-Shutdown" [_thread_blocked, id=85192, stack(0x00000064e9f00000,0x00000064ea000000)]

Other Threads:
=>0x0000024ab1039cc0 VMThread "VM Thread" [stack: 0x00000064e8c00000,0x00000064e8d00000] [id=83916]
  0x0000024a86ace390 GCTaskThread "GC Thread#0" [stack: 0x00000064e8700000,0x00000064e8800000] [id=38460]
  0x0000024afb93ece0 GCTaskThread "GC Thread#1" [stack: 0x00000064ea800000,0x00000064ea900000] [id=82156]
  0x0000024afb93efa0 GCTaskThread "GC Thread#2" [stack: 0x00000064ea900000,0x00000064eaa00000] [id=70116]
  0x0000024afb93f260 GCTaskThread "GC Thread#3" [stack: 0x00000064eaa00000,0x00000064eab00000] [id=68520]
  0x0000024afb93f520 GCTaskThread "GC Thread#4" [stack: 0x00000064eab00000,0x00000064eac00000] [id=81564]
  0x0000024afb93f7e0 GCTaskThread "GC Thread#5" [stack: 0x00000064eac00000,0x00000064ead00000] [id=71708]
  0x0000024afb93faa0 GCTaskThread "GC Thread#6" [stack: 0x00000064ead00000,0x00000064eae00000] [id=65816]
  0x0000024afb93fd60 GCTaskThread "GC Thread#7" [stack: 0x00000064eae00000,0x00000064eaf00000] [id=55832]
  0x0000024afb940020 GCTaskThread "GC Thread#8" [stack: 0x00000064eaf00000,0x00000064eb000000] [id=82368]
  0x0000024afb9402e0 GCTaskThread "GC Thread#9" [stack: 0x00000064eb000000,0x00000064eb100000] [id=85964]
  0x0000024afb9405a0 GCTaskThread "GC Thread#10" [stack: 0x00000064eb100000,0x00000064eb200000] [id=67180]
  0x0000024afb940860 GCTaskThread "GC Thread#11" [stack: 0x00000064eb200000,0x00000064eb300000] [id=62888]
  0x0000024afb9a9fc0 GCTaskThread "GC Thread#12" [stack: 0x00000064eb300000,0x00000064eb400000] [id=79608]
  0x0000024afb94c430 GCTaskThread "GC Thread#13" [stack: 0x00000064ea200000,0x00000064ea300000] [id=84432]
  0x0000024afb94bbf0 GCTaskThread "GC Thread#14" [stack: 0x00000064ea400000,0x00000064ea500000] [id=82544]
  0x0000024ab0e80080 ConcurrentGCThread "G1 Main Marker" terminated
  0x0000024ab0e809b0 ConcurrentGCThread "G1 Conc#0" [stack: 0x00000064e8900000,0x00000064e8a00000] [id=84104]
  0x0000024ab0f773e0 ConcurrentGCThread "G1 Refine#0" terminated
  0x0000024ab0f77d20 ConcurrentGCThread "G1 Service" terminated

Threads with active compile tasks:

VM state: at safepoint (shutting down)

VM Mutex/Monitor currently owned by a thread:  ([mutex/lock_event])
[0x0000024a86a19560] Threads_lock - owner thread: 0x0000024ab1039cc0
[0x0000024a86a18ab0] Heap_lock - owner thread: 0x0000024afbfd25d0

Heap address: 0x0000000604800000, size: 8120 MB, Compressed Oops mode: Zero based, Oop shift amount: 3

CDS archive(s) mapped at: [0x0000024ab5000000-0x0000024ab5bb0000-0x0000024ab5bb0000), size 12255232, SharedBaseAddress: 0x0000024ab5000000, ArchiveRelocationMode: 1.
Compressed class space mapped at: 0x0000024ab6000000-0x0000024af6000000, reserved size: 1073741824
Narrow klass base: 0x0000024ab5000000, Narrow klass shift: 0, Narrow klass range: 0x100000000

GC Precious Log:
 CPUs: 20 total, 20 available
 Memory: 32468M
 Large Page Support: Disabled
 NUMA Support: Disabled
 Compressed Oops: Enabled (Zero based)
 Heap Region Size: 4M
 Heap Min Capacity: 8M
 Heap Initial Capacity: 508M
 Heap Max Capacity: 8120M
 Pre-touch: Disabled
 Parallel Workers: 15
 Concurrent Workers: 4
 Concurrent Refinement Workers: 15
 Periodic GC: Disabled

Heap:
 garbage-first heap   total 520192K, used 240239K [0x0000000604800000, 0x0000000800000000)
  region size 4096K, 60 young (245760K), 2 survivors (8192K)
 Metaspace       used 15734K, committed 15936K, reserved 1114112K
  class space    used 1117K, committed 1216K, reserved 1048576K

Heap Regions: E=young(eden), S=young(survivor), O=old, HS=humongous(starts), HC=humongous(continues), CS=collection set, F=free, OA=open archive, CA=closed archive, TAMS=top-at-mark-start (previous, next)
|   0|0x0000000604800000, 0x0000000604800000, 0x0000000604c00000|  0%| F|  |TAMS 0x0000000604800000, 0x0000000604800000| Untracked 
|   1|0x0000000604c00000, 0x0000000604c00000, 0x0000000605000000|  0%| F|  |TAMS 0x0000000604c00000, 0x0000000604c00000| Untracked 
|   2|0x0000000605000000, 0x0000000605000000, 0x0000000605400000|  0%| F|  |TAMS 0x0000000605000000, 0x0000000605000000| Untracked 
|   3|0x0000000605400000, 0x0000000605400000, 0x0000000605800000|  0%| F|  |TAMS 0x0000000605400000, 0x0000000605400000| Untracked 
|   4|0x0000000605800000, 0x0000000605800000, 0x0000000605c00000|  0%| F|  |TAMS 0x0000000605800000, 0x0000000605800000| Untracked 
|   5|0x0000000605c00000, 0x0000000605c00000, 0x0000000606000000|  0%| F|  |TAMS 0x0000000605c00000, 0x0000000605c00000| Untracked 
|   6|0x0000000606000000, 0x0000000606000000, 0x0000000606400000|  0%| F|  |TAMS 0x0000000606000000, 0x0000000606000000| Untracked 
|   7|0x0000000606400000, 0x0000000606400000, 0x0000000606800000|  0%| F|  |TAMS 0x0000000606400000, 0x0000000606400000| Untracked 
|   8|0x0000000606800000, 0x0000000606800000, 0x0000000606c00000|  0%| F|  |TAMS 0x0000000606800000, 0x0000000606800000| Untracked 
|   9|0x0000000606c00000, 0x0000000606c00000, 0x0000000607000000|  0%| F|  |TAMS 0x0000000606c00000, 0x0000000606c00000| Untracked 
|  10|0x0000000607000000, 0x0000000607000000, 0x0000000607400000|  0%| F|  |TAMS 0x0000000607000000, 0x0000000607000000| Untracked 
|  11|0x0000000607400000, 0x0000000607400000, 0x0000000607800000|  0%| F|  |TAMS 0x0000000607400000, 0x0000000607400000| Untracked 
|  12|0x0000000607800000, 0x0000000607800000, 0x0000000607c00000|  0%| F|  |TAMS 0x0000000607800000, 0x0000000607800000| Untracked 
|  13|0x0000000607c00000, 0x0000000607c00000, 0x0000000608000000|  0%| F|  |TAMS 0x0000000607c00000, 0x0000000607c00000| Untracked 
|  14|0x0000000608000000, 0x0000000608000000, 0x0000000608400000|  0%| F|  |TAMS 0x0000000608000000, 0x0000000608000000| Untracked 
|  15|0x0000000608400000, 0x0000000608400000, 0x0000000608800000|  0%| F|  |TAMS 0x0000000608400000, 0x0000000608400000| Untracked 
|  16|0x0000000608800000, 0x0000000608800000, 0x0000000608c00000|  0%| F|  |TAMS 0x0000000608800000, 0x0000000608800000| Untracked 
|  17|0x0000000608c00000, 0x0000000608c00000, 0x0000000609000000|  0%| F|  |TAMS 0x0000000608c00000, 0x0000000608c00000| Untracked 
|  18|0x0000000609000000, 0x0000000609000000, 0x0000000609400000|  0%| F|  |TAMS 0x0000000609000000, 0x0000000609000000| Untracked 
|  19|0x0000000609400000, 0x0000000609400000, 0x0000000609800000|  0%| F|  |TAMS 0x0000000609400000, 0x0000000609400000| Untracked 
|  20|0x0000000609800000, 0x0000000609800000, 0x0000000609c00000|  0%| F|  |TAMS 0x0000000609800000, 0x0000000609800000| Untracked 
|  21|0x0000000609c00000, 0x0000000609c00000, 0x000000060a000000|  0%| F|  |TAMS 0x0000000609c00000, 0x0000000609c00000| Untracked 
|  22|0x000000060a000000, 0x000000060a000000, 0x000000060a400000|  0%| F|  |TAMS 0x000000060a000000, 0x000000060a000000| Untracked 
|  23|0x000000060a400000, 0x000000060a400000, 0x000000060a800000|  0%| F|  |TAMS 0x000000060a400000, 0x000000060a400000| Untracked 
|  24|0x000000060a800000, 0x000000060a800000, 0x000000060ac00000|  0%| F|  |TAMS 0x000000060a800000, 0x000000060a800000| Untracked 
|  25|0x000000060ac00000, 0x000000060ac00000, 0x000000060b000000|  0%| F|  |TAMS 0x000000060ac00000, 0x000000060ac00000| Untracked 
|  26|0x000000060b000000, 0x000000060b000000, 0x000000060b400000|  0%| F|  |TAMS 0x000000060b000000, 0x000000060b000000| Untracked 
|  27|0x000000060b400000, 0x000000060b400000, 0x000000060b800000|  0%| F|  |TAMS 0x000000060b400000, 0x000000060b400000| Untracked 
|  28|0x000000060b800000, 0x000000060b800000, 0x000000060bc00000|  0%| F|  |TAMS 0x000000060b800000, 0x000000060b800000| Untracked 
|  29|0x000000060bc00000, 0x000000060bc00000, 0x000000060c000000|  0%| F|  |TAMS 0x000000060bc00000, 0x000000060bc00000| Untracked 
|  30|0x000000060c000000, 0x000000060c000000, 0x000000060c400000|  0%| F|  |TAMS 0x000000060c000000, 0x000000060c000000| Untracked 
|  31|0x000000060c400000, 0x000000060c400000, 0x000000060c800000|  0%| F|  |TAMS 0x000000060c400000, 0x000000060c400000| Untracked 
|  32|0x000000060c800000, 0x000000060c800000, 0x000000060cc00000|  0%| F|  |TAMS 0x000000060c800000, 0x000000060c800000| Untracked 
|  33|0x000000060cc00000, 0x000000060cc00000, 0x000000060d000000|  0%| F|  |TAMS 0x000000060cc00000, 0x000000060cc00000| Untracked 
|  34|0x000000060d000000, 0x000000060d000000, 0x000000060d400000|  0%| F|  |TAMS 0x000000060d000000, 0x000000060d000000| Untracked 
|  35|0x000000060d400000, 0x000000060d400000, 0x000000060d800000|  0%| F|  |TAMS 0x000000060d400000, 0x000000060d400000| Untracked 
|  36|0x000000060d800000, 0x000000060d800000, 0x000000060dc00000|  0%| F|  |TAMS 0x000000060d800000, 0x000000060d800000| Untracked 
|  37|0x000000060dc00000, 0x000000060dc00000, 0x000000060e000000|  0%| F|  |TAMS 0x000000060dc00000, 0x000000060dc00000| Untracked 
|  38|0x000000060e000000, 0x000000060e000000, 0x000000060e400000|  0%| F|  |TAMS 0x000000060e000000, 0x000000060e000000| Untracked 
|  39|0x000000060e400000, 0x000000060e400000, 0x000000060e800000|  0%| F|  |TAMS 0x000000060e400000, 0x000000060e400000| Untracked 
|  40|0x000000060e800000, 0x000000060e800000, 0x000000060ec00000|  0%| F|  |TAMS 0x000000060e800000, 0x000000060e800000| Untracked 
|  41|0x000000060ec00000, 0x000000060ec00000, 0x000000060f000000|  0%| F|  |TAMS 0x000000060ec00000, 0x000000060ec00000| Untracked 
|  42|0x000000060f000000, 0x000000060f000000, 0x000000060f400000|  0%| F|  |TAMS 0x000000060f000000, 0x000000060f000000| Untracked 
|  43|0x000000060f400000, 0x000000060f400000, 0x000000060f800000|  0%| F|  |TAMS 0x000000060f400000, 0x000000060f400000| Untracked 
|  44|0x000000060f800000, 0x000000060f800000, 0x000000060fc00000|  0%| F|  |TAMS 0x000000060f800000, 0x000000060f800000| Untracked 
|  45|0x000000060fc00000, 0x000000060fc00000, 0x0000000610000000|  0%| F|  |TAMS 0x000000060fc00000, 0x000000060fc00000| Untracked 
|  46|0x0000000610000000, 0x0000000610000000, 0x0000000610400000|  0%| F|  |TAMS 0x0000000610000000, 0x0000000610000000| Untracked 
|  47|0x0000000610400000, 0x0000000610400000, 0x0000000610800000|  0%| F|  |TAMS 0x0000000610400000, 0x0000000610400000| Untracked 
|  48|0x0000000610800000, 0x0000000610800000, 0x0000000610c00000|  0%| F|  |TAMS 0x0000000610800000, 0x0000000610800000| Untracked 
|  49|0x0000000610c00000, 0x0000000610e9bc00, 0x0000000611000000| 65%| S|CS|TAMS 0x0000000610c00000, 0x0000000610c00000| Complete 
|  50|0x0000000611000000, 0x0000000611400000, 0x0000000611400000|100%| S|CS|TAMS 0x0000000611000000, 0x0000000611000000| Complete 
|  51|0x0000000611400000, 0x0000000611400000, 0x0000000611800000|  0%| F|  |TAMS 0x0000000611400000, 0x0000000611400000| Untracked 
|  52|0x0000000611800000, 0x0000000611800000, 0x0000000611c00000|  0%| F|  |TAMS 0x0000000611800000, 0x0000000611800000| Untracked 
|  53|0x0000000611c00000, 0x0000000611c00000, 0x0000000612000000|  0%| F|  |TAMS 0x0000000611c00000, 0x0000000611c00000| Untracked 
|  54|0x0000000612000000, 0x0000000612000000, 0x0000000612400000|  0%| F|  |TAMS 0x0000000612000000, 0x0000000612000000| Untracked 
|  55|0x0000000612400000, 0x0000000612400000, 0x0000000612800000|  0%| F|  |TAMS 0x0000000612400000, 0x0000000612400000| Untracked 
|  56|0x0000000612800000, 0x0000000612800000, 0x0000000612c00000|  0%| F|  |TAMS 0x0000000612800000, 0x0000000612800000| Untracked 
|  57|0x0000000612c00000, 0x0000000612c00000, 0x0000000613000000|  0%| F|  |TAMS 0x0000000612c00000, 0x0000000612c00000| Untracked 
|  58|0x0000000613000000, 0x0000000613000000, 0x0000000613400000|  0%| F|  |TAMS 0x0000000613000000, 0x0000000613000000| Untracked 
|  59|0x0000000613400000, 0x0000000613400000, 0x0000000613800000|  0%| F|  |TAMS 0x0000000613400000, 0x0000000613400000| Untracked 
|  60|0x0000000613800000, 0x0000000613800000, 0x0000000613c00000|  0%| F|  |TAMS 0x0000000613800000, 0x0000000613800000| Untracked 
|  61|0x0000000613c00000, 0x0000000613c00000, 0x0000000614000000|  0%| F|  |TAMS 0x0000000613c00000, 0x0000000613c00000| Untracked 
|  62|0x0000000614000000, 0x0000000614000000, 0x0000000614400000|  0%| F|  |TAMS 0x0000000614000000, 0x0000000614000000| Untracked 
|  63|0x0000000614400000, 0x0000000614400000, 0x0000000614800000|  0%| F|  |TAMS 0x0000000614400000, 0x0000000614400000| Untracked 
|  64|0x0000000614800000, 0x0000000614800000, 0x0000000614c00000|  0%| F|  |TAMS 0x0000000614800000, 0x0000000614800000| Untracked 
|  65|0x0000000614c00000, 0x0000000614c00000, 0x0000000615000000|  0%| F|  |TAMS 0x0000000614c00000, 0x0000000614c00000| Untracked 
|  66|0x0000000615000000, 0x0000000615000000, 0x0000000615400000|  0%| F|  |TAMS 0x0000000615000000, 0x0000000615000000| Untracked 
|  67|0x0000000615400000, 0x0000000615400000, 0x0000000615800000|  0%| F|  |TAMS 0x0000000615400000, 0x0000000615400000| Untracked 
|  68|0x0000000615800000, 0x0000000615800000, 0x0000000615c00000|  0%| F|  |TAMS 0x0000000615800000, 0x0000000615800000| Untracked 
|  69|0x0000000615c00000, 0x0000000615efc9d0, 0x0000000616000000| 74%| E|  |TAMS 0x0000000615c00000, 0x0000000615c00000| Complete 
|  70|0x0000000616000000, 0x0000000616400000, 0x0000000616400000|100%| E|CS|TAMS 0x0000000616000000, 0x0000000616000000| Complete 
|  71|0x0000000616400000, 0x0000000616800000, 0x0000000616800000|100%| E|CS|TAMS 0x0000000616400000, 0x0000000616400000| Complete 
|  72|0x0000000616800000, 0x0000000616c00000, 0x0000000616c00000|100%| E|CS|TAMS 0x0000000616800000, 0x0000000616800000| Complete 
|  73|0x0000000616c00000, 0x0000000617000000, 0x0000000617000000|100%| E|CS|TAMS 0x0000000616c00000, 0x0000000616c00000| Complete 
|  74|0x0000000617000000, 0x0000000617400000, 0x0000000617400000|100%| E|CS|TAMS 0x0000000617000000, 0x0000000617000000| Complete 
|  75|0x0000000617400000, 0x0000000617800000, 0x0000000617800000|100%| E|CS|TAMS 0x0000000617400000, 0x0000000617400000| Complete 
|  76|0x0000000617800000, 0x0000000617c00000, 0x0000000617c00000|100%| E|CS|TAMS 0x0000000617800000, 0x0000000617800000| Complete 
|  77|0x0000000617c00000, 0x0000000618000000, 0x0000000618000000|100%| E|CS|TAMS 0x0000000617c00000, 0x0000000617c00000| Complete 
|  78|0x0000000618000000, 0x0000000618400000, 0x0000000618400000|100%| E|CS|TAMS 0x0000000618000000, 0x0000000618000000| Complete 
|  79|0x0000000618400000, 0x0000000618800000, 0x0000000618800000|100%| E|CS|TAMS 0x0000000618400000, 0x0000000618400000| Complete 
|  80|0x0000000618800000, 0x0000000618c00000, 0x0000000618c00000|100%| E|CS|TAMS 0x0000000618800000, 0x0000000618800000| Complete 
|  81|0x0000000618c00000, 0x0000000619000000, 0x0000000619000000|100%| E|CS|TAMS 0x0000000618c00000, 0x0000000618c00000| Complete 
|  82|0x0000000619000000, 0x0000000619400000, 0x0000000619400000|100%| E|CS|TAMS 0x0000000619000000, 0x0000000619000000| Complete 
|  83|0x0000000619400000, 0x0000000619800000, 0x0000000619800000|100%| E|CS|TAMS 0x0000000619400000, 0x0000000619400000| Complete 
|  84|0x0000000619800000, 0x0000000619c00000, 0x0000000619c00000|100%| E|CS|TAMS 0x0000000619800000, 0x0000000619800000| Complete 
|  85|0x0000000619c00000, 0x000000061a000000, 0x000000061a000000|100%| E|CS|TAMS 0x0000000619c00000, 0x0000000619c00000| Complete 
|  86|0x000000061a000000, 0x000000061a400000, 0x000000061a400000|100%| E|CS|TAMS 0x000000061a000000, 0x000000061a000000| Complete 
|  87|0x000000061a400000, 0x000000061a800000, 0x000000061a800000|100%| E|CS|TAMS 0x000000061a400000, 0x000000061a400000| Complete 
|  88|0x000000061a800000, 0x000000061ac00000, 0x000000061ac00000|100%| E|CS|TAMS 0x000000061a800000, 0x000000061a800000| Complete 
|  89|0x000000061ac00000, 0x000000061b000000, 0x000000061b000000|100%| E|CS|TAMS 0x000000061ac00000, 0x000000061ac00000| Complete 
|  90|0x000000061b000000, 0x000000061b400000, 0x000000061b400000|100%| E|CS|TAMS 0x000000061b000000, 0x000000061b000000| Complete 
|  91|0x000000061b400000, 0x000000061b800000, 0x000000061b800000|100%| E|CS|TAMS 0x000000061b400000, 0x000000061b400000| Complete 
|  92|0x000000061b800000, 0x000000061bc00000, 0x000000061bc00000|100%| E|CS|TAMS 0x000000061b800000, 0x000000061b800000| Complete 
|  93|0x000000061bc00000, 0x000000061c000000, 0x000000061c000000|100%| E|CS|TAMS 0x000000061bc00000, 0x000000061bc00000| Complete 
|  94|0x000000061c000000, 0x000000061c400000, 0x000000061c400000|100%| E|CS|TAMS 0x000000061c000000, 0x000000061c000000| Complete 
|  95|0x000000061c400000, 0x000000061c800000, 0x000000061c800000|100%| E|CS|TAMS 0x000000061c400000, 0x000000061c400000| Complete 
|  96|0x000000061c800000, 0x000000061cc00000, 0x000000061cc00000|100%| E|CS|TAMS 0x000000061c800000, 0x000000061c800000| Complete 
|  97|0x000000061cc00000, 0x000000061d000000, 0x000000061d000000|100%| E|CS|TAMS 0x000000061cc00000, 0x000000061cc00000| Complete 
|  98|0x000000061d000000, 0x000000061d400000, 0x000000061d400000|100%| E|CS|TAMS 0x000000061d000000, 0x000000061d000000| Complete 
|  99|0x000000061d400000, 0x000000061d800000, 0x000000061d800000|100%| E|CS|TAMS 0x000000061d400000, 0x000000061d400000| Complete 
| 100|0x000000061d800000, 0x000000061dc00000, 0x000000061dc00000|100%| E|CS|TAMS 0x000000061d800000, 0x000000061d800000| Complete 
| 101|0x000000061dc00000, 0x000000061e000000, 0x000000061e000000|100%| E|CS|TAMS 0x000000061dc00000, 0x000000061dc00000| Complete 
| 102|0x000000061e000000, 0x000000061e400000, 0x000000061e400000|100%| E|CS|TAMS 0x000000061e000000, 0x000000061e000000| Complete 
| 103|0x000000061e400000, 0x000000061e800000, 0x000000061e800000|100%| E|CS|TAMS 0x000000061e400000, 0x000000061e400000| Complete 
| 104|0x000000061e800000, 0x000000061ec00000, 0x000000061ec00000|100%| E|CS|TAMS 0x000000061e800000, 0x000000061e800000| Complete 
| 105|0x000000061ec00000, 0x000000061f000000, 0x000000061f000000|100%| E|CS|TAMS 0x000000061ec00000, 0x000000061ec00000| Complete 
| 106|0x000000061f000000, 0x000000061f400000, 0x000000061f400000|100%| E|CS|TAMS 0x000000061f000000, 0x000000061f000000| Complete 
| 107|0x000000061f400000, 0x000000061f800000, 0x000000061f800000|100%| E|CS|TAMS 0x000000061f400000, 0x000000061f400000| Complete 
| 108|0x000000061f800000, 0x000000061fc00000, 0x000000061fc00000|100%| E|CS|TAMS 0x000000061f800000, 0x000000061f800000| Complete 
| 109|0x000000061fc00000, 0x0000000620000000, 0x0000000620000000|100%| E|CS|TAMS 0x000000061fc00000, 0x000000061fc00000| Complete 
| 110|0x0000000620000000, 0x0000000620400000, 0x0000000620400000|100%| E|CS|TAMS 0x0000000620000000, 0x0000000620000000| Complete 
| 111|0x0000000620400000, 0x0000000620800000, 0x0000000620800000|100%| E|CS|TAMS 0x0000000620400000, 0x0000000620400000| Complete 
| 112|0x0000000620800000, 0x0000000620c00000, 0x0000000620c00000|100%| E|CS|TAMS 0x0000000620800000, 0x0000000620800000| Complete 
| 113|0x0000000620c00000, 0x0000000621000000, 0x0000000621000000|100%| E|CS|TAMS 0x0000000620c00000, 0x0000000620c00000| Complete 
| 114|0x0000000621000000, 0x0000000621400000, 0x0000000621400000|100%| E|CS|TAMS 0x0000000621000000, 0x0000000621000000| Complete 
| 115|0x0000000621400000, 0x0000000621800000, 0x0000000621800000|100%| E|CS|TAMS 0x0000000621400000, 0x0000000621400000| Complete 
| 116|0x0000000621800000, 0x0000000621c00000, 0x0000000621c00000|100%| E|CS|TAMS 0x0000000621800000, 0x0000000621800000| Complete 
| 117|0x0000000621c00000, 0x0000000622000000, 0x0000000622000000|100%| E|CS|TAMS 0x0000000621c00000, 0x0000000621c00000| Complete 
| 118|0x0000000622000000, 0x0000000622400000, 0x0000000622400000|100%| E|CS|TAMS 0x0000000622000000, 0x0000000622000000| Complete 
| 119|0x0000000622400000, 0x0000000622800000, 0x0000000622800000|100%| E|CS|TAMS 0x0000000622400000, 0x0000000622400000| Complete 
| 120|0x0000000622800000, 0x0000000622c00000, 0x0000000622c00000|100%| E|CS|TAMS 0x0000000622800000, 0x0000000622800000| Complete 
| 121|0x0000000622c00000, 0x0000000623000000, 0x0000000623000000|100%| E|CS|TAMS 0x0000000622c00000, 0x0000000622c00000| Complete 
| 122|0x0000000623000000, 0x0000000623400000, 0x0000000623400000|100%| E|CS|TAMS 0x0000000623000000, 0x0000000623000000| Complete 
| 123|0x0000000623400000, 0x0000000623800000, 0x0000000623800000|100%| E|CS|TAMS 0x0000000623400000, 0x0000000623400000| Complete 
| 124|0x0000000623800000, 0x0000000623c00000, 0x0000000623c00000|100%| E|CS|TAMS 0x0000000623800000, 0x0000000623800000| Complete 
| 125|0x0000000623c00000, 0x0000000624000000, 0x0000000624000000|100%| E|CS|TAMS 0x0000000623c00000, 0x0000000623c00000| Complete 
| 126|0x0000000624000000, 0x0000000624400000, 0x0000000624400000|100%| E|CS|TAMS 0x0000000624000000, 0x0000000624000000| Complete 

Card table byte_map: [0x0000024a9eff0000,0x0000024a9ffd0000] _byte_map_base: 0x0000024a9bfcc000

Marking Bits (Prev, Next): (CMBitMap*) 0x0000024a86ace8c0, (CMBitMap*) 0x0000024a86ace900
 Prev Bits: [0x0000024aa0fb0000, 0x0000024aa8e90000)
 Next Bits: [0x0000024aa8e90000, 0x0000024ab0d70000)

Polling page: 0x0000024a849c0000

Metaspace:

Usage:
  Non-class:     14.27 MB used.
      Class:      1.09 MB used.
       Both:     15.37 MB used.

Virtual space:
  Non-class space:       64.00 MB reserved,      14.38 MB ( 22%) committed,  1 nodes.
      Class space:        1.00 GB reserved,       1.19 MB ( <1%) committed,  1 nodes.
             Both:        1.06 GB reserved,      15.56 MB (  1%) committed. 

Chunk freelists:
   Non-Class:  1.45 MB
       Class:  14.85 MB
        Both:  16.31 MB

MaxMetaspaceSize: unlimited
CompressedClassSpaceSize: 1.00 GB
Initial GC threshold: 21.00 MB
Current GC threshold: 21.00 MB
CDS: on
MetaspaceReclaimPolicy: balanced
 - commit_granule_bytes: 65536.
 - commit_granule_words: 8192.
 - virtual_space_node_default_size: 8388608.
 - enlarge_chunks_in_place: 1.
 - new_chunks_are_fully_committed: 0.
 - uncommit_free_chunks: 1.
 - use_allocation_guard: 0.
 - handle_deallocations: 1.


Internal statistics:

num_allocs_failed_limit: 0.
num_arena_births: 130.
num_arena_deaths: 0.
num_vsnodes_births: 2.
num_vsnodes_deaths: 0.
num_space_committed: 245.
num_space_uncommitted: 0.
num_chunks_returned_to_freelist: 0.
num_chunks_taken_from_freelist: 446.
num_chunk_merges: 0.
num_chunk_splits: 347.
num_chunks_enlarged: 281.
num_inconsistent_stats: 0.

CodeHeap 'non-profiled nmethods': size=119168Kb used=2328Kb max_used=2328Kb free=116839Kb
 bounds [0x0000024a96100000, 0x0000024a96370000, 0x0000024a9d560000]
CodeHeap 'profiled nmethods': size=119104Kb used=6072Kb max_used=6072Kb free=113031Kb
 bounds [0x0000024a8e560000, 0x0000024a8eb50000, 0x0000024a959b0000]
CodeHeap 'non-nmethods': size=7488Kb used=1658Kb max_used=3381Kb free=5829Kb
 bounds [0x0000024a959b0000, 0x0000024a95d10000, 0x0000024a96100000]
 total_blobs=4077 nmethods=3065 adapters=925
 compilation: enabled
              stopped_count=0, restarted_count=0
 full_count=0

Compilation events (20 events):
Event: 112.914 Thread 0x0000024ab1061fb0 3057       3       com.jogamp.newt.event.MouseEvent::getPointerType (23 bytes)
Event: 112.914 Thread 0x0000024ab1061fb0 nmethod 3057 0x0000024a8eb4d710 code [0x0000024a8eb4d8c0, 0x0000024a8eb4da78]
Event: 112.925 Thread 0x0000024ab1061fb0 3058       3       com.jogamp.common.util.Bitfield$Util::bitCount (49 bytes)
Event: 112.926 Thread 0x0000024ab1061fb0 nmethod 3058 0x0000024a8eb4db10 code [0x0000024a8eb4dca0, 0x0000024a8eb4ddd8]
Event: 112.949 Thread 0x0000024ab1061fb0 3059       1       processing.event.MouseEvent::getX (5 bytes)
Event: 112.949 Thread 0x0000024ab1061fb0 nmethod 3059 0x0000024a96341610 code [0x0000024a963417a0, 0x0000024a96341878]
Event: 112.949 Thread 0x0000024ab1061fb0 3060       1       processing.event.MouseEvent::getY (5 bytes)
Event: 112.949 Thread 0x0000024ab1061fb0 nmethod 3060 0x0000024a96341910 code [0x0000024a96341aa0, 0x0000024a96341b78]
Event: 113.163 Thread 0x0000024ab10615f0 3061       4       jogamp.opengl.glu.tessellator.Render$RenderTriangle::render (36 bytes)
Event: 113.164 Thread 0x0000024ab10615f0 nmethod 3061 0x0000024a96341c10 code [0x0000024a96341d80, 0x0000024a96342038]
Event: 116.138 Thread 0x0000024ab10615f0 3062       4       jogamp.opengl.glu.tessellator.Render::__gl_renderMesh (119 bytes)
Event: 116.167 Thread 0x0000024ab10615f0 nmethod 3062 0x0000024a96342190 code [0x0000024a96342420, 0x0000024a96344740]
Event: 119.243 Thread 0x0000024ab10615f0 3063       4       java.util.ArrayList::iterator (9 bytes)
Event: 119.243 Thread 0x0000024ab1061fb0 3064       1       java.lang.Thread::getThreadGroup (5 bytes)
Event: 119.243 Thread 0x0000024ab1061fb0 nmethod 3064 0x0000024a96345a10 code [0x0000024a96345ba0, 0x0000024a96345c78]
Event: 119.244 Thread 0x0000024ab10615f0 nmethod 3063 0x0000024a96345d10 code [0x0000024a96345ea0, 0x0000024a96345f98]
Event: 119.268 Thread 0x0000024ab1061fb0 3065       3       com.jogamp.nativewindow.DefaultGraphicsDevice::lock (10 bytes)
Event: 119.268 Thread 0x0000024ab1061fb0 nmethod 3065 0x0000024a8eb4de90 code [0x0000024a8eb4e040, 0x0000024a8eb4e228]
Event: 119.281 Thread 0x0000024ab1061fb0 3066       1       java.nio.DirectByteBuffer::attachment (5 bytes)
Event: 119.281 Thread 0x0000024ab1061fb0 nmethod 3066 0x0000024a96346090 code [0x0000024a96346220, 0x0000024a963462f8]

GC Heap History (6 events):
Event: 0.749 GC heap before
{Heap before GC invocations=0 (full 0):
 garbage-first heap   total 520192K, used 20480K [0x0000000604800000, 0x0000000800000000)
  region size 4096K, 6 young (24576K), 0 survivors (0K)
 Metaspace       used 10990K, committed 11200K, reserved 1114112K
  class space    used 747K, committed 832K, reserved 1048576K
}
Event: 0.756 GC heap after
{Heap after GC invocations=1 (full 0):
 garbage-first heap   total 520192K, used 2900K [0x0000000604800000, 0x0000000800000000)
  region size 4096K, 1 young (4096K), 1 survivors (4096K)
 Metaspace       used 10990K, committed 11200K, reserved 1114112K
  class space    used 747K, committed 832K, reserved 1048576K
}
Event: 3.914 GC heap before
{Heap before GC invocations=1 (full 0):
 garbage-first heap   total 520192K, used 47956K [0x0000000604800000, 0x0000000800000000)
  region size 4096K, 12 young (49152K), 1 survivors (4096K)
 Metaspace       used 15221K, committed 15424K, reserved 1114112K
  class space    used 1109K, committed 1216K, reserved 1048576K
}
Event: 3.919 GC heap after
{Heap after GC invocations=2 (full 0):
 garbage-first heap   total 520192K, used 6576K [0x0000000604800000, 0x0000000800000000)
  region size 4096K, 2 young (8192K), 2 survivors (8192K)
 Metaspace       used 15221K, committed 15424K, reserved 1114112K
  class space    used 1109K, committed 1216K, reserved 1048576K
}
Event: 72.180 GC heap before
{Heap before GC invocations=2 (full 0):
 garbage-first heap   total 520192K, used 309680K [0x0000000604800000, 0x0000000800000000)
  region size 4096K, 76 young (311296K), 2 survivors (8192K)
 Metaspace       used 15671K, committed 15872K, reserved 1114112K
  class space    used 1112K, committed 1216K, reserved 1048576K
}
Event: 72.184 GC heap after
{Heap after GC invocations=3 (full 0):
 garbage-first heap   total 520192K, used 6767K [0x0000000604800000, 0x0000000800000000)
  region size 4096K, 2 young (8192K), 2 survivors (8192K)
 Metaspace       used 15671K, committed 15872K, reserved 1114112K
  class space    used 1112K, committed 1216K, reserved 1048576K
}

Dll operation events (18 events):
Event: 0.005 Loaded shared library C:\Program Files\Processing\app\resources\jdk-17.0.14+7\bin\java.dll
Event: 0.019 Loaded shared library C:\Program Files\Processing\app\resources\jdk-17.0.14+7\bin\jsvml.dll
Event: 0.087 Loaded shared library C:\Program Files\Processing\app\resources\jdk-17.0.14+7\bin\net.dll
Event: 0.088 Loaded shared library C:\Program Files\Processing\app\resources\jdk-17.0.14+7\bin\nio.dll
Event: 0.090 Loaded shared library C:\Program Files\Processing\app\resources\jdk-17.0.14+7\bin\zip.dll
Event: 0.127 Loaded shared library C:\Program Files\Processing\app\resources\jdk-17.0.14+7\bin\jimage.dll
Event: 0.130 Loaded shared library C:\Program Files\Processing\app\resources\jdk-17.0.14+7\bin\awt.dll
Event: 0.388 Loaded shared library C:\Users\joseb\AppData\Local\Temp\jogamp_0000\file_cache\jln8175891602381316689\jln11185398279151662843\natives\windows-amd64\gluegen_rt.dll
Event: 0.393 Loaded shared library C:\Program Files\Processing\app\resources\jdk-17.0.14+7\bin\jawt.dll
Event: 0.401 Loaded shared library C:\Users\joseb\AppData\Local\Temp\jogamp_0000\file_cache\jln8175891602381316689\jln11185398279151662843\natives\windows-amd64\nativewindow_awt.dll
Event: 0.420 Loaded shared library C:\Users\joseb\AppData\Local\Temp\jogamp_0000\file_cache\jln8175891602381316689\jln11185398279151662843\natives\windows-amd64\nativewindow_win32.dll
Event: 0.492 Loaded shared library C:\Users\joseb\AppData\Local\Temp\jogamp_0000\file_cache\jln8175891602381316689\jln11185398279151662843\natives\windows-amd64\jogl_desktop.dll
Event: 0.557 Loaded shared library C:\Users\joseb\AppData\Local\Temp\jogamp_0000\file_cache\jln8175891602381316689\jln11185398279151662843\natives\windows-amd64\jogl_mobile.dll
Event: 1.031 Loaded shared library C:\Users\joseb\AppData\Local\Temp\jogamp_0000\file_cache\jln8175891602381316689\jln11185398279151662843\natives\windows-amd64\newt_head.dll
Event: 1.176 Loaded shared library C:\Program Files\Processing\app\resources\jdk-17.0.14+7\bin\freetype.dll
Event: 1.177 Loaded shared library C:\Program Files\Processing\app\resources\jdk-17.0.14+7\bin\fontmanager.dll
Event: 1.320 Loaded shared library C:\Program Files\Processing\app\resources\jdk-17.0.14+7\bin\verify.dll
Event: 1.343 Loaded shared library C:\Program Files\Processing\app\resources\jdk-17.0.14+7\bin\extnet.dll

Deoptimization events (20 events):
Event: 119.264 Thread 0x0000024ab4db3ce0 Uncommon trap: trap_request=0xffffffde fr.pc=0x0000024a962e6b74 relative=0x00000000000002f4
Event: 119.264 Thread 0x0000024ab4db3ce0 Uncommon trap: reason=class_check action=maybe_recompile pc=0x0000024a962e6b74 method=jogamp.opengl.GLDrawableImpl.lockSurface()I @ 4 c2
Event: 119.264 Thread 0x0000024ab4db3ce0 DEOPT PACKING pc=0x0000024a962e6b74 sp=0x00000064ea5ff060
Event: 119.264 Thread 0x0000024ab4db3ce0 DEOPT UNPACKING pc=0x0000024a95a069a3 sp=0x00000064ea5ff028 mode 2
Event: 119.264 Thread 0x0000024ab4db3ce0 Uncommon trap: trap_request=0xffffffde fr.pc=0x0000024a96315198 relative=0x0000000000000738
Event: 119.264 Thread 0x0000024ab4db3ce0 Uncommon trap: reason=class_check action=maybe_recompile pc=0x0000024a96315198 method=jogamp.opengl.GLDrawableImpl.lockSurface()I @ 4 c2
Event: 119.264 Thread 0x0000024ab4db3ce0 DEOPT PACKING pc=0x0000024a96315198 sp=0x00000064ea5fefe0
Event: 119.264 Thread 0x0000024ab4db3ce0 DEOPT UNPACKING pc=0x0000024a95a069a3 sp=0x00000064ea5fef18 mode 2
Event: 119.264 Thread 0x0000024ab4db3ce0 Uncommon trap: trap_request=0xffffffde fr.pc=0x0000024a96327020 relative=0x0000000000000160
Event: 119.264 Thread 0x0000024ab4db3ce0 Uncommon trap: reason=class_check action=maybe_recompile pc=0x0000024a96327020 method=jogamp.opengl.GLDrawableImpl.getHandle()J @ 4 c2
Event: 119.264 Thread 0x0000024ab4db3ce0 DEOPT PACKING pc=0x0000024a96327020 sp=0x00000064ea5fef50
Event: 119.264 Thread 0x0000024ab4db3ce0 DEOPT UNPACKING pc=0x0000024a95a069a3 sp=0x00000064ea5fee28 mode 2
Event: 119.264 Thread 0x0000024ab4db3ce0 Uncommon trap: trap_request=0xffffff45 fr.pc=0x0000024a9631346c relative=0x0000000000000d8c
Event: 119.264 Thread 0x0000024ab4db3ce0 Uncommon trap: reason=unstable_if action=reinterpret pc=0x0000024a9631346c method=jogamp.opengl.GLContextImpl.release(Z)V @ 167 c2
Event: 119.264 Thread 0x0000024ab4db3ce0 DEOPT PACKING pc=0x0000024a9631346c sp=0x00000064ea5ff010
Event: 119.264 Thread 0x0000024ab4db3ce0 DEOPT UNPACKING pc=0x0000024a95a069a3 sp=0x00000064ea5ff018 mode 2
Event: 119.281 Thread 0x0000024afbfd4430 Uncommon trap: trap_request=0xffffff45 fr.pc=0x0000024a96307e68 relative=0x0000000000000068
Event: 119.281 Thread 0x0000024afbfd4430 Uncommon trap: reason=unstable_if action=reinterpret pc=0x0000024a96307e68 method=java.util.ArrayList.clear()V @ 29 c2
Event: 119.281 Thread 0x0000024afbfd4430 DEOPT PACKING pc=0x0000024a96307e68 sp=0x00000064e96ff320
Event: 119.281 Thread 0x0000024afbfd4430 DEOPT UNPACKING pc=0x0000024a95a069a3 sp=0x00000064e96ff2a0 mode 2

Classes loaded (20 events):
Event: 2.370 Loading class java/util/NoSuchElementException
Event: 2.370 Loading class java/util/NoSuchElementException done
Event: 2.408 Loading class java/util/regex/Pattern$LookBehindEndNode
Event: 2.408 Loading class java/util/regex/Pattern$LookBehindEndNode done
Event: 2.408 Loading class java/util/regex/Pattern$NotBehind
Event: 2.408 Loading class java/util/regex/Pattern$NotBehind done
Event: 2.408 Loading class java/util/regex/Pattern$Neg
Event: 2.408 Loading class java/util/regex/Pattern$Neg done
Event: 2.408 Loading class java/util/regex/Pattern$Pos
Event: 2.408 Loading class java/util/regex/Pattern$Pos done
Event: 2.412 Loading class java/util/regex/Pattern$SliceS
Event: 2.412 Loading class java/util/regex/Pattern$SliceS done
Event: 119.241 Loading class sun/nio/ch/SocketDispatcher
Event: 119.241 Loading class sun/nio/ch/SocketDispatcher done
Event: 119.241 Loading class java/nio/channels/AsynchronousCloseException
Event: 119.241 Loading class java/nio/channels/ClosedChannelException
Event: 119.241 Loading class java/nio/channels/ClosedChannelException done
Event: 119.241 Loading class java/nio/channels/AsynchronousCloseException done
Event: 119.243 Loading class sun/font/SunFontManager$8$1
Event: 119.243 Loading class sun/font/SunFontManager$8$1 done

Classes unloaded (0 events):
No events

Classes redefined (0 events):
No events

Internal exceptions (20 events):
Event: 0.137 Thread 0x0000024a86a1d520 Exception <a 'java/io/FileNotFoundException'{0x0000000623dcb800}> (0x0000000623dcb800) 
thrown [s\src\hotspot\share\prims\jni.cpp, line 516]
Event: 0.141 Thread 0x0000024a86a1d520 Exception <a 'java/io/FileNotFoundException'{0x0000000623df89a8}> (0x0000000623df89a8) 
thrown [s\src\hotspot\share\prims\jni.cpp, line 516]
Event: 0.165 Thread 0x0000024a86a1d520 Exception <a 'java/lang/NoSuchMethodError'{0x0000000623ea7518}: 'java.lang.Object java.lang.invoke.DirectMethodHandle$Holder.invokeStaticInit(java.lang.Object)'> (0x0000000623ea7518) 
thrown [s\src\hotspot\share\interpreter\linkResolver.cpp, line 759]
Event: 0.280 Thread 0x0000024a86a1d520 Exception <a 'java/lang/NoSuchMethodError'{0x0000000623b22888}: 'java.lang.Object java.lang.invoke.DirectMethodHandle$Holder.invokeStaticInit(java.lang.Object, int, int, int, int)'> (0x0000000623b22888) 
thrown [s\src\hotspot\share\interpreter\linkResolver.cpp, line 759]
Event: 0.308 Thread 0x0000024a86a1d520 Exception <a 'java/lang/NoSuchMethodError'{0x00000006234143a0}: 'java.lang.Object java.lang.invoke.DirectMethodHandle$Holder.invokeStaticInit(java.lang.Object, java.lang.Object, int, int, int, int)'> (0x00000006234143a0) 
thrown [s\src\hotspot\share\interpreter\linkResolver.cpp, line 759]
Event: 0.330 Thread 0x0000024a86a1d520 Exception <a 'java/lang/NoSuchMethodError'{0x000000062341fa40}: 'void java.lang.invoke.DirectMethodHandle$Holder.invokeStatic(java.lang.Object, long)'> (0x000000062341fa40) 
thrown [s\src\hotspot\share\interpreter\linkResolver.cpp, line 759]
Event: 0.330 Thread 0x0000024a86a1d520 Exception <a 'java/lang/NoSuchMethodError'{0x0000000623425020}: 'java.lang.Object java.lang.invoke.DirectMethodHandle$Holder.newInvokeSpecial(java.lang.Object, long)'> (0x0000000623425020) 
thrown [s\src\hotspot\share\interpreter\linkResolver.cpp, line 759]
Event: 0.332 Thread 0x0000024a86a1d520 Exception <a 'java/lang/NoSuchMethodError'{0x000000062342f8b8}: 'java.lang.Object java.lang.invoke.DirectMethodHandle$Holder.invokeStaticInit(java.lang.Object, java.lang.Object, long, java.lang.Object)'> (0x000000062342f8b8) 
thrown [s\src\hotspot\share\interpreter\linkResolver.cpp, line 759]
Event: 0.332 Thread 0x0000024a86a1d520 Exception <a 'java/lang/NoSuchMethodError'{0x0000000623435e78}: 'java.lang.Object java.lang.invoke.DirectMethodHandle$Holder.newInvokeSpecial(java.lang.Object, java.lang.Object, long)'> (0x0000000623435e78) 
thrown [s\src\hotspot\share\interpreter\linkResolver.cpp, line 759]
Event: 0.332 Thread 0x0000024a86a1d520 Exception <a 'java/lang/NoSuchMethodError'{0x00000006234399e8}: 'java.lang.Object java.lang.invoke.Invokers$Holder.linkToTargetMethod(java.lang.Object, long, java.lang.Object)'> (0x00000006234399e8) 
thrown [s\src\hotspot\share\interpreter\linkResolver.cpp, line 759]
Event: 0.408 Thread 0x0000024a86a1d520 Exception <a 'java/lang/NoSuchMethodError'{0x00000006235ae288}: 'java.lang.Object java.lang.invoke.DirectMethodHandle$Holder.invokeInterface(java.lang.Object, java.lang.Object)'> (0x00000006235ae288) 
thrown [s\src\hotspot\share\interpreter\linkResolver.cpp, line 759]
Event: 0.408 Thread 0x0000024a86a1d520 Exception <a 'java/lang/IncompatibleClassChangeError'{0x00000006235b1ba8}: Found class java.lang.Object, but interface was expected> (0x00000006235b1ba8) 
thrown [s\src\hotspot\share\interpreter\linkResolver.cpp, line 826]
Event: 1.096 Thread 0x0000024a86a1d520 Exception <a 'java/lang/NoSuchMethodError'{0x00000006237d9278}: 'void java.lang.invoke.DirectMethodHandle$Holder.invokeSpecial(java.lang.Object, java.lang.Object, java.lang.Object, java.lang.Object, java.lang.Object)'> (0x00000006237d9278) 
thrown [s\src\hotspot\share\interpreter\linkResolver.cpp, line 759]
Event: 1.097 Thread 0x0000024a86a1d520 Exception <a 'java/lang/NoSuchMethodError'{0x00000006237e2208}: 'void java.lang.invoke.DirectMethodHandle$Holder.invokeSpecial(java.lang.Object, java.lang.Object, java.lang.Object)'> (0x00000006237e2208) 
thrown [s\src\hotspot\share\interpreter\linkResolver.cpp, line 759]
Event: 1.097 Thread 0x0000024a86a1d520 Exception <a 'java/lang/NoSuchMethodError'{0x00000006237e8538}: 'void java.lang.invoke.DirectMethodHandle$Holder.invokeSpecial(java.lang.Object, java.lang.Object, int)'> (0x00000006237e8538) 
thrown [s\src\hotspot\share\interpreter\linkResolver.cpp, line 759]
Event: 1.098 Thread 0x0000024a86a1d520 Exception <a 'java/lang/NoSuchMethodError'{0x00000006237ee550}: 'java.lang.Object java.lang.invoke.DirectMethodHandle$Holder.newInvokeSpecial(java.lang.Object, java.lang.Object, int)'> (0x00000006237ee550) 
thrown [s\src\hotspot\share\interpreter\linkResolver.cpp, line 759]
Event: 2.353 Thread 0x0000024afbfd1bb0 Implicit null exception at 0x0000024a9617c7dd to 0x0000024a9617c890
Event: 2.353 Thread 0x0000024afbfd1bb0 Implicit null exception at 0x0000024a9617cc71 to 0x0000024a9617ccf0
Event: 119.241 Thread 0x0000024afbfd1bb0 Exception <a 'java/net/SocketException'{0x0000000616000050}: Interrupted function call: recvfrom> (0x0000000616000050) 
thrown [s\src\hotspot\share\prims\jni.cpp, line 535]
Event: 119.242 Thread 0x0000024afbfd0c80 Exception <a 'java/lang/InterruptedException'{0x000000061607e4b0}> (0x000000061607e4b0) 
thrown [s\src\hotspot\share\runtime\objectMonitor.cpp, line 1658]

VM Operations (20 events):
Event: 62.210 Executing VM operation: Cleanup done
Event: 68.213 Executing VM operation: Cleanup
Event: 68.213 Executing VM operation: Cleanup done
Event: 72.180 Executing VM operation: G1CollectForAllocation
Event: 72.185 Executing VM operation: G1CollectForAllocation done
Event: 77.187 Executing VM operation: Cleanup
Event: 77.187 Executing VM operation: Cleanup done
Event: 81.188 Executing VM operation: Cleanup
Event: 81.188 Executing VM operation: Cleanup done
Event: 87.191 Executing VM operation: Cleanup
Event: 87.191 Executing VM operation: Cleanup done
Event: 88.191 Executing VM operation: Cleanup
Event: 88.191 Executing VM operation: Cleanup done
Event: 91.192 Executing VM operation: Cleanup
Event: 91.192 Executing VM operation: Cleanup done
Event: 93.192 Executing VM operation: Cleanup
Event: 93.192 Executing VM operation: Cleanup done
Event: 116.203 Executing VM operation: Cleanup
Event: 116.203 Executing VM operation: Cleanup done
Event: 119.345 Executing VM operation: Exit

Memory protections (0 events):
No events

Nmethod flushes (0 events):
No events

Events (20 events):
Event: 112.180 Thread 0x0000024b074ad890 Thread exited: 0x0000024b074ad890
Event: 112.960 Thread 0x0000024afbfd3a10 Thread exited: 0x0000024afbfd3a10
Event: 113.003 Thread 0x0000024ab4766850 Thread added: 0x0000024afbfd3a10
Event: 116.480 Thread 0x0000024afbfd3a10 Thread exited: 0x0000024afbfd3a10
Event: 119.241 Thread 0x0000024afbfd1bb0 Thread exited: 0x0000024afbfd1bb0
Event: 119.242 Thread 0x0000024afbfd25d0 Thread added: 0x0000024afbfd3a10
Event: 119.242 Thread 0x0000024afbfd25d0 Thread added: 0x0000024afbfd1bb0
Event: 119.242 Thread 0x0000024afbfd0c80 Thread exited: 0x0000024afbfd0c80
Event: 119.242 Thread 0x0000024afbfd25d0 Thread added: 0x0000024afbfd3f20
Event: 119.242 Thread 0x0000024afbfd25d0 Thread added: 0x0000024afbfd4430
Event: 119.243 Thread 0x0000024ab4766850 Thread added: 0x0000024afbfd0c80
Event: 119.244 Thread 0x0000024afbfe26b0 Thread exited: 0x0000024afbfe26b0
Event: 119.244 Thread 0x0000024afbfd1bb0 Thread exited: 0x0000024afbfd1bb0
Event: 119.244 Thread 0x0000024afbfd3f20 Thread exited: 0x0000024afbfd3f20
Event: 119.246 Thread 0x0000024ab4766850 Thread exited: 0x0000024ab4766850
Event: 119.279 Thread 0x0000024ab4db3ce0 Thread exited: 0x0000024ab4db3ce0
Event: 119.281 Thread 0x0000024afbfd4430 Thread exited: 0x0000024afbfd4430
Event: 119.345 Thread 0x0000024afbfd3a10 Thread exited: 0x0000024afbfd3a10
Event: 119.345 Thread 0x0000024afbfd25d0 Before exit entered
Event: 119.345 Thread 0x0000024ab429fe90 Thread exited: 0x0000024ab429fe90


Dynamic libraries:
0x00007ff6e6130000 - 0x00007ff6e613e000 	C:\Program Files\Processing\app\resources\jdk-17.0.14+7\bin\java.exe
0x00007ffeedba0000 - 0x00007ffeedda9000 	C:\Windows\SYSTEM32\ntdll.dll
0x00007ffeec770000 - 0x00007ffeec82d000 	C:\Windows\System32\KERNEL32.DLL
0x00007ffeeb660000 - 0x00007ffeeb9e4000 	C:\Windows\System32\KERNELBASE.dll
0x00007ffeeb540000 - 0x00007ffeeb651000 	C:\Windows\System32\ucrtbase.dll
0x00007ffee15f0000 - 0x00007ffee1607000 	C:\Program Files\Processing\app\resources\jdk-17.0.14+7\bin\jli.dll
0x00007ffee1570000 - 0x00007ffee158e000 	C:\Program Files\Processing\app\resources\jdk-17.0.14+7\bin\VCRUNTIME140.dll
0x00007ffeed800000 - 0x00007ffeed9ad000 	C:\Windows\System32\USER32.dll
0x00007ffeeb200000 - 0x00007ffeeb226000 	C:\Windows\System32\win32u.dll
0x00007ffed74e0000 - 0x00007ffed7785000 	C:\Windows\WinSxS\amd64_microsoft.windows.common-controls_6595b64144ccf1df_6.0.22000.120_none_9d947278b86cc467\COMCTL32.dll
0x00007ffeec120000 - 0x00007ffeec14a000 	C:\Windows\System32\GDI32.dll
0x00007ffeed4f0000 - 0x00007ffeed593000 	C:\Windows\System32\msvcrt.dll
0x00007ffeeb3a0000 - 0x00007ffeeb4be000 	C:\Windows\System32\gdi32full.dll
0x00007ffeeb030000 - 0x00007ffeeb0cd000 	C:\Windows\System32\msvcp_win.dll
0x00007ffeec450000 - 0x00007ffeec481000 	C:\Windows\System32\IMM32.DLL
0x00007ffee1ac0000 - 0x00007ffee1acc000 	C:\Program Files\Processing\app\resources\jdk-17.0.14+7\bin\vcruntime140_1.dll
0x00007ffecce70000 - 0x00007ffeccefd000 	C:\Program Files\Processing\app\resources\jdk-17.0.14+7\bin\msvcp140.dll
0x00007ffe74c10000 - 0x00007ffe7587b000 	C:\Program Files\Processing\app\resources\jdk-17.0.14+7\bin\server\jvm.dll
0x00007ffeed9b0000 - 0x00007ffeeda5e000 	C:\Windows\System32\ADVAPI32.dll
0x00007ffeebfa0000 - 0x00007ffeec03e000 	C:\Windows\System32\sechost.dll
0x00007ffeec310000 - 0x00007ffeec431000 	C:\Windows\System32\RPCRT4.dll
0x00007ffeed770000 - 0x00007ffeed7df000 	C:\Windows\System32\WS2_32.dll
0x00007ffee9990000 - 0x00007ffee99dd000 	C:\Windows\SYSTEM32\POWRPROF.dll
0x00007ffee18d0000 - 0x00007ffee1903000 	C:\Windows\SYSTEM32\WINMM.dll
0x00007ffee13e0000 - 0x00007ffee13ea000 	C:\Windows\SYSTEM32\VERSION.dll
0x00007ffee9a80000 - 0x00007ffee9a93000 	C:\Windows\SYSTEM32\UMPDC.dll
0x00007ffeea190000 - 0x00007ffeea1a8000 	C:\Windows\SYSTEM32\kernel.appcore.dll
0x00007ffed9910000 - 0x00007ffed991a000 	C:\Program Files\Processing\app\resources\jdk-17.0.14+7\bin\jimage.dll
0x00007ffee87f0000 - 0x00007ffee8a11000 	C:\Windows\SYSTEM32\DBGHELP.DLL
0x00007ffedec40000 - 0x00007ffedec71000 	C:\Windows\SYSTEM32\dbgcore.DLL
0x00007ffeeb4c0000 - 0x00007ffeeb53f000 	C:\Windows\System32\bcryptPrimitives.dll
0x00007ffed1550000 - 0x00007ffed158b000 	C:\Program Files\Processing\app\resources\jdk-17.0.14+7\bin\jdwp.dll
0x00007ffed1520000 - 0x00007ffed1545000 	C:\Program Files\Processing\app\resources\jdk-17.0.14+7\bin\java.dll
0x00007ffec1ce0000 - 0x00007ffec1db7000 	C:\Program Files\Processing\app\resources\jdk-17.0.14+7\bin\jsvml.dll
0x00007ffeec920000 - 0x00007ffeed0e5000 	C:\Windows\System32\SHELL32.dll
0x00007ffee9110000 - 0x00007ffee9972000 	C:\Windows\SYSTEM32\windows.storage.dll
0x00007ffeed100000 - 0x00007ffeed476000 	C:\Windows\System32\combase.dll
0x00007ffee8fa0000 - 0x00007ffee9107000 	C:\Windows\SYSTEM32\wintypes.dll
0x00007ffeec830000 - 0x00007ffeec91a000 	C:\Windows\System32\SHCORE.dll
0x00007ffeec5e0000 - 0x00007ffeec63d000 	C:\Windows\System32\shlwapi.dll
0x00007ffeeaf60000 - 0x00007ffeeaf85000 	C:\Windows\SYSTEM32\profapi.dll
0x00007ffed6580000 - 0x00007ffed658c000 	C:\Program Files\Processing\app\resources\jdk-17.0.14+7\bin\dt_socket.dll
0x00007ffee9c30000 - 0x00007ffee9c5d000 	C:\Windows\SYSTEM32\IPHLPAPI.DLL
0x00007ffeea640000 - 0x00007ffeea6a7000 	C:\Windows\system32\mswsock.dll
0x00007ffed14c0000 - 0x00007ffed14d9000 	C:\Program Files\Processing\app\resources\jdk-17.0.14+7\bin\net.dll
0x00007ffee34f0000 - 0x00007ffee3604000 	C:\Windows\SYSTEM32\WINHTTP.dll
0x00007ffed1410000 - 0x00007ffed1426000 	C:\Program Files\Processing\app\resources\jdk-17.0.14+7\bin\nio.dll
0x00007ffed13f0000 - 0x00007ffed1408000 	C:\Program Files\Processing\app\resources\jdk-17.0.14+7\bin\zip.dll
0x00007ffebf250000 - 0x00007ffebf3e0000 	C:\Program Files\Processing\app\resources\jdk-17.0.14+7\bin\awt.dll
0x00007ffeec040000 - 0x00007ffeec116000 	C:\Windows\System32\OLEAUT32.dll
0x00007ffee4e50000 - 0x00007ffee4ee2000 	C:\Windows\SYSTEM32\apphelp.dll
0x00007ffee4f60000 - 0x00007ffee500c000 	C:\Windows\system32\uxtheme.dll
0x00007ffe6d970000 - 0x00007ffe6daa3000 	C:\ProgramData\A-Volute\A-Volute.Nahimic\Modules\Scheduled\x64\AudioDevProps2.dll
0x00007ffeed5d0000 - 0x00007ffeed76a000 	C:\Windows\System32\ole32.dll
0x00007ffeeba00000 - 0x00007ffeebb1d000 	C:\Windows\System32\MSCTF.dll
0x00007ffee7a20000 - 0x00007ffee7a4f000 	C:\Windows\system32\DWMAPI.DLL
0x00007ffed25f0000 - 0x00007ffed26f1000 	C:\Windows\system32\opengl32.dll
0x00007ffed25c0000 - 0x00007ffed25ed000 	C:\Windows\SYSTEM32\GLU32.dll
0x00007ffee7d50000 - 0x00007ffee7d88000 	C:\Windows\SYSTEM32\dxcore.dll
0x00007ffeea880000 - 0x00007ffeea898000 	C:\Windows\SYSTEM32\CRYPTSP.dll
0x00007ffeea0f0000 - 0x00007ffeea125000 	C:\Windows\system32\rsaenh.dll
0x00007ffeea730000 - 0x00007ffeea75c000 	C:\Windows\SYSTEM32\USERENV.dll
0x00007ffeeaa00000 - 0x00007ffeeaa27000 	C:\Windows\SYSTEM32\bcrypt.dll
0x00007ffeea8a0000 - 0x00007ffeea8ac000 	C:\Windows\SYSTEM32\CRYPTBASE.dll
0x0000024a86930000 - 0x0000024a86939000 	C:\Windows\System32\NSI.dll
0x00007ffee34d0000 - 0x00007ffee34e9000 	C:\Windows\SYSTEM32\dhcpcsvc6.DLL
0x00007ffee37e0000 - 0x00007ffee37fe000 	C:\Windows\SYSTEM32\dhcpcsvc.DLL
0x00007ffee9c60000 - 0x00007ffee9d47000 	C:\Windows\SYSTEM32\DNSAPI.dll
0x00007ffed1350000 - 0x00007ffed1363000 	C:\Users\joseb\AppData\Local\Temp\jogamp_0000\file_cache\jln8175891602381316689\jln11185398279151662843\natives\windows-amd64\gluegen_rt.dll
0x00007ffed6570000 - 0x00007ffed6577000 	C:\Program Files\Processing\app\resources\jdk-17.0.14+7\bin\jawt.dll
0x00007ffed2570000 - 0x00007ffed257d000 	C:\Users\joseb\AppData\Local\Temp\jogamp_0000\file_cache\jln8175891602381316689\jln11185398279151662843\natives\windows-amd64\nativewindow_awt.dll
0x00007ffecf970000 - 0x00007ffecf985000 	C:\Users\joseb\AppData\Local\Temp\jogamp_0000\file_cache\jln8175891602381316689\jln11185398279151662843\natives\windows-amd64\nativewindow_win32.dll
0x00007ffec1c20000 - 0x00007ffec1ca3000 	C:\Users\joseb\AppData\Local\Temp\jogamp_0000\file_cache\jln8175891602381316689\jln11185398279151662843\natives\windows-amd64\jogl_desktop.dll
0x00007ffea9ab0000 - 0x00007ffeaa0bb000 	C:\Program Files\Oculus\Support\oculus-runtime\libGLESv2.dll
0x00007ffee8cb0000 - 0x00007ffee8da3000 	C:\Windows\SYSTEM32\dxgi.dll
0x00007ffeaa130000 - 0x00007ffeaa168000 	C:\Program Files\Oculus\Support\oculus-runtime\libEGL.dll
0x00007ffec1bc0000 - 0x00007ffec1c12000 	C:\Users\joseb\AppData\Local\Temp\jogamp_0000\file_cache\jln8175891602381316689\jln11185398279151662843\natives\windows-amd64\jogl_mobile.dll
0x00007ffee26a0000 - 0x00007ffee26e4000 	C:\Windows\SYSTEM32\directxdatabasehelper.dll
0x00007ffeea1b0000 - 0x00007ffeea1e4000 	C:\Windows\SYSTEM32\ntmarta.dll
0x00007ffeec640000 - 0x00007ffeec6ef000 	C:\Windows\System32\clbcatq.dll
0x00007ffee1ba0000 - 0x00007ffee1e5e000 	C:\Windows\System32\iertutil.dll
0x00007ffe73c20000 - 0x00007ffe74c0a000 	C:\Windows\System32\DriverStore\FileRepository\iigd_dch.inf_amd64_7ef5070e222f32f3\igxelpicd64.dll
0x00007ffe737d0000 - 0x00007ffe73c20000 	C:\Windows\System32\DriverStore\FileRepository\iigd_dch.inf_amd64_7ef5070e222f32f3\igdml64.dll
0x00007ffed8c00000 - 0x00007ffed8fc7000 	C:\Windows\System32\DriverStore\FileRepository\iigd_dch.inf_amd64_7ef5070e222f32f3\igdgmm64.dll
0x00007ffed2750000 - 0x00007ffed5d22000 	C:\Windows\System32\DriverStore\FileRepository\iigd_dch.inf_amd64_7ef5070e222f32f3\igc64.dll
0x00007ffecf950000 - 0x00007ffecf969000 	C:\Users\joseb\AppData\Local\Temp\jogamp_0000\file_cache\jln8175891602381316689\jln11185398279151662843\natives\windows-amd64\newt_head.dll
0x00007ffee26f0000 - 0x00007ffee27a8000 	C:\Windows\SYSTEM32\mscms.dll
0x00007ffeead30000 - 0x00007ffeead7c000 	C:\Windows\SYSTEM32\cfgmgr32.dll
0x00007ffe8b430000 - 0x00007ffe8b474000 	C:\Windows\SYSTEM32\icm32.dll
0x00007ffeebb20000 - 0x00007ffeebf92000 	C:\Windows\System32\setupapi.dll
0x00007ffeeacf0000 - 0x00007ffeead23000 	C:\Windows\SYSTEM32\DEVOBJ.dll
0x00007ffeeb0d0000 - 0x00007ffeeb137000 	C:\Windows\System32\WINTRUST.dll
0x00007ffeeb230000 - 0x00007ffeeb392000 	C:\Windows\System32\CRYPT32.dll
0x00007ffeea8e0000 - 0x00007ffeea8f2000 	C:\Windows\SYSTEM32\MSASN1.dll
0x00007ffebca00000 - 0x00007ffebcb2c000 	C:\Windows\SYSTEM32\textinputframework.dll
0x00007ffee44c0000 - 0x00007ffee45f1000 	C:\Windows\SYSTEM32\CoreMessaging.dll
0x00007ffee03e0000 - 0x00007ffee074d000 	C:\Windows\SYSTEM32\CoreUIComponents.dll
0x00007ffe95930000 - 0x00007ffe959b7000 	C:\Program Files\Processing\app\resources\jdk-17.0.14+7\bin\freetype.dll
0x00007ffe95850000 - 0x00007ffe9592b000 	C:\Program Files\Processing\app\resources\jdk-17.0.14+7\bin\fontmanager.dll
0x00007ffed1f60000 - 0x00007ffed1f70000 	C:\Program Files\Processing\app\resources\jdk-17.0.14+7\bin\verify.dll
0x00007ffed14b0000 - 0x00007ffed14b9000 	C:\Program Files\Processing\app\resources\jdk-17.0.14+7\bin\extnet.dll
0x00007ffea4210000 - 0x00007ffea4227000 	C:\Windows\system32\napinsp.dll
0x00007ffea41f0000 - 0x00007ffea420b000 	C:\Windows\system32\pnrpnsp.dll
0x00007ffea4070000 - 0x00007ffea4082000 	C:\Windows\System32\winrnr.dll
0x00007ffeac110000 - 0x00007ffeac125000 	C:\Windows\system32\wshbth.dll
0x00007ffea4010000 - 0x00007ffea402f000 	C:\Windows\system32\nlansp_c.dll
0x00000000726a0000 - 0x00000000726c6000 	C:\Program Files\Bonjour\mdnsNSP.dll
0x00007ffee2090000 - 0x00007ffee209a000 	C:\Windows\System32\rasadhlp.dll
0x00007ffee2490000 - 0x00007ffee2511000 	C:\Windows\System32\fwpuclnt.dll

dbghelp: loaded successfully - version: 4.0.5 - missing functions: none
symbol engine: initialized successfully - sym options: 0x614 - pdb path: .;C:\Program Files\Processing\app\resources\jdk-17.0.14+7\bin;C:\Windows\SYSTEM32;C:\Windows\WinSxS\amd64_microsoft.windows.common-controls_6595b64144ccf1df_6.0.22000.120_none_9d947278b86cc467;C:\Program Files\Processing\app\resources\jdk-17.0.14+7\bin\server;C:\ProgramData\A-Volute\A-Volute.Nahimic\Modules\Scheduled\x64;C:\Users\joseb\AppData\Local\Temp\jogamp_0000\file_cache\jln8175891602381316689\jln11185398279151662843\natives\windows-amd64;C:\Program Files\Oculus\Support\oculus-runtime;C:\Windows\System32\DriverStore\FileRepository\iigd_dch.inf_amd64_7ef5070e222f32f3;C:\Program Files\Bonjour

VM Arguments:
jvm_args: -agentlib:jdwp=transport=dt_socket,address=8232,server=y,suspend=y,quiet=y -Djna.nosys=true -Djava.library.path=;C:\Program Files\Processing\app\resources\core\library;C:\Users\joseb\Documents\Processing\libraries\oscP5\library;C:\Program Files\Processing;C:\Windows\system32;C:\Windows;C:\Program Files\Oculus\Support\oculus-runtime;C:\Program Files\Common Files\Oracle\Java\javapath;C:\Windows\system32;C:\Windows;C:\Windows\System32\Wbem;C:\Windows\System32\WindowsPowerShell\v1.0;C:\Windows\System32\OpenSSH;C:\Program Files (x86)\NVIDIA Corporation\PhysX\Common;C:\Program Files\dotnet;C:\ProgramData\chocolatey\bin;C:\Program Files\NVIDIA Corporation\NVIDIA app\NvDLISR;C:\Program Files\Faust\bin;C:\Program Files (x86)\Heavyocity\Heavyocity Portal;C:\Program Files\Microsoft SQL Server\150\Tools\Binn;C:\Program Files\Microsoft SQL Server\Client SDK\ODBC\170\Tools\Binn;C:\Program Files (x86)\Windows Kits\10\Windows Performance Toolkit;C:\Program Files\Git\cmd;C:\Users\joseb\AppData\Local\Programs\Python\Python312\Scripts;C:\Users\joseb\AppData\Local\Programs\Python\Python312;C:\Users\joseb\AppData\Local\Programs\Python\Launcher;C:\Users\joseb\AppData\Local\Microsoft\WindowsApps;C:\Users\joseb\AppData\Local\Programs\Microsoft VS Code\bin;C:\Users\joseb\AppData\Local\GitHubDesktop\bin;C:\msys64\ucrt64\bin;C:\Program Files\Processing\app;. -ea 
java_command: processing.core.PApplet --editor-location=-7,-7 --external --display=1 --sketch-path=C:\Users\joseb\Documents\Musica & Sound\Stage\Apo33\concertInteractif concertInteractif
java_class_path (initial): C:\Users\joseb\AppData\Local\Temp\processing\concertInteractif13617464055519713587temp;C:\Program Files\Processing\app\resources\core\library\annotations-13.0.jar;C:\Program Files\Processing\app\resources\core\library\antlr-2.7.7.jar;C:\Program Files\Processing\app\resources\core\library\core-4.4.1.jar;C:\Program Files\Processing\app\resources\core\library\gluegen-rt-2.5.0-natives-android-aarch64.jar;C:\Program Files\Processing\app\resources\core\library\gluegen-rt-2.5.0-natives-linux-aarch64.jar;C:\Program Files\Processing\app\resources\core\library\gluegen-rt-2.5.0-natives-linux-amd64.jar;C:\Program Files\Processing\app\resources\core\library\gluegen-rt-2.5.0-natives-linux-armv6hf.jar;C:\Program Files\Processing\app\resources\core\library\gluegen-rt-2.5.0-natives-macosx-universal.jar;C:\Program Files\Processing\app\resources\core\library\gluegen-rt-2.5.0-natives-windows-amd64.jar;C:\Program Files\Processing\app\resources\core\library\gluegen-rt-2.5.0.jar;C:\Program Files\Processing\app\resources\core\library\gluegen-rt-main-2.5.0.jar;C:\Program Files\Processing\app\resources\core\library\jogl-all-2.5.0-natives-android-aarch64.jar;C:\Program Files\Processing\app\resources\core\library\jogl-all-2.5.0-natives-linux-aarch64.jar;C:\Program Files\Processing\app\resources\core\library\jogl-all-2.5.0-natives-linux-amd64.jar;C:\Program Files\Processing\app\resources\core\library\jogl-all-2.5.0-natives-linux-armv6hf.jar;C:\Program Files\Processing\app\resources\core\library\jogl-all-2.5.0-natives-macosx-universal.jar;C:\Program Files\Processing\app\resources\core\library\jogl-all-2.5.0-natives-windows-amd64.jar;C:\Program Files\Processing\app\resources\core\library\jogl-all-2.5.0.jar;C:\Program Files\Processing\app\resources\core\library\jogl-all-main-2.5.0.jar;C:\Program Files\Processing\app\resources\core\library\kotlin-stdlib-2.0.20.jar;C:\Users\joseb\Documents\Processing\libraries\oscP5\library\oscP5.jar
Launcher Type: SUN_STANDARD

[Global flags]
     intx CICompilerCount                          = 12                                        {product} {ergonomic}
     uint ConcGCThreads                            = 4                                         {product} {ergonomic}
     uint G1ConcRefinementThreads                  = 15                                        {product} {ergonomic}
   size_t G1HeapRegionSize                         = 4194304                                   {product} {ergonomic}
    uintx GCDrainStackTargetSize                   = 64                                        {product} {ergonomic}
   size_t InitialHeapSize                          = 532676608                                 {product} {ergonomic}
   size_t MarkStackSize                            = 4194304                                   {product} {ergonomic}
   size_t MaxHeapSize                              = 8514437120                                {product} {ergonomic}
   size_t MaxNewSize                               = 5108662272                                {product} {ergonomic}
   size_t MinHeapDeltaBytes                        = 4194304                                   {product} {ergonomic}
   size_t MinHeapSize                              = 8388608                                   {product} {ergonomic}
    uintx NonNMethodCodeHeapSize                   = 7602480                                {pd product} {ergonomic}
    uintx NonProfiledCodeHeapSize                  = 122027880                              {pd product} {ergonomic}
    uintx ProfiledCodeHeapSize                     = 122027880                              {pd product} {ergonomic}
    uintx ReservedCodeCacheSize                    = 251658240                              {pd product} {ergonomic}
     bool SegmentedCodeCache                       = true                                      {product} {ergonomic}
   size_t SoftMaxHeapSize                          = 8514437120                             {manageable} {ergonomic}
     bool UseCompressedClassPointers               = true                           {product lp64_product} {ergonomic}
     bool UseCompressedOops                        = true                           {product lp64_product} {ergonomic}
     bool UseG1GC                                  = true                                      {product} {ergonomic}
     bool UseLargePagesIndividualAllocation        = false                                  {pd product} {ergonomic}

Logging:
Log output configuration:
 #0: stdout all=off uptime,level,tags
 #1: stderr all=off uptime,level,tags

Environment Variables:
JAVA_HOME=C:\Program Files\Processing\runtime
PATH=C:\Program Files\Oculus\Support\oculus-runtime;C:\Program Files\Common Files\Oracle\Java\javapath;C:\Windows\system32;C:\Windows;C:\Windows\System32\Wbem;C:\Windows\System32\WindowsPowerShell\v1.0\;C:\Windows\System32\OpenSSH\;C:\Program Files (x86)\NVIDIA Corporation\PhysX\Common;C:\Program Files\dotnet\;C:\ProgramData\chocolatey\bin;C:\Program Files\NVIDIA Corporation\NVIDIA app\NvDLISR;C:\Program Files\Faust\bin;C:\Program Files (x86)\Heavyocity\Heavyocity Portal;C:\Program Files\Microsoft SQL Server\150\Tools\Binn\;C:\Program Files\Microsoft SQL Server\Client SDK\ODBC\170\Tools\Binn\;C:\Program Files (x86)\Windows Kits\10\Windows Performance Toolkit\;C:\Program Files\Git\cmd;C:\Users\joseb\AppData\Local\Programs\Python\Python312\Scripts\;C:\Users\joseb\AppData\Local\Programs\Python\Python312\;C:\Users\joseb\AppData\Local\Programs\Python\Launcher\;C:\Users\joseb\AppData\Local\Microsoft\WindowsApps;C:\Users\joseb\AppData\Local\Programs\Microsoft VS Code\bin;C:\Users\joseb\AppData\Local\GitHubDesktop\bin;C:\msys64\ucrt64\bin;C:\Users\joseb\.dotnet\tools;C:\Program Files\Processing\app
USERNAME=joseb
OS=Windows_NT
PROCESSOR_IDENTIFIER=Intel64 Family 6 Model 154 Stepping 3, GenuineIntel
TMP=C:\Users\joseb\AppData\Local\Temp
TEMP=C:\Users\joseb\AppData\Local\Temp



Periodic native trim disabled


---------------  S Y S T E M  ---------------

OS:
 Windows 11 , 64 bit Build 22000 (10.0.22000.2538)
OS uptime: 0 days 2:22 hours
Hyper-V role detected

CPU: total 20 (initial active 20) (10 cores per cpu, 2 threads per core) family 6 model 154 stepping 3 microcode 0x413, cx8, cmov, fxsr, ht, mmx, 3dnowpref, sse, sse2, sse3, ssse3, sse4.1, sse4.2, popcnt, lzcnt, tsc, tscinvbit, avx, avx2, aes, erms, clmul, bmi1, bmi2, adx, sha, fma, vzeroupper, clflush, clflushopt, clwb, hv
Processor Information for processor 0
  Max Mhz: 2700, Current Mhz: 2700, Mhz Limit: 1971
Processor Information for processor 1
  Max Mhz: 2700, Current Mhz: 2700, Mhz Limit: 2700
Processor Information for processor 2
  Max Mhz: 2700, Current Mhz: 2700, Mhz Limit: 2700
Processor Information for processor 3
  Max Mhz: 2700, Current Mhz: 2700, Mhz Limit: 2700
Processor Information for processor 4
  Max Mhz: 2700, Current Mhz: 2700, Mhz Limit: 2700
Processor Information for processor 5
  Max Mhz: 2700, Current Mhz: 2700, Mhz Limit: 2700
Processor Information for processor 6
  Max Mhz: 2700, Current Mhz: 2700, Mhz Limit: 2700
Processor Information for processor 7
  Max Mhz: 2700, Current Mhz: 2700, Mhz Limit: 2700
Processor Information for processor 8
  Max Mhz: 2700, Current Mhz: 2700, Mhz Limit: 2700
Processor Information for processor 9
  Max Mhz: 2700, Current Mhz: 2700, Mhz Limit: 2700
Processor Information for processor 10
  Max Mhz: 2700, Current Mhz: 2700, Mhz Limit: 2700
Processor Information for processor 11
  Max Mhz: 2700, Current Mhz: 2700, Mhz Limit: 2700
Processor Information for processor 12
  Max Mhz: 2700, Current Mhz: 1995, Mhz Limit: 1971
Processor Information for processor 13
  Max Mhz: 2700, Current Mhz: 1995, Mhz Limit: 1971
Processor Information for processor 14
  Max Mhz: 2700, Current Mhz: 1995, Mhz Limit: 1971
Processor Information for processor 15
  Max Mhz: 2700, Current Mhz: 1995, Mhz Limit: 1971
Processor Information for processor 16
  Max Mhz: 2700, Current Mhz: 1995, Mhz Limit: 1971
Processor Information for processor 17
  Max Mhz: 2700, Current Mhz: 1995, Mhz Limit: 1971
Processor Information for processor 18
  Max Mhz: 2700, Current Mhz: 1995, Mhz Limit: 1971
Processor Information for processor 19
  Max Mhz: 2700, Current Mhz: 1995, Mhz Limit: 1971

Memory: 4k page, system-wide physical 32468M (18007M free)
TotalPageFile size 34516M (AvailPageFile size 17137M)
current process WorkingSet (physical memory assigned to process): 643M, peak: 657M
current process commit charge ("private bytes"): 834M, peak: 865M

vm_info: OpenJDK 64-Bit Server VM (17.0.14+7) for windows-amd64 JRE (17.0.14+7), built on Jan 21 2025 23:40:15 by "admin" with MS VC++ 17.7 (VS2022)

END.
